[2024-11-05T23:45:58.536+0000] {local_task_job_runner.py:123} INFO - ::group::Pre task execution logs
[2024-11-05T23:45:58.550+0000] {taskinstance.py:2603} INFO - Dependencies all met for dep_context=non-requeueable deps ti=<TaskInstance: cotahist_etl.transform_and_enrich manual__2024-11-05T23:39:30.168343+00:00 [queued]>
[2024-11-05T23:45:58.568+0000] {taskinstance.py:2603} INFO - Dependencies all met for dep_context=requeueable deps ti=<TaskInstance: cotahist_etl.transform_and_enrich manual__2024-11-05T23:39:30.168343+00:00 [queued]>
[2024-11-05T23:45:58.570+0000] {taskinstance.py:2856} INFO - Starting attempt 1 of 1
[2024-11-05T23:45:58.583+0000] {taskinstance.py:2879} INFO - Executing <Task(PythonOperator): transform_and_enrich> on 2024-11-05 23:39:30.168343+00:00
[2024-11-05T23:45:58.591+0000] {warnings.py:112} WARNING - /home/***/.local/lib/python3.12/site-packages/***/task/task_runner/standard_task_runner.py:70: DeprecationWarning: This process (pid=733) is multi-threaded, use of fork() may lead to deadlocks in the child.
  pid = os.fork()

[2024-11-05T23:45:58.593+0000] {standard_task_runner.py:72} INFO - Started process 735 to run task
[2024-11-05T23:45:58.593+0000] {standard_task_runner.py:104} INFO - Running: ['***', 'tasks', 'run', 'cotahist_etl', 'transform_and_enrich', 'manual__2024-11-05T23:39:30.168343+00:00', '--job-id', '27', '--raw', '--subdir', 'DAGS_FOLDER/cargab3.py', '--cfg-path', '/tmp/tmpq49gksg9']
[2024-11-05T23:45:58.594+0000] {standard_task_runner.py:105} INFO - Job 27: Subtask transform_and_enrich
[2024-11-05T23:45:58.633+0000] {task_command.py:467} INFO - Running <TaskInstance: cotahist_etl.transform_and_enrich manual__2024-11-05T23:39:30.168343+00:00 [running]> on host 0e811c25cd9f
[2024-11-05T23:45:58.703+0000] {taskinstance.py:3122} INFO - Exporting env vars: AIRFLOW_CTX_DAG_OWNER='***' AIRFLOW_CTX_DAG_ID='cotahist_etl' AIRFLOW_CTX_TASK_ID='transform_and_enrich' AIRFLOW_CTX_EXECUTION_DATE='2024-11-05T23:39:30.168343+00:00' AIRFLOW_CTX_TRY_NUMBER='1' AIRFLOW_CTX_DAG_RUN_ID='manual__2024-11-05T23:39:30.168343+00:00'
[2024-11-05T23:45:58.704+0000] {logging_mixin.py:190} INFO - Task instance is in running state
[2024-11-05T23:45:58.704+0000] {logging_mixin.py:190} INFO -  Previous state of the Task instance: queued
[2024-11-05T23:45:58.705+0000] {logging_mixin.py:190} INFO - Current task name:transform_and_enrich state:running start_date:2024-11-05 23:45:58.560328+00:00
[2024-11-05T23:45:58.705+0000] {logging_mixin.py:190} INFO - Dag name:cotahist_etl and current dag run status:running
[2024-11-05T23:45:58.706+0000] {taskinstance.py:731} INFO - ::endgroup::
[2024-11-05T23:45:58.713+0000] {base.py:84} INFO - Retrieving connection 'postgres_default'
[2024-11-05T23:45:58.723+0000] {cargab3.py:180} INFO - Dados transformados e enriquecidos com sucesso.
[2024-11-05T23:45:58.724+0000] {python.py:240} INFO - Done. Returned value was: None
[2024-11-05T23:45:58.732+0000] {taskinstance.py:340} INFO - ::group::Post task execution logs
[2024-11-05T23:45:58.733+0000] {taskinstance.py:352} INFO - Marking task as SUCCESS. dag_id=cotahist_etl, task_id=transform_and_enrich, run_id=manual__2024-11-05T23:39:30.168343+00:00, execution_date=20241105T233930, start_date=20241105T234558, end_date=20241105T234558
[2024-11-05T23:45:58.742+0000] {logging_mixin.py:190} INFO - Task instance in success state
[2024-11-05T23:45:58.743+0000] {logging_mixin.py:190} INFO -  Previous state of the Task instance: running
[2024-11-05T23:45:58.744+0000] {logging_mixin.py:190} INFO - Dag name:cotahist_etl queued_at:2024-11-05 23:39:30.206157+00:00
[2024-11-05T23:45:58.744+0000] {logging_mixin.py:190} INFO - Task hostname:0e811c25cd9f operator:PythonOperator
[2024-11-05T23:45:58.768+0000] {local_task_job_runner.py:261} INFO - Task exited with return code 0
[2024-11-05T23:45:58.810+0000] {taskinstance.py:3891} INFO - 0 downstream tasks scheduled from follow-on schedule check
[2024-11-05T23:45:58.812+0000] {local_task_job_runner.py:240} INFO - ::endgroup::
