[2024-11-05T23:58:41.283+0000] {local_task_job_runner.py:123} INFO - ::group::Pre task execution logs
[2024-11-05T23:58:41.302+0000] {taskinstance.py:2603} INFO - Dependencies all met for dep_context=non-requeueable deps ti=<TaskInstance: cotahist_etl.extract manual__2024-11-05T23:58:37.077283+00:00 [queued]>
[2024-11-05T23:58:41.313+0000] {taskinstance.py:2603} INFO - Dependencies all met for dep_context=requeueable deps ti=<TaskInstance: cotahist_etl.extract manual__2024-11-05T23:58:37.077283+00:00 [queued]>
[2024-11-05T23:58:41.315+0000] {taskinstance.py:2856} INFO - Starting attempt 1 of 1
[2024-11-05T23:58:41.334+0000] {taskinstance.py:2879} INFO - Executing <Task(PythonOperator): extract> on 2024-11-05 23:58:37.077283+00:00
[2024-11-05T23:58:41.348+0000] {standard_task_runner.py:104} INFO - Running: ['***', 'tasks', 'run', 'cotahist_etl', 'extract', 'manual__2024-11-05T23:58:37.077283+00:00', '--job-id', '63', '--raw', '--subdir', 'DAGS_FOLDER/cargab3.py', '--cfg-path', '/tmp/tmpa4v1wfs1']
[2024-11-05T23:58:41.349+0000] {warnings.py:112} WARNING - /home/***/.local/lib/python3.12/site-packages/***/task/task_runner/standard_task_runner.py:70: DeprecationWarning: This process (pid=69) is multi-threaded, use of fork() may lead to deadlocks in the child.
  pid = os.fork()

[2024-11-05T23:58:41.351+0000] {standard_task_runner.py:105} INFO - Job 63: Subtask extract
[2024-11-05T23:58:41.351+0000] {standard_task_runner.py:72} INFO - Started process 71 to run task
[2024-11-05T23:58:41.541+0000] {task_command.py:467} INFO - Running <TaskInstance: cotahist_etl.extract manual__2024-11-05T23:58:37.077283+00:00 [running]> on host 65428f9e2553
[2024-11-05T23:58:41.674+0000] {taskinstance.py:3122} INFO - Exporting env vars: AIRFLOW_CTX_DAG_OWNER='***' AIRFLOW_CTX_DAG_ID='cotahist_etl' AIRFLOW_CTX_TASK_ID='extract' AIRFLOW_CTX_EXECUTION_DATE='2024-11-05T23:58:37.077283+00:00' AIRFLOW_CTX_TRY_NUMBER='1' AIRFLOW_CTX_DAG_RUN_ID='manual__2024-11-05T23:58:37.077283+00:00'
[2024-11-05T23:58:41.699+0000] {logging_mixin.py:190} INFO - Task instance is in running state
[2024-11-05T23:58:41.703+0000] {logging_mixin.py:190} INFO -  Previous state of the Task instance: queued
[2024-11-05T23:58:41.710+0000] {logging_mixin.py:190} INFO - Current task name:extract state:running start_date:2024-11-05 23:58:41.304077+00:00
[2024-11-05T23:58:41.717+0000] {logging_mixin.py:190} INFO - Dag name:cotahist_etl and current dag run status:running
[2024-11-05T23:58:41.720+0000] {taskinstance.py:731} INFO - ::endgroup::
[2024-11-05T23:58:41.758+0000] {cargab3.py:15} INFO - Iniciando a extração e carregamento...
[2024-11-05T23:58:41.761+0000] {cargab3.py:27} INFO - Processando arquivo: /opt/***/files/COTAHIST_A2022.txt
[2024-11-05T23:58:41.976+0000] {cargab3.py:34} INFO - Lendo um bloco de dados...
[2024-11-05T23:58:42.277+0000] {cargab3.py:34} INFO - Lendo um bloco de dados...
[2024-11-05T23:58:42.529+0000] {cargab3.py:34} INFO - Lendo um bloco de dados...
[2024-11-05T23:58:42.802+0000] {cargab3.py:34} INFO - Lendo um bloco de dados...
[2024-11-05T23:58:43.097+0000] {cargab3.py:34} INFO - Lendo um bloco de dados...
[2024-11-05T23:58:43.420+0000] {cargab3.py:34} INFO - Lendo um bloco de dados...
[2024-11-05T23:58:43.742+0000] {cargab3.py:34} INFO - Lendo um bloco de dados...
[2024-11-05T23:58:43.980+0000] {cargab3.py:34} INFO - Lendo um bloco de dados...
[2024-11-05T23:58:44.352+0000] {cargab3.py:34} INFO - Lendo um bloco de dados...
[2024-11-05T23:58:44.621+0000] {cargab3.py:34} INFO - Lendo um bloco de dados...
[2024-11-05T23:58:44.859+0000] {cargab3.py:34} INFO - Lendo um bloco de dados...
[2024-11-05T23:58:45.103+0000] {cargab3.py:34} INFO - Lendo um bloco de dados...
[2024-11-05T23:58:45.323+0000] {cargab3.py:34} INFO - Lendo um bloco de dados...
[2024-11-05T23:58:45.579+0000] {cargab3.py:34} INFO - Lendo um bloco de dados...
[2024-11-05T23:58:45.852+0000] {cargab3.py:34} INFO - Lendo um bloco de dados...
[2024-11-05T23:58:46.120+0000] {cargab3.py:34} INFO - Lendo um bloco de dados...
[2024-11-05T23:58:46.397+0000] {cargab3.py:34} INFO - Lendo um bloco de dados...
[2024-11-05T23:58:46.629+0000] {cargab3.py:34} INFO - Lendo um bloco de dados...
[2024-11-05T23:58:46.870+0000] {cargab3.py:34} INFO - Lendo um bloco de dados...
[2024-11-05T23:58:47.112+0000] {cargab3.py:34} INFO - Lendo um bloco de dados...
[2024-11-05T23:58:47.329+0000] {cargab3.py:34} INFO - Lendo um bloco de dados...
[2024-11-05T23:58:47.884+0000] {cargab3.py:34} INFO - Lendo um bloco de dados...
[2024-11-05T23:58:48.136+0000] {cargab3.py:34} INFO - Lendo um bloco de dados...
[2024-11-05T23:58:48.350+0000] {cargab3.py:34} INFO - Lendo um bloco de dados...
[2024-11-05T23:58:48.595+0000] {cargab3.py:34} INFO - Lendo um bloco de dados...
[2024-11-05T23:58:48.817+0000] {cargab3.py:34} INFO - Lendo um bloco de dados...
[2024-11-05T23:58:49.090+0000] {cargab3.py:34} INFO - Lendo um bloco de dados...
[2024-11-05T23:58:49.308+0000] {cargab3.py:34} INFO - Lendo um bloco de dados...
[2024-11-05T23:58:49.526+0000] {cargab3.py:34} INFO - Lendo um bloco de dados...
[2024-11-05T23:58:49.773+0000] {cargab3.py:34} INFO - Lendo um bloco de dados...
[2024-11-05T23:58:50.206+0000] {cargab3.py:34} INFO - Lendo um bloco de dados...
[2024-11-05T23:58:50.399+0000] {cargab3.py:34} INFO - Lendo um bloco de dados...
[2024-11-05T23:58:50.635+0000] {cargab3.py:34} INFO - Lendo um bloco de dados...
[2024-11-05T23:58:50.879+0000] {cargab3.py:34} INFO - Lendo um bloco de dados...
[2024-11-05T23:58:51.131+0000] {cargab3.py:34} INFO - Lendo um bloco de dados...
[2024-11-05T23:58:51.490+0000] {cargab3.py:34} INFO - Lendo um bloco de dados...
[2024-11-05T23:58:51.726+0000] {cargab3.py:34} INFO - Lendo um bloco de dados...
[2024-11-05T23:58:52.020+0000] {cargab3.py:34} INFO - Lendo um bloco de dados...
[2024-11-05T23:58:52.279+0000] {cargab3.py:34} INFO - Lendo um bloco de dados...
[2024-11-05T23:58:52.523+0000] {cargab3.py:34} INFO - Lendo um bloco de dados...
[2024-11-05T23:58:52.731+0000] {cargab3.py:34} INFO - Lendo um bloco de dados...
[2024-11-05T23:58:52.976+0000] {cargab3.py:34} INFO - Lendo um bloco de dados...
[2024-11-05T23:58:53.233+0000] {cargab3.py:34} INFO - Lendo um bloco de dados...
[2024-11-05T23:58:53.504+0000] {cargab3.py:34} INFO - Lendo um bloco de dados...
[2024-11-05T23:58:53.754+0000] {cargab3.py:34} INFO - Lendo um bloco de dados...
[2024-11-05T23:58:54.000+0000] {cargab3.py:34} INFO - Lendo um bloco de dados...
[2024-11-05T23:58:54.288+0000] {cargab3.py:34} INFO - Lendo um bloco de dados...
[2024-11-05T23:58:54.515+0000] {cargab3.py:34} INFO - Lendo um bloco de dados...
[2024-11-05T23:58:54.824+0000] {cargab3.py:34} INFO - Lendo um bloco de dados...
[2024-11-05T23:58:55.063+0000] {cargab3.py:34} INFO - Lendo um bloco de dados...
[2024-11-05T23:58:55.304+0000] {cargab3.py:34} INFO - Lendo um bloco de dados...
[2024-11-05T23:58:55.579+0000] {cargab3.py:34} INFO - Lendo um bloco de dados...
[2024-11-05T23:58:55.872+0000] {cargab3.py:34} INFO - Lendo um bloco de dados...
[2024-11-05T23:58:56.155+0000] {cargab3.py:34} INFO - Lendo um bloco de dados...
[2024-11-05T23:58:56.456+0000] {cargab3.py:34} INFO - Lendo um bloco de dados...
[2024-11-05T23:58:56.722+0000] {cargab3.py:34} INFO - Lendo um bloco de dados...
[2024-11-05T23:58:57.206+0000] {cargab3.py:34} INFO - Lendo um bloco de dados...
[2024-11-05T23:58:57.532+0000] {cargab3.py:34} INFO - Lendo um bloco de dados...
[2024-11-05T23:58:57.790+0000] {cargab3.py:34} INFO - Lendo um bloco de dados...
[2024-11-05T23:58:58.060+0000] {cargab3.py:34} INFO - Lendo um bloco de dados...
[2024-11-05T23:58:58.331+0000] {cargab3.py:34} INFO - Lendo um bloco de dados...
[2024-11-05T23:58:58.604+0000] {cargab3.py:34} INFO - Lendo um bloco de dados...
[2024-11-05T23:58:58.872+0000] {cargab3.py:34} INFO - Lendo um bloco de dados...
[2024-11-05T23:58:59.169+0000] {cargab3.py:34} INFO - Lendo um bloco de dados...
[2024-11-05T23:58:59.452+0000] {cargab3.py:34} INFO - Lendo um bloco de dados...
[2024-11-05T23:58:59.679+0000] {cargab3.py:34} INFO - Lendo um bloco de dados...
[2024-11-05T23:58:59.953+0000] {cargab3.py:34} INFO - Lendo um bloco de dados...
[2024-11-05T23:59:00.230+0000] {cargab3.py:34} INFO - Lendo um bloco de dados...
[2024-11-05T23:59:00.466+0000] {cargab3.py:34} INFO - Lendo um bloco de dados...
[2024-11-05T23:59:00.726+0000] {cargab3.py:34} INFO - Lendo um bloco de dados...
[2024-11-05T23:59:01.122+0000] {cargab3.py:34} INFO - Lendo um bloco de dados...
[2024-11-05T23:59:01.384+0000] {cargab3.py:34} INFO - Lendo um bloco de dados...
[2024-11-05T23:59:01.640+0000] {cargab3.py:34} INFO - Lendo um bloco de dados...
[2024-11-05T23:59:01.896+0000] {cargab3.py:34} INFO - Lendo um bloco de dados...
[2024-11-05T23:59:02.174+0000] {cargab3.py:34} INFO - Lendo um bloco de dados...
[2024-11-05T23:59:02.420+0000] {cargab3.py:34} INFO - Lendo um bloco de dados...
[2024-11-05T23:59:02.723+0000] {cargab3.py:34} INFO - Lendo um bloco de dados...
[2024-11-05T23:59:02.946+0000] {cargab3.py:34} INFO - Lendo um bloco de dados...
[2024-11-05T23:59:03.190+0000] {cargab3.py:34} INFO - Lendo um bloco de dados...
[2024-11-05T23:59:03.452+0000] {cargab3.py:34} INFO - Lendo um bloco de dados...
[2024-11-05T23:59:03.738+0000] {cargab3.py:34} INFO - Lendo um bloco de dados...
[2024-11-05T23:59:04.025+0000] {cargab3.py:34} INFO - Lendo um bloco de dados...
[2024-11-05T23:59:04.286+0000] {cargab3.py:34} INFO - Lendo um bloco de dados...
[2024-11-05T23:59:04.511+0000] {cargab3.py:34} INFO - Lendo um bloco de dados...
[2024-11-05T23:59:04.779+0000] {cargab3.py:34} INFO - Lendo um bloco de dados...
[2024-11-05T23:59:05.005+0000] {cargab3.py:34} INFO - Lendo um bloco de dados...
[2024-11-05T23:59:05.276+0000] {cargab3.py:34} INFO - Lendo um bloco de dados...
[2024-11-05T23:59:05.587+0000] {cargab3.py:34} INFO - Lendo um bloco de dados...
[2024-11-05T23:59:05.917+0000] {cargab3.py:34} INFO - Lendo um bloco de dados...
[2024-11-05T23:59:06.178+0000] {cargab3.py:34} INFO - Lendo um bloco de dados...
[2024-11-05T23:59:06.521+0000] {cargab3.py:34} INFO - Lendo um bloco de dados...
[2024-11-05T23:59:06.761+0000] {cargab3.py:34} INFO - Lendo um bloco de dados...
[2024-11-05T23:59:06.999+0000] {cargab3.py:34} INFO - Lendo um bloco de dados...
[2024-11-05T23:59:07.218+0000] {cargab3.py:34} INFO - Lendo um bloco de dados...
[2024-11-05T23:59:07.517+0000] {cargab3.py:34} INFO - Lendo um bloco de dados...
[2024-11-05T23:59:07.720+0000] {cargab3.py:34} INFO - Lendo um bloco de dados...
[2024-11-05T23:59:07.976+0000] {cargab3.py:34} INFO - Lendo um bloco de dados...
[2024-11-05T23:59:08.242+0000] {cargab3.py:34} INFO - Lendo um bloco de dados...
[2024-11-05T23:59:08.582+0000] {cargab3.py:34} INFO - Lendo um bloco de dados...
[2024-11-05T23:59:08.935+0000] {cargab3.py:34} INFO - Lendo um bloco de dados...
[2024-11-05T23:59:10.095+0000] {local_task_job_runner.py:261} INFO - Task exited with return code -9For more information, see https://***.apache.org/docs/apache-***/stable/troubleshooting.html#LocalTaskJob-killed
[2024-11-05T23:59:10.260+0000] {taskinstance.py:3891} INFO - 0 downstream tasks scheduled from follow-on schedule check
[2024-11-05T23:59:10.262+0000] {local_task_job_runner.py:240} INFO - ::endgroup::
