[2024-11-06T18:08:37.480+0000] {local_task_job_runner.py:123} INFO - ::group::Pre task execution logs
[2024-11-06T18:08:37.516+0000] {taskinstance.py:2603} INFO - Dependencies all met for dep_context=non-requeueable deps ti=<TaskInstance: cotahist_etl.extrair manual__2024-11-06T18:08:32.898595+00:00 [queued]>
[2024-11-06T18:08:37.536+0000] {taskinstance.py:2603} INFO - Dependencies all met for dep_context=requeueable deps ti=<TaskInstance: cotahist_etl.extrair manual__2024-11-06T18:08:32.898595+00:00 [queued]>
[2024-11-06T18:08:37.539+0000] {taskinstance.py:2856} INFO - Starting attempt 1 of 1
[2024-11-06T18:08:37.579+0000] {taskinstance.py:2879} INFO - Executing <Task(PythonOperator): extrair> on 2024-11-06 18:08:32.898595+00:00
[2024-11-06T18:08:37.599+0000] {warnings.py:112} WARNING - /home/***/.local/lib/python3.12/site-packages/***/task/task_runner/standard_task_runner.py:70: DeprecationWarning: This process (pid=236) is multi-threaded, use of fork() may lead to deadlocks in the child.
  pid = os.fork()

[2024-11-06T18:08:37.601+0000] {standard_task_runner.py:72} INFO - Started process 238 to run task
[2024-11-06T18:08:37.601+0000] {standard_task_runner.py:104} INFO - Running: ['***', 'tasks', 'run', 'cotahist_etl', 'extrair', 'manual__2024-11-06T18:08:32.898595+00:00', '--job-id', '13', '--raw', '--subdir', 'DAGS_FOLDER/ETL.py', '--cfg-path', '/tmp/tmpl_flldkc']
[2024-11-06T18:08:37.603+0000] {standard_task_runner.py:105} INFO - Job 13: Subtask extrair
[2024-11-06T18:08:37.673+0000] {task_command.py:467} INFO - Running <TaskInstance: cotahist_etl.extrair manual__2024-11-06T18:08:32.898595+00:00 [running]> on host b4976cff1a61
[2024-11-06T18:08:37.803+0000] {taskinstance.py:3122} INFO - Exporting env vars: AIRFLOW_CTX_DAG_OWNER='***' AIRFLOW_CTX_DAG_ID='cotahist_etl' AIRFLOW_CTX_TASK_ID='extrair' AIRFLOW_CTX_EXECUTION_DATE='2024-11-06T18:08:32.898595+00:00' AIRFLOW_CTX_TRY_NUMBER='1' AIRFLOW_CTX_DAG_RUN_ID='manual__2024-11-06T18:08:32.898595+00:00'
[2024-11-06T18:08:37.806+0000] {logging_mixin.py:190} INFO - Task instance is in running state
[2024-11-06T18:08:37.806+0000] {logging_mixin.py:190} INFO -  Previous state of the Task instance: queued
[2024-11-06T18:08:37.807+0000] {logging_mixin.py:190} INFO - Current task name:extrair state:running start_date:2024-11-06 18:08:37.517734+00:00
[2024-11-06T18:08:37.808+0000] {logging_mixin.py:190} INFO - Dag name:cotahist_etl and current dag run status:running
[2024-11-06T18:08:37.809+0000] {taskinstance.py:731} INFO - ::endgroup::
[2024-11-06T18:08:38.734+0000] {base.py:84} INFO - Retrieving connection 'postgres_default'
[2024-11-06T18:08:42.709+0000] {taskinstance.py:3301} ERROR - Task failed with exception
Traceback (most recent call last):
  File "/home/airflow/.local/lib/python3.12/site-packages/airflow/models/taskinstance.py", line 767, in _execute_task
    result = _execute_callable(context=context, **execute_callable_kwargs)
             ^^^^^^^^^^^^^^^^^^^^^^^^^^^^^^^^^^^^^^^^^^^^^^^^^^^^^^^^^^^^^
  File "/home/airflow/.local/lib/python3.12/site-packages/airflow/models/taskinstance.py", line 733, in _execute_callable
    return ExecutionCallableRunner(
           ^^^^^^^^^^^^^^^^^^^^^^^^
  File "/home/airflow/.local/lib/python3.12/site-packages/airflow/utils/operator_helpers.py", line 252, in run
    return self.func(*args, **kwargs)
           ^^^^^^^^^^^^^^^^^^^^^^^^^^
  File "/home/airflow/.local/lib/python3.12/site-packages/airflow/models/baseoperator.py", line 406, in wrapper
    return func(self, *args, **kwargs)
           ^^^^^^^^^^^^^^^^^^^^^^^^^^^
  File "/home/airflow/.local/lib/python3.12/site-packages/airflow/operators/python.py", line 238, in execute
    return_value = self.execute_callable()
                   ^^^^^^^^^^^^^^^^^^^^^^^
  File "/home/airflow/.local/lib/python3.12/site-packages/airflow/operators/python.py", line 256, in execute_callable
    return runner.run(*self.op_args, **self.op_kwargs)
           ^^^^^^^^^^^^^^^^^^^^^^^^^^^^^^^^^^^^^^^^^^^
  File "/home/airflow/.local/lib/python3.12/site-packages/airflow/utils/operator_helpers.py", line 252, in run
    return self.func(*args, **kwargs)
           ^^^^^^^^^^^^^^^^^^^^^^^^^^
  File "/opt/airflow/dags/ETL.py", line 104, in extrair
    carregar_stage(chunk.to_dict(orient='records'))
  File "/opt/airflow/dags/ETL.py", line 13, in carregar_stage
    conn = obter_conexao_db()
           ^^^^^^^^^^^^^^^^^^
  File "/opt/airflow/dags/ETL.py", line 10, in obter_conexao_db
    return hook.get_conn()
           ^^^^^^^^^^^^^^^
  File "/home/airflow/.local/lib/python3.12/site-packages/airflow/providers/postgres/hooks/postgres.py", line 176, in get_conn
    self.conn = psycopg2.connect(**conn_args)
                ^^^^^^^^^^^^^^^^^^^^^^^^^^^^^
  File "/home/airflow/.local/lib/python3.12/site-packages/psycopg2/__init__.py", line 122, in connect
    conn = _connect(dsn, connection_factory=connection_factory, **kwasync)
           ^^^^^^^^^^^^^^^^^^^^^^^^^^^^^^^^^^^^^^^^^^^^^^^^^^^^^^^^^^^^^^^
psycopg2.OperationalError: could not translate host name "***" to address: Name or service not known

[2024-11-06T18:08:42.769+0000] {logging_mixin.py:190} INFO - Task instance in failure state
[2024-11-06T18:08:42.770+0000] {logging_mixin.py:190} INFO - Task start:2024-11-06 18:08:37.517734+00:00 end:2024-11-06 18:08:42.766566+00:00 duration:5.248832
[2024-11-06T18:08:42.771+0000] {logging_mixin.py:190} INFO - Task:<Task(PythonOperator): extrair> dag:<DAG: cotahist_etl> dagrun:<DagRun cotahist_etl @ 2024-11-06 18:08:32.898595+00:00: manual__2024-11-06T18:08:32.898595+00:00, state:running, queued_at: 2024-11-06 18:08:33.018000+00:00. externally triggered: True>
[2024-11-06T18:08:42.772+0000] {logging_mixin.py:190} INFO - Failure caused by could not translate host name "***" to address: Name or service not known
[2024-11-06T18:08:42.772+0000] {taskinstance.py:1225} INFO - Marking task as FAILED. dag_id=cotahist_etl, task_id=extrair, run_id=manual__2024-11-06T18:08:32.898595+00:00, execution_date=20241106T180832, start_date=20241106T180837, end_date=20241106T180842
[2024-11-06T18:08:42.805+0000] {taskinstance.py:340} INFO - ::group::Post task execution logs
[2024-11-06T18:08:42.806+0000] {standard_task_runner.py:124} ERROR - Failed to execute job 13 for task extrair (could not translate host name "***" to address: Name or service not known
; 238)
Traceback (most recent call last):
  File "/home/airflow/.local/lib/python3.12/site-packages/airflow/task/task_runner/standard_task_runner.py", line 117, in _start_by_fork
    ret = args.func(args, dag=self.dag)
          ^^^^^^^^^^^^^^^^^^^^^^^^^^^^^
  File "/home/airflow/.local/lib/python3.12/site-packages/airflow/cli/cli_config.py", line 49, in command
    return func(*args, **kwargs)
           ^^^^^^^^^^^^^^^^^^^^^
  File "/home/airflow/.local/lib/python3.12/site-packages/airflow/utils/cli.py", line 115, in wrapper
    return f(*args, **kwargs)
           ^^^^^^^^^^^^^^^^^^
  File "/home/airflow/.local/lib/python3.12/site-packages/airflow/cli/commands/task_command.py", line 483, in task_run
    task_return_code = _run_task_by_selected_method(args, _dag, ti)
                       ^^^^^^^^^^^^^^^^^^^^^^^^^^^^^^^^^^^^^^^^^^^^
  File "/home/airflow/.local/lib/python3.12/site-packages/airflow/cli/commands/task_command.py", line 256, in _run_task_by_selected_method
    return _run_raw_task(args, ti)
           ^^^^^^^^^^^^^^^^^^^^^^^
  File "/home/airflow/.local/lib/python3.12/site-packages/airflow/cli/commands/task_command.py", line 341, in _run_raw_task
    return ti._run_raw_task(
           ^^^^^^^^^^^^^^^^^
  File "/home/airflow/.local/lib/python3.12/site-packages/airflow/utils/session.py", line 97, in wrapper
    return func(*args, session=session, **kwargs)
           ^^^^^^^^^^^^^^^^^^^^^^^^^^^^^^^^^^^^^^
  File "/home/airflow/.local/lib/python3.12/site-packages/airflow/models/taskinstance.py", line 2995, in _run_raw_task
    return _run_raw_task(
           ^^^^^^^^^^^^^^
  File "/home/airflow/.local/lib/python3.12/site-packages/airflow/models/taskinstance.py", line 273, in _run_raw_task
    TaskInstance._execute_task_with_callbacks(
  File "/home/airflow/.local/lib/python3.12/site-packages/airflow/models/taskinstance.py", line 3149, in _execute_task_with_callbacks
    result = self._execute_task(context, task_orig)
             ^^^^^^^^^^^^^^^^^^^^^^^^^^^^^^^^^^^^^^
  File "/home/airflow/.local/lib/python3.12/site-packages/airflow/models/taskinstance.py", line 3173, in _execute_task
    return _execute_task(self, context, task_orig)
           ^^^^^^^^^^^^^^^^^^^^^^^^^^^^^^^^^^^^^^^
  File "/home/airflow/.local/lib/python3.12/site-packages/airflow/models/taskinstance.py", line 767, in _execute_task
    result = _execute_callable(context=context, **execute_callable_kwargs)
             ^^^^^^^^^^^^^^^^^^^^^^^^^^^^^^^^^^^^^^^^^^^^^^^^^^^^^^^^^^^^^
  File "/home/airflow/.local/lib/python3.12/site-packages/airflow/models/taskinstance.py", line 733, in _execute_callable
    return ExecutionCallableRunner(
           ^^^^^^^^^^^^^^^^^^^^^^^^
  File "/home/airflow/.local/lib/python3.12/site-packages/airflow/utils/operator_helpers.py", line 252, in run
    return self.func(*args, **kwargs)
           ^^^^^^^^^^^^^^^^^^^^^^^^^^
  File "/home/airflow/.local/lib/python3.12/site-packages/airflow/models/baseoperator.py", line 406, in wrapper
    return func(self, *args, **kwargs)
           ^^^^^^^^^^^^^^^^^^^^^^^^^^^
  File "/home/airflow/.local/lib/python3.12/site-packages/airflow/operators/python.py", line 238, in execute
    return_value = self.execute_callable()
                   ^^^^^^^^^^^^^^^^^^^^^^^
  File "/home/airflow/.local/lib/python3.12/site-packages/airflow/operators/python.py", line 256, in execute_callable
    return runner.run(*self.op_args, **self.op_kwargs)
           ^^^^^^^^^^^^^^^^^^^^^^^^^^^^^^^^^^^^^^^^^^^
  File "/home/airflow/.local/lib/python3.12/site-packages/airflow/utils/operator_helpers.py", line 252, in run
    return self.func(*args, **kwargs)
           ^^^^^^^^^^^^^^^^^^^^^^^^^^
  File "/opt/airflow/dags/ETL.py", line 104, in extrair
    carregar_stage(chunk.to_dict(orient='records'))
  File "/opt/airflow/dags/ETL.py", line 13, in carregar_stage
    conn = obter_conexao_db()
           ^^^^^^^^^^^^^^^^^^
  File "/opt/airflow/dags/ETL.py", line 10, in obter_conexao_db
    return hook.get_conn()
           ^^^^^^^^^^^^^^^
  File "/home/airflow/.local/lib/python3.12/site-packages/airflow/providers/postgres/hooks/postgres.py", line 176, in get_conn
    self.conn = psycopg2.connect(**conn_args)
                ^^^^^^^^^^^^^^^^^^^^^^^^^^^^^
  File "/home/airflow/.local/lib/python3.12/site-packages/psycopg2/__init__.py", line 122, in connect
    conn = _connect(dsn, connection_factory=connection_factory, **kwasync)
           ^^^^^^^^^^^^^^^^^^^^^^^^^^^^^^^^^^^^^^^^^^^^^^^^^^^^^^^^^^^^^^^
psycopg2.OperationalError: could not translate host name "***" to address: Name or service not known

[2024-11-06T18:08:42.853+0000] {local_task_job_runner.py:261} INFO - Task exited with return code 1
[2024-11-06T18:08:42.896+0000] {taskinstance.py:3891} INFO - 0 downstream tasks scheduled from follow-on schedule check
[2024-11-06T18:08:42.903+0000] {local_task_job_runner.py:240} INFO - ::endgroup::
