[2024-11-05T23:29:29.949+0000] {local_task_job_runner.py:123} INFO - ::group::Pre task execution logs
[2024-11-05T23:29:29.962+0000] {taskinstance.py:2603} INFO - Dependencies all met for dep_context=non-requeueable deps ti=<TaskInstance: cotahist_etl.extract manual__2024-11-05T23:29:27.201938+00:00 [queued]>
[2024-11-05T23:29:29.969+0000] {taskinstance.py:2603} INFO - Dependencies all met for dep_context=requeueable deps ti=<TaskInstance: cotahist_etl.extract manual__2024-11-05T23:29:27.201938+00:00 [queued]>
[2024-11-05T23:29:29.970+0000] {taskinstance.py:2856} INFO - Starting attempt 1 of 1
[2024-11-05T23:29:29.982+0000] {taskinstance.py:2879} INFO - Executing <Task(PythonOperator): extract> on 2024-11-05 23:29:27.201938+00:00
[2024-11-05T23:29:29.988+0000] {warnings.py:112} WARNING - /home/***/.local/lib/python3.12/site-packages/***/task/task_runner/standard_task_runner.py:70: DeprecationWarning: This process (pid=499) is multi-threaded, use of fork() may lead to deadlocks in the child.
  pid = os.fork()

[2024-11-05T23:29:29.990+0000] {standard_task_runner.py:72} INFO - Started process 501 to run task
[2024-11-05T23:29:29.990+0000] {standard_task_runner.py:104} INFO - Running: ['***', 'tasks', 'run', 'cotahist_etl', 'extract', 'manual__2024-11-05T23:29:27.201938+00:00', '--job-id', '21', '--raw', '--subdir', 'DAGS_FOLDER/cargab3.py', '--cfg-path', '/tmp/tmp71i97suh']
[2024-11-05T23:29:29.991+0000] {standard_task_runner.py:105} INFO - Job 21: Subtask extract
[2024-11-05T23:29:30.033+0000] {task_command.py:467} INFO - Running <TaskInstance: cotahist_etl.extract manual__2024-11-05T23:29:27.201938+00:00 [running]> on host 0e811c25cd9f
[2024-11-05T23:29:30.105+0000] {taskinstance.py:3122} INFO - Exporting env vars: AIRFLOW_CTX_DAG_OWNER='***' AIRFLOW_CTX_DAG_ID='cotahist_etl' AIRFLOW_CTX_TASK_ID='extract' AIRFLOW_CTX_EXECUTION_DATE='2024-11-05T23:29:27.201938+00:00' AIRFLOW_CTX_TRY_NUMBER='1' AIRFLOW_CTX_DAG_RUN_ID='manual__2024-11-05T23:29:27.201938+00:00'
[2024-11-05T23:29:30.106+0000] {logging_mixin.py:190} INFO - Task instance is in running state
[2024-11-05T23:29:30.107+0000] {logging_mixin.py:190} INFO -  Previous state of the Task instance: queued
[2024-11-05T23:29:30.107+0000] {logging_mixin.py:190} INFO - Current task name:extract state:running start_date:2024-11-05 23:29:29.963234+00:00
[2024-11-05T23:29:30.108+0000] {logging_mixin.py:190} INFO - Dag name:cotahist_etl and current dag run status:running
[2024-11-05T23:29:30.108+0000] {taskinstance.py:731} INFO - ::endgroup::
[2024-11-05T23:29:30.109+0000] {cargab3.py:15} INFO - Iniciando a extração...
[2024-11-05T23:29:30.110+0000] {cargab3.py:19} INFO - Caminhos absolutos dos arquivos: ['/opt/***/files/COTAHIST_A2022.txt', '/opt/***/files/COTAHIST_A2023.txt', '/opt/***/files/COTAHIST_A2024.txt']
[2024-11-05T23:29:30.111+0000] {cargab3.py:35} INFO - Processando arquivo: /opt/***/files/COTAHIST_A2022.txt
[2024-11-05T23:29:30.428+0000] {cargab3.py:42} INFO - Lendo um bloco de dados...
[2024-11-05T23:29:30.475+0000] {cargab3.py:66} ERROR - Erro na extração: Cannot save file into a non-existent directory: '/path/to/temp'
[2024-11-05T23:29:30.480+0000] {python.py:240} INFO - Done. Returned value was: []
[2024-11-05T23:29:30.500+0000] {taskinstance.py:340} INFO - ::group::Post task execution logs
[2024-11-05T23:29:30.501+0000] {taskinstance.py:352} INFO - Marking task as SUCCESS. dag_id=cotahist_etl, task_id=extract, run_id=manual__2024-11-05T23:29:27.201938+00:00, execution_date=20241105T232927, start_date=20241105T232929, end_date=20241105T232930
[2024-11-05T23:29:30.508+0000] {logging_mixin.py:190} INFO - Task instance in success state
[2024-11-05T23:29:30.509+0000] {logging_mixin.py:190} INFO -  Previous state of the Task instance: running
[2024-11-05T23:29:30.510+0000] {logging_mixin.py:190} INFO - Dag name:cotahist_etl queued_at:2024-11-05 23:29:27.221305+00:00
[2024-11-05T23:29:30.511+0000] {logging_mixin.py:190} INFO - Task hostname:0e811c25cd9f operator:PythonOperator
[2024-11-05T23:29:30.527+0000] {local_task_job_runner.py:261} INFO - Task exited with return code 0
[2024-11-05T23:29:30.550+0000] {taskinstance.py:3891} INFO - 1 downstream tasks scheduled from follow-on schedule check
[2024-11-05T23:29:30.588+0000] {local_task_job_runner.py:240} INFO - ::endgroup::
