[2024-11-05T23:29:34.427+0000] {local_task_job_runner.py:123} INFO - ::group::Pre task execution logs
[2024-11-05T23:29:34.440+0000] {taskinstance.py:2603} INFO - Dependencies all met for dep_context=non-requeueable deps ti=<TaskInstance: cotahist_etl.transform_and_enrich manual__2024-11-05T23:29:27.201938+00:00 [queued]>
[2024-11-05T23:29:34.447+0000] {taskinstance.py:2603} INFO - Dependencies all met for dep_context=requeueable deps ti=<TaskInstance: cotahist_etl.transform_and_enrich manual__2024-11-05T23:29:27.201938+00:00 [queued]>
[2024-11-05T23:29:34.448+0000] {taskinstance.py:2856} INFO - Starting attempt 1 of 1
[2024-11-05T23:29:34.460+0000] {taskinstance.py:2879} INFO - Executing <Task(PythonOperator): transform_and_enrich> on 2024-11-05 23:29:27.201938+00:00
[2024-11-05T23:29:34.468+0000] {warnings.py:112} WARNING - /home/***/.local/lib/python3.12/site-packages/***/task/task_runner/standard_task_runner.py:70: DeprecationWarning: This process (pid=513) is multi-threaded, use of fork() may lead to deadlocks in the child.
  pid = os.fork()

[2024-11-05T23:29:34.470+0000] {standard_task_runner.py:72} INFO - Started process 515 to run task
[2024-11-05T23:29:34.470+0000] {standard_task_runner.py:104} INFO - Running: ['***', 'tasks', 'run', 'cotahist_etl', 'transform_and_enrich', 'manual__2024-11-05T23:29:27.201938+00:00', '--job-id', '23', '--raw', '--subdir', 'DAGS_FOLDER/cargab3.py', '--cfg-path', '/tmp/tmpd0248wh4']
[2024-11-05T23:29:34.471+0000] {standard_task_runner.py:105} INFO - Job 23: Subtask transform_and_enrich
[2024-11-05T23:29:34.512+0000] {task_command.py:467} INFO - Running <TaskInstance: cotahist_etl.transform_and_enrich manual__2024-11-05T23:29:27.201938+00:00 [running]> on host 0e811c25cd9f
[2024-11-05T23:29:34.579+0000] {taskinstance.py:3122} INFO - Exporting env vars: AIRFLOW_CTX_DAG_OWNER='***' AIRFLOW_CTX_DAG_ID='cotahist_etl' AIRFLOW_CTX_TASK_ID='transform_and_enrich' AIRFLOW_CTX_EXECUTION_DATE='2024-11-05T23:29:27.201938+00:00' AIRFLOW_CTX_TRY_NUMBER='1' AIRFLOW_CTX_DAG_RUN_ID='manual__2024-11-05T23:29:27.201938+00:00'
[2024-11-05T23:29:34.580+0000] {logging_mixin.py:190} INFO - Task instance is in running state
[2024-11-05T23:29:34.581+0000] {logging_mixin.py:190} INFO -  Previous state of the Task instance: queued
[2024-11-05T23:29:34.581+0000] {logging_mixin.py:190} INFO - Current task name:transform_and_enrich state:running start_date:2024-11-05 23:29:34.440957+00:00
[2024-11-05T23:29:34.582+0000] {logging_mixin.py:190} INFO - Dag name:cotahist_etl and current dag run status:running
[2024-11-05T23:29:34.582+0000] {taskinstance.py:731} INFO - ::endgroup::
[2024-11-05T23:29:34.589+0000] {base.py:84} INFO - Retrieving connection 'postgres_default'
[2024-11-05T23:29:34.603+0000] {cargab3.py:183} INFO - Dados transformados e enriquecidos com sucesso.
[2024-11-05T23:29:34.604+0000] {python.py:240} INFO - Done. Returned value was: None
[2024-11-05T23:29:34.612+0000] {taskinstance.py:340} INFO - ::group::Post task execution logs
[2024-11-05T23:29:34.613+0000] {taskinstance.py:352} INFO - Marking task as SUCCESS. dag_id=cotahist_etl, task_id=transform_and_enrich, run_id=manual__2024-11-05T23:29:27.201938+00:00, execution_date=20241105T232927, start_date=20241105T232934, end_date=20241105T232934
[2024-11-05T23:29:34.620+0000] {logging_mixin.py:190} INFO - Task instance in success state
[2024-11-05T23:29:34.621+0000] {logging_mixin.py:190} INFO -  Previous state of the Task instance: running
[2024-11-05T23:29:34.621+0000] {logging_mixin.py:190} INFO - Dag name:cotahist_etl queued_at:2024-11-05 23:29:27.221305+00:00
[2024-11-05T23:29:34.621+0000] {logging_mixin.py:190} INFO - Task hostname:0e811c25cd9f operator:PythonOperator
[2024-11-05T23:29:34.644+0000] {local_task_job_runner.py:261} INFO - Task exited with return code 0
[2024-11-05T23:29:34.658+0000] {taskinstance.py:3891} INFO - 0 downstream tasks scheduled from follow-on schedule check
[2024-11-05T23:29:34.661+0000] {local_task_job_runner.py:240} INFO - ::endgroup::
