[2024-11-05T23:11:35.742+0000] {local_task_job_runner.py:123} INFO - ::group::Pre task execution logs
[2024-11-05T23:11:35.757+0000] {taskinstance.py:2603} INFO - Dependencies all met for dep_context=non-requeueable deps ti=<TaskInstance: cotahist_etl.transform_and_enrich manual__2024-11-05T23:07:02.155947+00:00 [queued]>
[2024-11-05T23:11:35.763+0000] {taskinstance.py:2603} INFO - Dependencies all met for dep_context=requeueable deps ti=<TaskInstance: cotahist_etl.transform_and_enrich manual__2024-11-05T23:07:02.155947+00:00 [queued]>
[2024-11-05T23:11:35.764+0000] {taskinstance.py:2856} INFO - Starting attempt 1 of 1
[2024-11-05T23:11:35.774+0000] {taskinstance.py:2879} INFO - Executing <Task(PythonOperator): transform_and_enrich> on 2024-11-05 23:07:02.155947+00:00
[2024-11-05T23:11:35.782+0000] {warnings.py:112} WARNING - /home/***/.local/lib/python3.12/site-packages/***/task/task_runner/standard_task_runner.py:70: DeprecationWarning: This process (pid=337) is multi-threaded, use of fork() may lead to deadlocks in the child.
  pid = os.fork()

[2024-11-05T23:11:35.783+0000] {standard_task_runner.py:104} INFO - Running: ['***', 'tasks', 'run', 'cotahist_etl', 'transform_and_enrich', 'manual__2024-11-05T23:07:02.155947+00:00', '--job-id', '17', '--raw', '--subdir', 'DAGS_FOLDER/cargab3.py', '--cfg-path', '/tmp/tmpt_0bj84j']
[2024-11-05T23:11:35.785+0000] {standard_task_runner.py:72} INFO - Started process 339 to run task
[2024-11-05T23:11:35.785+0000] {standard_task_runner.py:105} INFO - Job 17: Subtask transform_and_enrich
[2024-11-05T23:11:35.829+0000] {task_command.py:467} INFO - Running <TaskInstance: cotahist_etl.transform_and_enrich manual__2024-11-05T23:07:02.155947+00:00 [running]> on host 0e811c25cd9f
[2024-11-05T23:11:35.885+0000] {taskinstance.py:3122} INFO - Exporting env vars: AIRFLOW_CTX_DAG_OWNER='***' AIRFLOW_CTX_DAG_ID='cotahist_etl' AIRFLOW_CTX_TASK_ID='transform_and_enrich' AIRFLOW_CTX_EXECUTION_DATE='2024-11-05T23:07:02.155947+00:00' AIRFLOW_CTX_TRY_NUMBER='1' AIRFLOW_CTX_DAG_RUN_ID='manual__2024-11-05T23:07:02.155947+00:00'
[2024-11-05T23:11:35.887+0000] {logging_mixin.py:190} INFO - Task instance is in running state
[2024-11-05T23:11:35.887+0000] {logging_mixin.py:190} INFO -  Previous state of the Task instance: queued
[2024-11-05T23:11:35.888+0000] {logging_mixin.py:190} INFO - Current task name:transform_and_enrich state:running start_date:2024-11-05 23:11:35.757742+00:00
[2024-11-05T23:11:35.888+0000] {logging_mixin.py:190} INFO - Dag name:cotahist_etl and current dag run status:running
[2024-11-05T23:11:35.889+0000] {taskinstance.py:731} INFO - ::endgroup::
[2024-11-05T23:11:35.895+0000] {base.py:84} INFO - Retrieving connection 'postgres_default'
[2024-11-05T23:11:35.997+0000] {cargab3.py:191} INFO - Dados transformados e enriquecidos com sucesso.
[2024-11-05T23:11:35.997+0000] {python.py:240} INFO - Done. Returned value was: None
[2024-11-05T23:11:36.006+0000] {taskinstance.py:340} INFO - ::group::Post task execution logs
[2024-11-05T23:11:36.007+0000] {taskinstance.py:352} INFO - Marking task as SUCCESS. dag_id=cotahist_etl, task_id=transform_and_enrich, run_id=manual__2024-11-05T23:07:02.155947+00:00, execution_date=20241105T230702, start_date=20241105T231135, end_date=20241105T231136
[2024-11-05T23:11:36.013+0000] {logging_mixin.py:190} INFO - Task instance in success state
[2024-11-05T23:11:36.014+0000] {logging_mixin.py:190} INFO -  Previous state of the Task instance: running
[2024-11-05T23:11:36.014+0000] {logging_mixin.py:190} INFO - Dag name:cotahist_etl queued_at:2024-11-05 23:07:02.248503+00:00
[2024-11-05T23:11:36.015+0000] {logging_mixin.py:190} INFO - Task hostname:0e811c25cd9f operator:PythonOperator
[2024-11-05T23:11:36.040+0000] {local_task_job_runner.py:261} INFO - Task exited with return code 0
[2024-11-05T23:11:36.056+0000] {taskinstance.py:3891} INFO - 0 downstream tasks scheduled from follow-on schedule check
[2024-11-05T23:11:36.058+0000] {local_task_job_runner.py:240} INFO - ::endgroup::
