[2024-11-06T00:08:00.330+0000] {local_task_job_runner.py:123} INFO - ::group::Pre task execution logs
[2024-11-06T00:08:00.348+0000] {taskinstance.py:2603} INFO - Dependencies all met for dep_context=non-requeueable deps ti=<TaskInstance: cotahist_etl.load_stage manual__2024-11-06T00:02:12.949233+00:00 [queued]>
[2024-11-06T00:08:00.355+0000] {taskinstance.py:2603} INFO - Dependencies all met for dep_context=requeueable deps ti=<TaskInstance: cotahist_etl.load_stage manual__2024-11-06T00:02:12.949233+00:00 [queued]>
[2024-11-06T00:08:00.357+0000] {taskinstance.py:2856} INFO - Starting attempt 1 of 1
[2024-11-06T00:08:00.368+0000] {taskinstance.py:2879} INFO - Executing <Task(PythonOperator): load_stage> on 2024-11-06 00:02:12.949233+00:00
[2024-11-06T00:08:00.376+0000] {warnings.py:112} WARNING - /home/***/.local/lib/python3.12/site-packages/***/task/task_runner/standard_task_runner.py:70: DeprecationWarning: This process (pid=194) is multi-threaded, use of fork() may lead to deadlocks in the child.
  pid = os.fork()

[2024-11-06T00:08:00.378+0000] {standard_task_runner.py:104} INFO - Running: ['***', 'tasks', 'run', 'cotahist_etl', 'load_stage', 'manual__2024-11-06T00:02:12.949233+00:00', '--job-id', '66', '--raw', '--subdir', 'DAGS_FOLDER/cargab3.py', '--cfg-path', '/tmp/tmpg4ltsa_9']
[2024-11-06T00:08:00.379+0000] {standard_task_runner.py:72} INFO - Started process 196 to run task
[2024-11-06T00:08:00.380+0000] {standard_task_runner.py:105} INFO - Job 66: Subtask load_stage
[2024-11-06T00:08:00.422+0000] {task_command.py:467} INFO - Running <TaskInstance: cotahist_etl.load_stage manual__2024-11-06T00:02:12.949233+00:00 [running]> on host 65428f9e2553
[2024-11-06T00:08:00.500+0000] {taskinstance.py:3122} INFO - Exporting env vars: AIRFLOW_CTX_DAG_OWNER='***' AIRFLOW_CTX_DAG_ID='cotahist_etl' AIRFLOW_CTX_TASK_ID='load_stage' AIRFLOW_CTX_EXECUTION_DATE='2024-11-06T00:02:12.949233+00:00' AIRFLOW_CTX_TRY_NUMBER='1' AIRFLOW_CTX_DAG_RUN_ID='manual__2024-11-06T00:02:12.949233+00:00'
[2024-11-06T00:08:00.502+0000] {logging_mixin.py:190} INFO - Task instance is in running state
[2024-11-06T00:08:00.503+0000] {logging_mixin.py:190} INFO -  Previous state of the Task instance: queued
[2024-11-06T00:08:00.504+0000] {logging_mixin.py:190} INFO - Current task name:load_stage state:running start_date:2024-11-06 00:08:00.349141+00:00
[2024-11-06T00:08:00.504+0000] {logging_mixin.py:190} INFO - Dag name:cotahist_etl and current dag run status:running
[2024-11-06T00:08:00.505+0000] {taskinstance.py:731} INFO - ::endgroup::
[2024-11-06T00:08:00.518+0000] {base.py:84} INFO - Retrieving connection 'postgres_default'
[2024-11-06T00:08:00.522+0000] {cargab3.py:83} INFO - Inserindo dados na tabela stage...
[2024-11-06T00:08:00.522+0000] {cargab3.py:141} WARNING - Nenhum dado para inserir na tabela stage.
[2024-11-06T00:08:00.523+0000] {python.py:240} INFO - Done. Returned value was: None
[2024-11-06T00:08:00.532+0000] {taskinstance.py:340} INFO - ::group::Post task execution logs
[2024-11-06T00:08:00.533+0000] {taskinstance.py:352} INFO - Marking task as SUCCESS. dag_id=cotahist_etl, task_id=load_stage, run_id=manual__2024-11-06T00:02:12.949233+00:00, execution_date=20241106T000212, start_date=20241106T000800, end_date=20241106T000800
[2024-11-06T00:08:00.539+0000] {logging_mixin.py:190} INFO - Task instance in success state
[2024-11-06T00:08:00.540+0000] {logging_mixin.py:190} INFO -  Previous state of the Task instance: running
[2024-11-06T00:08:00.541+0000] {logging_mixin.py:190} INFO - Dag name:cotahist_etl queued_at:2024-11-06 00:02:13.027721+00:00
[2024-11-06T00:08:00.541+0000] {logging_mixin.py:190} INFO - Task hostname:65428f9e2553 operator:PythonOperator
[2024-11-06T00:08:00.555+0000] {local_task_job_runner.py:261} INFO - Task exited with return code 0
[2024-11-06T00:08:00.583+0000] {taskinstance.py:3891} INFO - 1 downstream tasks scheduled from follow-on schedule check
[2024-11-06T00:08:00.585+0000] {local_task_job_runner.py:240} INFO - ::endgroup::
