[2024-11-06T16:07:08.416+0000] {local_task_job_runner.py:123} INFO - ::group::Pre task execution logs
[2024-11-06T16:07:08.456+0000] {taskinstance.py:2603} INFO - Dependencies all met for dep_context=non-requeueable deps ti=<TaskInstance: cotahist_etl.transformar_e_enriquecer manual__2024-11-06T16:06:54.204218+00:00 [queued]>
[2024-11-06T16:07:08.474+0000] {taskinstance.py:2603} INFO - Dependencies all met for dep_context=requeueable deps ti=<TaskInstance: cotahist_etl.transformar_e_enriquecer manual__2024-11-06T16:06:54.204218+00:00 [queued]>
[2024-11-06T16:07:08.476+0000] {taskinstance.py:2856} INFO - Starting attempt 1 of 1
[2024-11-06T16:07:08.514+0000] {taskinstance.py:2879} INFO - Executing <Task(PythonOperator): transformar_e_enriquecer> on 2024-11-06 16:06:54.204218+00:00
[2024-11-06T16:07:08.536+0000] {warnings.py:112} WARNING - /home/***/.local/lib/python3.12/site-packages/***/task/task_runner/standard_task_runner.py:70: DeprecationWarning: This process (pid=801) is multi-threaded, use of fork() may lead to deadlocks in the child.
  pid = os.fork()

[2024-11-06T16:07:08.540+0000] {standard_task_runner.py:72} INFO - Started process 805 to run task
[2024-11-06T16:07:08.543+0000] {standard_task_runner.py:104} INFO - Running: ['***', 'tasks', 'run', 'cotahist_etl', 'transformar_e_enriquecer', 'manual__2024-11-06T16:06:54.204218+00:00', '--job-id', '77', '--raw', '--subdir', 'DAGS_FOLDER/ETL.py', '--cfg-path', '/tmp/tmpy29znv8q']
[2024-11-06T16:07:08.545+0000] {standard_task_runner.py:105} INFO - Job 77: Subtask transformar_e_enriquecer
[2024-11-06T16:07:08.644+0000] {task_command.py:467} INFO - Running <TaskInstance: cotahist_etl.transformar_e_enriquecer manual__2024-11-06T16:06:54.204218+00:00 [running]> on host 65428f9e2553
[2024-11-06T16:07:08.771+0000] {taskinstance.py:3122} INFO - Exporting env vars: AIRFLOW_CTX_DAG_OWNER='***' AIRFLOW_CTX_DAG_ID='cotahist_etl' AIRFLOW_CTX_TASK_ID='transformar_e_enriquecer' AIRFLOW_CTX_EXECUTION_DATE='2024-11-06T16:06:54.204218+00:00' AIRFLOW_CTX_TRY_NUMBER='1' AIRFLOW_CTX_DAG_RUN_ID='manual__2024-11-06T16:06:54.204218+00:00'
[2024-11-06T16:07:08.775+0000] {logging_mixin.py:190} INFO - Task instance is in running state
[2024-11-06T16:07:08.776+0000] {logging_mixin.py:190} INFO -  Previous state of the Task instance: queued
[2024-11-06T16:07:08.777+0000] {logging_mixin.py:190} INFO - Current task name:transformar_e_enriquecer state:running start_date:2024-11-06 16:07:08.457576+00:00
[2024-11-06T16:07:08.778+0000] {logging_mixin.py:190} INFO - Dag name:cotahist_etl and current dag run status:running
[2024-11-06T16:07:08.780+0000] {taskinstance.py:731} INFO - ::endgroup::
[2024-11-06T16:07:08.797+0000] {base.py:84} INFO - Retrieving connection 'postgres_default'
[2024-11-06T16:07:08.812+0000] {python.py:240} INFO - Done. Returned value was: None
[2024-11-06T16:07:08.827+0000] {taskinstance.py:340} INFO - ::group::Post task execution logs
[2024-11-06T16:07:08.828+0000] {taskinstance.py:352} INFO - Marking task as SUCCESS. dag_id=cotahist_etl, task_id=transformar_e_enriquecer, run_id=manual__2024-11-06T16:06:54.204218+00:00, execution_date=20241106T160654, start_date=20241106T160708, end_date=20241106T160708
[2024-11-06T16:07:08.843+0000] {logging_mixin.py:190} INFO - Task instance in success state
[2024-11-06T16:07:08.843+0000] {logging_mixin.py:190} INFO -  Previous state of the Task instance: running
[2024-11-06T16:07:08.844+0000] {logging_mixin.py:190} INFO - Dag name:cotahist_etl queued_at:2024-11-06 16:06:54.790569+00:00
[2024-11-06T16:07:08.845+0000] {logging_mixin.py:190} INFO - Task hostname:65428f9e2553 operator:PythonOperator
[2024-11-06T16:07:08.880+0000] {local_task_job_runner.py:261} INFO - Task exited with return code 0
[2024-11-06T16:07:08.902+0000] {taskinstance.py:3891} INFO - 0 downstream tasks scheduled from follow-on schedule check
[2024-11-06T16:07:08.905+0000] {local_task_job_runner.py:240} INFO - ::endgroup::
