[2024-11-06T00:09:50.379+0000] {local_task_job_runner.py:123} INFO - ::group::Pre task execution logs
[2024-11-06T00:09:50.394+0000] {taskinstance.py:2603} INFO - Dependencies all met for dep_context=non-requeueable deps ti=<TaskInstance: cotahist_etl.extract manual__2024-11-06T00:09:47.836656+00:00 [queued]>
[2024-11-06T00:09:50.401+0000] {taskinstance.py:2603} INFO - Dependencies all met for dep_context=requeueable deps ti=<TaskInstance: cotahist_etl.extract manual__2024-11-06T00:09:47.836656+00:00 [queued]>
[2024-11-06T00:09:50.402+0000] {taskinstance.py:2856} INFO - Starting attempt 1 of 1
[2024-11-06T00:09:50.414+0000] {taskinstance.py:2879} INFO - Executing <Task(PythonOperator): extract> on 2024-11-06 00:09:47.836656+00:00
[2024-11-06T00:09:50.421+0000] {warnings.py:112} WARNING - /home/***/.local/lib/python3.12/site-packages/***/task/task_runner/standard_task_runner.py:70: DeprecationWarning: This process (pid=230) is multi-threaded, use of fork() may lead to deadlocks in the child.
  pid = os.fork()

[2024-11-06T00:09:50.423+0000] {standard_task_runner.py:72} INFO - Started process 232 to run task
[2024-11-06T00:09:50.423+0000] {standard_task_runner.py:104} INFO - Running: ['***', 'tasks', 'run', 'cotahist_etl', 'extract', 'manual__2024-11-06T00:09:47.836656+00:00', '--job-id', '68', '--raw', '--subdir', 'DAGS_FOLDER/cargab3.py', '--cfg-path', '/tmp/tmp86m82trm']
[2024-11-06T00:09:50.424+0000] {standard_task_runner.py:105} INFO - Job 68: Subtask extract
[2024-11-06T00:09:50.476+0000] {task_command.py:467} INFO - Running <TaskInstance: cotahist_etl.extract manual__2024-11-06T00:09:47.836656+00:00 [running]> on host 65428f9e2553
[2024-11-06T00:09:50.576+0000] {taskinstance.py:3122} INFO - Exporting env vars: AIRFLOW_CTX_DAG_OWNER='***' AIRFLOW_CTX_DAG_ID='cotahist_etl' AIRFLOW_CTX_TASK_ID='extract' AIRFLOW_CTX_EXECUTION_DATE='2024-11-06T00:09:47.836656+00:00' AIRFLOW_CTX_TRY_NUMBER='1' AIRFLOW_CTX_DAG_RUN_ID='manual__2024-11-06T00:09:47.836656+00:00'
[2024-11-06T00:09:50.578+0000] {logging_mixin.py:190} INFO - Task instance is in running state
[2024-11-06T00:09:50.578+0000] {logging_mixin.py:190} INFO -  Previous state of the Task instance: queued
[2024-11-06T00:09:50.579+0000] {logging_mixin.py:190} INFO - Current task name:extract state:running start_date:2024-11-06 00:09:50.394743+00:00
[2024-11-06T00:09:50.580+0000] {logging_mixin.py:190} INFO - Dag name:cotahist_etl and current dag run status:running
[2024-11-06T00:09:50.580+0000] {taskinstance.py:731} INFO - ::endgroup::
[2024-11-06T00:09:50.581+0000] {cargab3.py:16} INFO - Iniciando a extração...
[2024-11-06T00:09:50.583+0000] {cargab3.py:35} INFO - Processando arquivo: /opt/***/files/COTAHIST_A2022.txt
[2024-11-06T00:09:50.924+0000] {cargab3.py:42} INFO - Lendo um bloco de dados...
[2024-11-06T00:09:50.926+0000] {cargab3.py:73} ERROR - Erro na extração: Length mismatch: Expected axis has 26 elements, new values have 21 elements
[2024-11-06T00:09:50.930+0000] {python.py:240} INFO - Done. Returned value was: []
[2024-11-06T00:09:50.952+0000] {taskinstance.py:340} INFO - ::group::Post task execution logs
[2024-11-06T00:09:50.953+0000] {taskinstance.py:352} INFO - Marking task as SUCCESS. dag_id=cotahist_etl, task_id=extract, run_id=manual__2024-11-06T00:09:47.836656+00:00, execution_date=20241106T000947, start_date=20241106T000950, end_date=20241106T000950
[2024-11-06T00:09:50.962+0000] {logging_mixin.py:190} INFO - Task instance in success state
[2024-11-06T00:09:50.963+0000] {logging_mixin.py:190} INFO -  Previous state of the Task instance: running
[2024-11-06T00:09:50.963+0000] {logging_mixin.py:190} INFO - Dag name:cotahist_etl queued_at:2024-11-06 00:09:47.943827+00:00
[2024-11-06T00:09:50.963+0000] {logging_mixin.py:190} INFO - Task hostname:65428f9e2553 operator:PythonOperator
[2024-11-06T00:09:50.999+0000] {local_task_job_runner.py:261} INFO - Task exited with return code 0
[2024-11-06T00:09:51.022+0000] {taskinstance.py:3891} INFO - 1 downstream tasks scheduled from follow-on schedule check
[2024-11-06T00:09:51.024+0000] {local_task_job_runner.py:240} INFO - ::endgroup::
