[2024-11-06T15:49:20.625+0000] {local_task_job_runner.py:123} INFO - ::group::Pre task execution logs
[2024-11-06T15:49:20.653+0000] {taskinstance.py:2603} INFO - Dependencies all met for dep_context=non-requeueable deps ti=<TaskInstance: cotahist_etl.transformar_e_enriquecer manual__2024-11-06T15:46:56.783485+00:00 [queued]>
[2024-11-06T15:49:20.669+0000] {taskinstance.py:2603} INFO - Dependencies all met for dep_context=requeueable deps ti=<TaskInstance: cotahist_etl.transformar_e_enriquecer manual__2024-11-06T15:46:56.783485+00:00 [queued]>
[2024-11-06T15:49:20.670+0000] {taskinstance.py:2856} INFO - Starting attempt 1 of 1
[2024-11-06T15:49:20.696+0000] {taskinstance.py:2879} INFO - Executing <Task(PythonOperator): transformar_e_enriquecer> on 2024-11-06 15:46:56.783485+00:00
[2024-11-06T15:49:20.717+0000] {warnings.py:112} WARNING - /home/***/.local/lib/python3.12/site-packages/***/task/task_runner/standard_task_runner.py:70: DeprecationWarning: This process (pid=566) is multi-threaded, use of fork() may lead to deadlocks in the child.
  pid = os.fork()

[2024-11-06T15:49:20.720+0000] {standard_task_runner.py:72} INFO - Started process 577 to run task
[2024-11-06T15:49:20.730+0000] {standard_task_runner.py:104} INFO - Running: ['***', 'tasks', 'run', 'cotahist_etl', 'transformar_e_enriquecer', 'manual__2024-11-06T15:46:56.783485+00:00', '--job-id', '73', '--raw', '--subdir', 'DAGS_FOLDER/etl.py', '--cfg-path', '/tmp/tmp7rd4e3xg']
[2024-11-06T15:49:20.732+0000] {standard_task_runner.py:105} INFO - Job 73: Subtask transformar_e_enriquecer
[2024-11-06T15:49:20.830+0000] {task_command.py:467} INFO - Running <TaskInstance: cotahist_etl.transformar_e_enriquecer manual__2024-11-06T15:46:56.783485+00:00 [running]> on host 65428f9e2553
[2024-11-06T15:49:21.042+0000] {taskinstance.py:3122} INFO - Exporting env vars: AIRFLOW_CTX_DAG_OWNER='***' AIRFLOW_CTX_DAG_ID='cotahist_etl' AIRFLOW_CTX_TASK_ID='transformar_e_enriquecer' AIRFLOW_CTX_EXECUTION_DATE='2024-11-06T15:46:56.783485+00:00' AIRFLOW_CTX_TRY_NUMBER='1' AIRFLOW_CTX_DAG_RUN_ID='manual__2024-11-06T15:46:56.783485+00:00'
[2024-11-06T15:49:21.054+0000] {logging_mixin.py:190} INFO - Task instance is in running state
[2024-11-06T15:49:21.055+0000] {logging_mixin.py:190} INFO -  Previous state of the Task instance: queued
[2024-11-06T15:49:21.056+0000] {logging_mixin.py:190} INFO - Current task name:transformar_e_enriquecer state:running start_date:2024-11-06 15:49:20.654611+00:00
[2024-11-06T15:49:21.057+0000] {logging_mixin.py:190} INFO - Dag name:cotahist_etl and current dag run status:running
[2024-11-06T15:49:21.059+0000] {taskinstance.py:731} INFO - ::endgroup::
[2024-11-06T15:49:21.081+0000] {base.py:84} INFO - Retrieving connection 'postgres_default'
[2024-11-06T15:49:21.125+0000] {python.py:240} INFO - Done. Returned value was: None
[2024-11-06T15:49:21.150+0000] {taskinstance.py:340} INFO - ::group::Post task execution logs
[2024-11-06T15:49:21.152+0000] {taskinstance.py:352} INFO - Marking task as SUCCESS. dag_id=cotahist_etl, task_id=transformar_e_enriquecer, run_id=manual__2024-11-06T15:46:56.783485+00:00, execution_date=20241106T154656, start_date=20241106T154920, end_date=20241106T154921
[2024-11-06T15:49:21.174+0000] {logging_mixin.py:190} INFO - Task instance in success state
[2024-11-06T15:49:21.176+0000] {logging_mixin.py:190} INFO -  Previous state of the Task instance: running
[2024-11-06T15:49:21.179+0000] {logging_mixin.py:190} INFO - Dag name:cotahist_etl queued_at:2024-11-06 15:46:57.087868+00:00
[2024-11-06T15:49:21.180+0000] {logging_mixin.py:190} INFO - Task hostname:65428f9e2553 operator:PythonOperator
[2024-11-06T15:49:21.230+0000] {local_task_job_runner.py:261} INFO - Task exited with return code 0
[2024-11-06T15:49:21.294+0000] {taskinstance.py:3891} INFO - 0 downstream tasks scheduled from follow-on schedule check
[2024-11-06T15:49:21.298+0000] {local_task_job_runner.py:240} INFO - ::endgroup::
