[2024-11-06T00:00:01.977+0000] {local_task_job_runner.py:123} INFO - ::group::Pre task execution logs
[2024-11-06T00:00:01.991+0000] {taskinstance.py:2603} INFO - Dependencies all met for dep_context=non-requeueable deps ti=<TaskInstance: cotahist_etl.extract scheduled__2024-11-05T00:00:00+00:00 [queued]>
[2024-11-06T00:00:01.999+0000] {taskinstance.py:2603} INFO - Dependencies all met for dep_context=requeueable deps ti=<TaskInstance: cotahist_etl.extract scheduled__2024-11-05T00:00:00+00:00 [queued]>
[2024-11-06T00:00:02.001+0000] {taskinstance.py:2856} INFO - Starting attempt 1 of 1
[2024-11-06T00:00:02.012+0000] {taskinstance.py:2879} INFO - Executing <Task(PythonOperator): extract> on 2024-11-05 00:00:00+00:00
[2024-11-06T00:00:02.024+0000] {warnings.py:112} WARNING - /home/***/.local/lib/python3.12/site-packages/***/task/task_runner/standard_task_runner.py:70: DeprecationWarning: This process (pid=95) is multi-threaded, use of fork() may lead to deadlocks in the child.
  pid = os.fork()

[2024-11-06T00:00:02.025+0000] {standard_task_runner.py:104} INFO - Running: ['***', 'tasks', 'run', 'cotahist_etl', 'extract', 'scheduled__2024-11-05T00:00:00+00:00', '--job-id', '64', '--raw', '--subdir', 'DAGS_FOLDER/cargab3.py', '--cfg-path', '/tmp/tmp2h4c1a9u']
[2024-11-06T00:00:02.035+0000] {standard_task_runner.py:72} INFO - Started process 97 to run task
[2024-11-06T00:00:02.035+0000] {standard_task_runner.py:105} INFO - Job 64: Subtask extract
[2024-11-06T00:00:02.103+0000] {task_command.py:467} INFO - Running <TaskInstance: cotahist_etl.extract scheduled__2024-11-05T00:00:00+00:00 [running]> on host 65428f9e2553
[2024-11-06T00:00:02.183+0000] {taskinstance.py:3122} INFO - Exporting env vars: AIRFLOW_CTX_DAG_OWNER='***' AIRFLOW_CTX_DAG_ID='cotahist_etl' AIRFLOW_CTX_TASK_ID='extract' AIRFLOW_CTX_EXECUTION_DATE='2024-11-05T00:00:00+00:00' AIRFLOW_CTX_TRY_NUMBER='1' AIRFLOW_CTX_DAG_RUN_ID='scheduled__2024-11-05T00:00:00+00:00'
[2024-11-06T00:00:02.186+0000] {logging_mixin.py:190} INFO - Task instance is in running state
[2024-11-06T00:00:02.188+0000] {logging_mixin.py:190} INFO -  Previous state of the Task instance: queued
[2024-11-06T00:00:02.189+0000] {logging_mixin.py:190} INFO - Current task name:extract state:running start_date:2024-11-06 00:00:01.992908+00:00
[2024-11-06T00:00:02.191+0000] {logging_mixin.py:190} INFO - Dag name:cotahist_etl and current dag run status:running
[2024-11-06T00:00:02.193+0000] {taskinstance.py:731} INFO - ::endgroup::
[2024-11-06T00:00:02.195+0000] {cargab3.py:15} INFO - Iniciando a extração e carregamento...
[2024-11-06T00:00:02.197+0000] {cargab3.py:27} INFO - Processando arquivo: /opt/***/files/COTAHIST_A2022.txt
[2024-11-06T00:00:02.475+0000] {cargab3.py:34} INFO - Lendo um bloco de dados...
[2024-11-06T00:00:02.718+0000] {cargab3.py:34} INFO - Lendo um bloco de dados...
[2024-11-06T00:00:03.212+0000] {cargab3.py:34} INFO - Lendo um bloco de dados...
[2024-11-06T00:00:03.752+0000] {cargab3.py:34} INFO - Lendo um bloco de dados...
[2024-11-06T00:00:04.128+0000] {cargab3.py:34} INFO - Lendo um bloco de dados...
[2024-11-06T00:00:04.474+0000] {cargab3.py:34} INFO - Lendo um bloco de dados...
[2024-11-06T00:00:04.706+0000] {cargab3.py:34} INFO - Lendo um bloco de dados...
[2024-11-06T00:00:04.912+0000] {cargab3.py:34} INFO - Lendo um bloco de dados...
[2024-11-06T00:00:05.092+0000] {cargab3.py:34} INFO - Lendo um bloco de dados...
[2024-11-06T00:00:05.426+0000] {cargab3.py:34} INFO - Lendo um bloco de dados...
[2024-11-06T00:00:05.624+0000] {cargab3.py:34} INFO - Lendo um bloco de dados...
[2024-11-06T00:00:05.843+0000] {cargab3.py:34} INFO - Lendo um bloco de dados...
[2024-11-06T00:00:06.126+0000] {cargab3.py:34} INFO - Lendo um bloco de dados...
[2024-11-06T00:00:06.364+0000] {cargab3.py:34} INFO - Lendo um bloco de dados...
[2024-11-06T00:00:06.591+0000] {cargab3.py:34} INFO - Lendo um bloco de dados...
[2024-11-06T00:00:06.813+0000] {cargab3.py:34} INFO - Lendo um bloco de dados...
[2024-11-06T00:00:07.042+0000] {cargab3.py:34} INFO - Lendo um bloco de dados...
[2024-11-06T00:00:07.498+0000] {cargab3.py:34} INFO - Lendo um bloco de dados...
[2024-11-06T00:00:07.720+0000] {cargab3.py:34} INFO - Lendo um bloco de dados...
[2024-11-06T00:00:07.909+0000] {cargab3.py:34} INFO - Lendo um bloco de dados...
[2024-11-06T00:00:08.120+0000] {cargab3.py:34} INFO - Lendo um bloco de dados...
[2024-11-06T00:00:08.351+0000] {cargab3.py:34} INFO - Lendo um bloco de dados...
[2024-11-06T00:00:08.552+0000] {cargab3.py:34} INFO - Lendo um bloco de dados...
[2024-11-06T00:00:08.945+0000] {cargab3.py:34} INFO - Lendo um bloco de dados...
[2024-11-06T00:00:09.122+0000] {cargab3.py:34} INFO - Lendo um bloco de dados...
[2024-11-06T00:00:09.329+0000] {cargab3.py:34} INFO - Lendo um bloco de dados...
[2024-11-06T00:00:09.653+0000] {cargab3.py:34} INFO - Lendo um bloco de dados...
[2024-11-06T00:00:09.829+0000] {cargab3.py:34} INFO - Lendo um bloco de dados...
[2024-11-06T00:00:10.018+0000] {cargab3.py:34} INFO - Lendo um bloco de dados...
[2024-11-06T00:00:10.254+0000] {cargab3.py:34} INFO - Lendo um bloco de dados...
[2024-11-06T00:00:10.475+0000] {cargab3.py:34} INFO - Lendo um bloco de dados...
[2024-11-06T00:00:10.681+0000] {cargab3.py:34} INFO - Lendo um bloco de dados...
[2024-11-06T00:00:10.910+0000] {cargab3.py:34} INFO - Lendo um bloco de dados...
[2024-11-06T00:00:11.151+0000] {cargab3.py:34} INFO - Lendo um bloco de dados...
[2024-11-06T00:00:11.426+0000] {cargab3.py:34} INFO - Lendo um bloco de dados...
[2024-11-06T00:00:11.642+0000] {cargab3.py:34} INFO - Lendo um bloco de dados...
[2024-11-06T00:00:11.935+0000] {cargab3.py:34} INFO - Lendo um bloco de dados...
[2024-11-06T00:00:12.184+0000] {cargab3.py:34} INFO - Lendo um bloco de dados...
[2024-11-06T00:00:12.407+0000] {cargab3.py:34} INFO - Lendo um bloco de dados...
[2024-11-06T00:00:12.601+0000] {cargab3.py:34} INFO - Lendo um bloco de dados...
[2024-11-06T00:00:12.836+0000] {cargab3.py:34} INFO - Lendo um bloco de dados...
[2024-11-06T00:00:13.032+0000] {cargab3.py:34} INFO - Lendo um bloco de dados...
[2024-11-06T00:00:13.257+0000] {cargab3.py:34} INFO - Lendo um bloco de dados...
[2024-11-06T00:00:13.545+0000] {cargab3.py:34} INFO - Lendo um bloco de dados...
[2024-11-06T00:00:13.776+0000] {cargab3.py:34} INFO - Lendo um bloco de dados...
[2024-11-06T00:00:13.994+0000] {cargab3.py:34} INFO - Lendo um bloco de dados...
[2024-11-06T00:00:14.302+0000] {cargab3.py:34} INFO - Lendo um bloco de dados...
[2024-11-06T00:00:14.579+0000] {cargab3.py:34} INFO - Lendo um bloco de dados...
[2024-11-06T00:00:14.782+0000] {cargab3.py:34} INFO - Lendo um bloco de dados...
[2024-11-06T00:00:15.115+0000] {cargab3.py:34} INFO - Lendo um bloco de dados...
[2024-11-06T00:00:15.328+0000] {cargab3.py:34} INFO - Lendo um bloco de dados...
[2024-11-06T00:00:15.575+0000] {cargab3.py:34} INFO - Lendo um bloco de dados...
[2024-11-06T00:00:15.807+0000] {cargab3.py:34} INFO - Lendo um bloco de dados...
[2024-11-06T00:00:16.050+0000] {cargab3.py:34} INFO - Lendo um bloco de dados...
[2024-11-06T00:00:16.279+0000] {cargab3.py:34} INFO - Lendo um bloco de dados...
[2024-11-06T00:00:16.532+0000] {cargab3.py:34} INFO - Lendo um bloco de dados...
[2024-11-06T00:00:16.784+0000] {cargab3.py:34} INFO - Lendo um bloco de dados...
[2024-11-06T00:00:17.011+0000] {cargab3.py:34} INFO - Lendo um bloco de dados...
[2024-11-06T00:00:17.239+0000] {cargab3.py:34} INFO - Lendo um bloco de dados...
[2024-11-06T00:00:17.476+0000] {cargab3.py:34} INFO - Lendo um bloco de dados...
[2024-11-06T00:00:17.720+0000] {cargab3.py:34} INFO - Lendo um bloco de dados...
[2024-11-06T00:00:17.975+0000] {cargab3.py:34} INFO - Lendo um bloco de dados...
[2024-11-06T00:00:18.181+0000] {cargab3.py:34} INFO - Lendo um bloco de dados...
[2024-11-06T00:00:18.508+0000] {cargab3.py:34} INFO - Lendo um bloco de dados...
[2024-11-06T00:00:18.758+0000] {cargab3.py:34} INFO - Lendo um bloco de dados...
[2024-11-06T00:00:19.001+0000] {cargab3.py:34} INFO - Lendo um bloco de dados...
[2024-11-06T00:00:19.219+0000] {cargab3.py:34} INFO - Lendo um bloco de dados...
[2024-11-06T00:00:19.443+0000] {cargab3.py:34} INFO - Lendo um bloco de dados...
[2024-11-06T00:00:19.686+0000] {cargab3.py:34} INFO - Lendo um bloco de dados...
[2024-11-06T00:00:19.914+0000] {cargab3.py:34} INFO - Lendo um bloco de dados...
[2024-11-06T00:00:20.131+0000] {cargab3.py:34} INFO - Lendo um bloco de dados...
[2024-11-06T00:00:20.341+0000] {cargab3.py:34} INFO - Lendo um bloco de dados...
[2024-11-06T00:00:20.569+0000] {cargab3.py:34} INFO - Lendo um bloco de dados...
[2024-11-06T00:00:20.835+0000] {cargab3.py:34} INFO - Lendo um bloco de dados...
[2024-11-06T00:00:21.120+0000] {cargab3.py:34} INFO - Lendo um bloco de dados...
[2024-11-06T00:00:21.415+0000] {cargab3.py:34} INFO - Lendo um bloco de dados...
[2024-11-06T00:00:21.672+0000] {cargab3.py:34} INFO - Lendo um bloco de dados...
[2024-11-06T00:00:22.125+0000] {cargab3.py:34} INFO - Lendo um bloco de dados...
[2024-11-06T00:00:22.408+0000] {cargab3.py:34} INFO - Lendo um bloco de dados...
[2024-11-06T00:00:22.615+0000] {cargab3.py:34} INFO - Lendo um bloco de dados...
[2024-11-06T00:00:22.834+0000] {cargab3.py:34} INFO - Lendo um bloco de dados...
[2024-11-06T00:00:23.111+0000] {cargab3.py:34} INFO - Lendo um bloco de dados...
[2024-11-06T00:00:23.365+0000] {cargab3.py:34} INFO - Lendo um bloco de dados...
[2024-11-06T00:00:23.661+0000] {cargab3.py:34} INFO - Lendo um bloco de dados...
[2024-11-06T00:00:23.869+0000] {cargab3.py:34} INFO - Lendo um bloco de dados...
[2024-11-06T00:00:24.113+0000] {cargab3.py:34} INFO - Lendo um bloco de dados...
[2024-11-06T00:00:24.363+0000] {cargab3.py:34} INFO - Lendo um bloco de dados...
[2024-11-06T00:00:24.672+0000] {cargab3.py:34} INFO - Lendo um bloco de dados...
[2024-11-06T00:00:24.942+0000] {cargab3.py:34} INFO - Lendo um bloco de dados...
[2024-11-06T00:00:25.216+0000] {cargab3.py:34} INFO - Lendo um bloco de dados...
[2024-11-06T00:00:25.460+0000] {cargab3.py:34} INFO - Lendo um bloco de dados...
[2024-11-06T00:00:25.700+0000] {cargab3.py:34} INFO - Lendo um bloco de dados...
[2024-11-06T00:00:25.974+0000] {cargab3.py:34} INFO - Lendo um bloco de dados...
[2024-11-06T00:00:26.294+0000] {cargab3.py:34} INFO - Lendo um bloco de dados...
[2024-11-06T00:00:26.594+0000] {cargab3.py:34} INFO - Lendo um bloco de dados...
[2024-11-06T00:00:27.125+0000] {cargab3.py:34} INFO - Lendo um bloco de dados...
[2024-11-06T00:01:04.592+0000] {job.py:229} INFO - Heartbeat recovered after 42.34 seconds
[2024-11-06T00:01:04.608+0000] {local_task_job_runner.py:261} INFO - Task exited with return code -9For more information, see https://***.apache.org/docs/apache-***/stable/troubleshooting.html#LocalTaskJob-killed
[2024-11-06T00:01:04.652+0000] {dagrun.py:977} ERROR - Failed to get task for ti <TaskInstance: cotahist_etl.load_stage scheduled__2024-11-05T00:00:00+00:00 [None]>. Marking it as removed.
[2024-11-06T00:01:04.669+0000] {taskinstance.py:3891} INFO - 0 downstream tasks scheduled from follow-on schedule check
[2024-11-06T00:01:04.674+0000] {local_task_job_runner.py:240} INFO - ::endgroup::
