[2024-11-06T00:00:15.939+0000] {processor.py:186} INFO - Started process (PID=341) to work on /opt/airflow/dags/cargab3.py
[2024-11-06T00:00:15.940+0000] {processor.py:914} INFO - Processing file /opt/airflow/dags/cargab3.py for tasks to queue
[2024-11-06T00:00:15.942+0000] {logging_mixin.py:190} INFO - [2024-11-06T00:00:15.942+0000] {dagbag.py:587} INFO - Filling up the DagBag from /opt/airflow/dags/cargab3.py
[2024-11-06T00:00:16.004+0000] {processor.py:925} INFO - DAG(s) 'cotahist_etl' retrieved from /opt/airflow/dags/cargab3.py
[2024-11-06T00:00:16.089+0000] {logging_mixin.py:190} INFO - [2024-11-06T00:00:16.089+0000] {dag.py:3211} INFO - Sync 1 DAGs
[2024-11-06T00:00:16.111+0000] {logging_mixin.py:190} INFO - [2024-11-06T00:00:16.110+0000] {dag.py:4138} INFO - Setting next_dagrun for cotahist_etl to 2024-11-06 00:00:00+00:00, run_after=2024-11-07 00:00:00+00:00
[2024-11-06T00:00:16.140+0000] {processor.py:208} INFO - Processing /opt/airflow/dags/cargab3.py took 0.206 seconds
[2024-11-06T00:01:05.746+0000] {processor.py:186} INFO - Started process (PID=387) to work on /opt/airflow/dags/cargab3.py
[2024-11-06T00:01:05.748+0000] {processor.py:914} INFO - Processing file /opt/airflow/dags/cargab3.py for tasks to queue
[2024-11-06T00:01:05.751+0000] {logging_mixin.py:190} INFO - [2024-11-06T00:01:05.751+0000] {dagbag.py:587} INFO - Filling up the DagBag from /opt/airflow/dags/cargab3.py
[2024-11-06T00:01:05.818+0000] {processor.py:925} INFO - DAG(s) 'cotahist_etl' retrieved from /opt/airflow/dags/cargab3.py
[2024-11-06T00:01:05.840+0000] {logging_mixin.py:190} INFO - [2024-11-06T00:01:05.840+0000] {dag.py:3211} INFO - Sync 1 DAGs
[2024-11-06T00:01:05.864+0000] {logging_mixin.py:190} INFO - [2024-11-06T00:01:05.864+0000] {dag.py:4138} INFO - Setting next_dagrun for cotahist_etl to 2024-11-06 00:00:00+00:00, run_after=2024-11-07 00:00:00+00:00
[2024-11-06T00:01:05.882+0000] {processor.py:208} INFO - Processing /opt/airflow/dags/cargab3.py took 0.142 seconds
[2024-11-06T00:01:14.727+0000] {processor.py:186} INFO - Started process (PID=433) to work on /opt/airflow/dags/cargab3.py
[2024-11-06T00:01:14.729+0000] {processor.py:914} INFO - Processing file /opt/airflow/dags/cargab3.py for tasks to queue
[2024-11-06T00:01:14.732+0000] {logging_mixin.py:190} INFO - [2024-11-06T00:01:14.732+0000] {dagbag.py:587} INFO - Filling up the DagBag from /opt/airflow/dags/cargab3.py
[2024-11-06T00:01:14.772+0000] {processor.py:925} INFO - DAG(s) 'cotahist_etl' retrieved from /opt/airflow/dags/cargab3.py
[2024-11-06T00:01:14.797+0000] {logging_mixin.py:190} INFO - [2024-11-06T00:01:14.797+0000] {taskinstance.py:3303} ERROR - {'DAG Id': 'cotahist_etl', 'Task Id': 'extract', 'Run Id': 'scheduled__2024-11-05T00:00:00+00:00', 'Hostname': '65428f9e2553', 'External Executor Id': '8e315119-d12f-4e67-8045-ed9e2fe1aec0'}
[2024-11-06T00:01:14.822+0000] {logging_mixin.py:190} INFO - Task instance in failure state
[2024-11-06T00:01:14.823+0000] {logging_mixin.py:190} INFO - Task start:2024-11-06 00:00:01.992908+00:00 end:2024-11-06 00:01:14.804141+00:00 duration:72.811233
[2024-11-06T00:01:14.824+0000] {logging_mixin.py:190} INFO - Task:<Task(PythonOperator): extract> dag:<DAG: cotahist_etl> dagrun:<DagRun cotahist_etl @ 2024-11-05 00:00:00+00:00: scheduled__2024-11-05T00:00:00+00:00, state:running, queued_at: 2024-11-06 00:00:00.302180+00:00. externally triggered: False>
[2024-11-06T00:01:14.824+0000] {logging_mixin.py:190} INFO - Failure caused by {'DAG Id': 'cotahist_etl', 'Task Id': 'extract', 'Run Id': 'scheduled__2024-11-05T00:00:00+00:00', 'Hostname': '65428f9e2553', 'External Executor Id': '8e315119-d12f-4e67-8045-ed9e2fe1aec0'}
[2024-11-06T00:01:14.825+0000] {logging_mixin.py:190} INFO - [2024-11-06T00:01:14.825+0000] {taskinstance.py:1225} INFO - Marking task as FAILED. dag_id=cotahist_etl, task_id=extract, run_id=scheduled__2024-11-05T00:00:00+00:00, execution_date=20241105T000000, start_date=20241106T000001, end_date=20241106T000114
[2024-11-06T00:01:14.839+0000] {logging_mixin.py:190} INFO - [2024-11-06T00:01:14.839+0000] {processor.py:876} INFO - Executed callback for <TaskInstance: cotahist_etl.extract scheduled__2024-11-05T00:00:00+00:00 [failed]> in state failed
[2024-11-06T00:01:14.849+0000] {logging_mixin.py:190} INFO - [2024-11-06T00:01:14.848+0000] {dag.py:3211} INFO - Sync 1 DAGs
[2024-11-06T00:01:14.867+0000] {logging_mixin.py:190} INFO - [2024-11-06T00:01:14.867+0000] {dag.py:4138} INFO - Setting next_dagrun for cotahist_etl to 2024-11-06 00:00:00+00:00, run_after=2024-11-07 00:00:00+00:00
[2024-11-06T00:01:14.886+0000] {processor.py:208} INFO - Processing /opt/airflow/dags/cargab3.py took 0.164 seconds
[2024-11-06T00:01:38.661+0000] {processor.py:186} INFO - Started process (PID=473) to work on /opt/airflow/dags/cargab3.py
[2024-11-06T00:01:38.663+0000] {processor.py:914} INFO - Processing file /opt/airflow/dags/cargab3.py for tasks to queue
[2024-11-06T00:01:38.665+0000] {logging_mixin.py:190} INFO - [2024-11-06T00:01:38.665+0000] {dagbag.py:587} INFO - Filling up the DagBag from /opt/airflow/dags/cargab3.py
[2024-11-06T00:01:38.717+0000] {processor.py:925} INFO - DAG(s) 'cotahist_etl' retrieved from /opt/airflow/dags/cargab3.py
[2024-11-06T00:01:38.733+0000] {logging_mixin.py:190} INFO - [2024-11-06T00:01:38.733+0000] {dag.py:3211} INFO - Sync 1 DAGs
[2024-11-06T00:01:38.753+0000] {logging_mixin.py:190} INFO - [2024-11-06T00:01:38.752+0000] {dag.py:4138} INFO - Setting next_dagrun for cotahist_etl to 2024-11-06 00:00:00+00:00, run_after=2024-11-07 00:00:00+00:00
[2024-11-06T00:01:38.774+0000] {processor.py:208} INFO - Processing /opt/airflow/dags/cargab3.py took 0.118 seconds
[2024-11-06T00:01:55.553+0000] {processor.py:186} INFO - Started process (PID=498) to work on /opt/airflow/dags/cargab3.py
[2024-11-06T00:01:55.554+0000] {processor.py:914} INFO - Processing file /opt/airflow/dags/cargab3.py for tasks to queue
[2024-11-06T00:01:55.557+0000] {logging_mixin.py:190} INFO - [2024-11-06T00:01:55.556+0000] {dagbag.py:587} INFO - Filling up the DagBag from /opt/airflow/dags/cargab3.py
[2024-11-06T00:01:55.618+0000] {processor.py:925} INFO - DAG(s) 'cotahist_etl' retrieved from /opt/airflow/dags/cargab3.py
[2024-11-06T00:01:55.637+0000] {logging_mixin.py:190} INFO - [2024-11-06T00:01:55.637+0000] {dag.py:3211} INFO - Sync 1 DAGs
[2024-11-06T00:01:55.657+0000] {logging_mixin.py:190} INFO - [2024-11-06T00:01:55.657+0000] {dag.py:4138} INFO - Setting next_dagrun for cotahist_etl to 2024-11-06 00:00:00+00:00, run_after=2024-11-07 00:00:00+00:00
[2024-11-06T00:01:55.686+0000] {processor.py:208} INFO - Processing /opt/airflow/dags/cargab3.py took 0.138 seconds
[2024-11-06T00:02:25.739+0000] {processor.py:186} INFO - Started process (PID=561) to work on /opt/airflow/dags/cargab3.py
[2024-11-06T00:02:25.740+0000] {processor.py:914} INFO - Processing file /opt/airflow/dags/cargab3.py for tasks to queue
[2024-11-06T00:02:25.743+0000] {logging_mixin.py:190} INFO - [2024-11-06T00:02:25.742+0000] {dagbag.py:587} INFO - Filling up the DagBag from /opt/airflow/dags/cargab3.py
[2024-11-06T00:02:25.769+0000] {processor.py:925} INFO - DAG(s) 'cotahist_etl' retrieved from /opt/airflow/dags/cargab3.py
[2024-11-06T00:02:25.790+0000] {logging_mixin.py:190} INFO - [2024-11-06T00:02:25.789+0000] {dag.py:3211} INFO - Sync 1 DAGs
[2024-11-06T00:02:25.811+0000] {logging_mixin.py:190} INFO - [2024-11-06T00:02:25.811+0000] {dag.py:4138} INFO - Setting next_dagrun for cotahist_etl to 2024-11-06 00:00:00+00:00, run_after=2024-11-07 00:00:00+00:00
[2024-11-06T00:02:25.829+0000] {processor.py:208} INFO - Processing /opt/airflow/dags/cargab3.py took 0.094 seconds
[2024-11-06T00:02:56.726+0000] {processor.py:186} INFO - Started process (PID=624) to work on /opt/airflow/dags/cargab3.py
[2024-11-06T00:02:56.727+0000] {processor.py:914} INFO - Processing file /opt/airflow/dags/cargab3.py for tasks to queue
[2024-11-06T00:02:56.739+0000] {logging_mixin.py:190} INFO - [2024-11-06T00:02:56.738+0000] {dagbag.py:587} INFO - Filling up the DagBag from /opt/airflow/dags/cargab3.py
[2024-11-06T00:02:56.787+0000] {processor.py:925} INFO - DAG(s) 'cotahist_etl' retrieved from /opt/airflow/dags/cargab3.py
[2024-11-06T00:02:56.804+0000] {logging_mixin.py:190} INFO - [2024-11-06T00:02:56.804+0000] {dag.py:3211} INFO - Sync 1 DAGs
[2024-11-06T00:02:56.823+0000] {logging_mixin.py:190} INFO - [2024-11-06T00:02:56.823+0000] {dag.py:4138} INFO - Setting next_dagrun for cotahist_etl to 2024-11-06 00:00:00+00:00, run_after=2024-11-07 00:00:00+00:00
[2024-11-06T00:02:56.839+0000] {processor.py:208} INFO - Processing /opt/airflow/dags/cargab3.py took 0.118 seconds
[2024-11-06T00:03:27.736+0000] {processor.py:186} INFO - Started process (PID=687) to work on /opt/airflow/dags/cargab3.py
[2024-11-06T00:03:27.737+0000] {processor.py:914} INFO - Processing file /opt/airflow/dags/cargab3.py for tasks to queue
[2024-11-06T00:03:27.740+0000] {logging_mixin.py:190} INFO - [2024-11-06T00:03:27.739+0000] {dagbag.py:587} INFO - Filling up the DagBag from /opt/airflow/dags/cargab3.py
[2024-11-06T00:03:27.779+0000] {processor.py:925} INFO - DAG(s) 'cotahist_etl' retrieved from /opt/airflow/dags/cargab3.py
[2024-11-06T00:03:27.798+0000] {logging_mixin.py:190} INFO - [2024-11-06T00:03:27.797+0000] {dag.py:3211} INFO - Sync 1 DAGs
[2024-11-06T00:03:27.819+0000] {logging_mixin.py:190} INFO - [2024-11-06T00:03:27.819+0000] {dag.py:4138} INFO - Setting next_dagrun for cotahist_etl to 2024-11-06 00:00:00+00:00, run_after=2024-11-07 00:00:00+00:00
[2024-11-06T00:03:27.838+0000] {processor.py:208} INFO - Processing /opt/airflow/dags/cargab3.py took 0.106 seconds
[2024-11-06T00:03:57.918+0000] {processor.py:186} INFO - Started process (PID=750) to work on /opt/airflow/dags/cargab3.py
[2024-11-06T00:03:57.919+0000] {processor.py:914} INFO - Processing file /opt/airflow/dags/cargab3.py for tasks to queue
[2024-11-06T00:03:57.922+0000] {logging_mixin.py:190} INFO - [2024-11-06T00:03:57.922+0000] {dagbag.py:587} INFO - Filling up the DagBag from /opt/airflow/dags/cargab3.py
[2024-11-06T00:03:57.977+0000] {processor.py:925} INFO - DAG(s) 'cotahist_etl' retrieved from /opt/airflow/dags/cargab3.py
[2024-11-06T00:03:57.997+0000] {logging_mixin.py:190} INFO - [2024-11-06T00:03:57.996+0000] {dag.py:3211} INFO - Sync 1 DAGs
[2024-11-06T00:03:58.019+0000] {logging_mixin.py:190} INFO - [2024-11-06T00:03:58.019+0000] {dag.py:4138} INFO - Setting next_dagrun for cotahist_etl to 2024-11-06 00:00:00+00:00, run_after=2024-11-07 00:00:00+00:00
[2024-11-06T00:03:58.040+0000] {processor.py:208} INFO - Processing /opt/airflow/dags/cargab3.py took 0.128 seconds
[2024-11-06T00:04:28.250+0000] {processor.py:186} INFO - Started process (PID=813) to work on /opt/airflow/dags/cargab3.py
[2024-11-06T00:04:28.251+0000] {processor.py:914} INFO - Processing file /opt/airflow/dags/cargab3.py for tasks to queue
[2024-11-06T00:04:28.253+0000] {logging_mixin.py:190} INFO - [2024-11-06T00:04:28.253+0000] {dagbag.py:587} INFO - Filling up the DagBag from /opt/airflow/dags/cargab3.py
[2024-11-06T00:04:28.281+0000] {processor.py:925} INFO - DAG(s) 'cotahist_etl' retrieved from /opt/airflow/dags/cargab3.py
[2024-11-06T00:04:28.299+0000] {logging_mixin.py:190} INFO - [2024-11-06T00:04:28.298+0000] {dag.py:3211} INFO - Sync 1 DAGs
[2024-11-06T00:04:28.320+0000] {logging_mixin.py:190} INFO - [2024-11-06T00:04:28.320+0000] {dag.py:4138} INFO - Setting next_dagrun for cotahist_etl to 2024-11-06 00:00:00+00:00, run_after=2024-11-07 00:00:00+00:00
[2024-11-06T00:04:28.339+0000] {processor.py:208} INFO - Processing /opt/airflow/dags/cargab3.py took 0.096 seconds
[2024-11-06T00:04:58.576+0000] {processor.py:186} INFO - Started process (PID=876) to work on /opt/airflow/dags/cargab3.py
[2024-11-06T00:04:58.577+0000] {processor.py:914} INFO - Processing file /opt/airflow/dags/cargab3.py for tasks to queue
[2024-11-06T00:04:58.579+0000] {logging_mixin.py:190} INFO - [2024-11-06T00:04:58.579+0000] {dagbag.py:587} INFO - Filling up the DagBag from /opt/airflow/dags/cargab3.py
[2024-11-06T00:04:58.608+0000] {processor.py:925} INFO - DAG(s) 'cotahist_etl' retrieved from /opt/airflow/dags/cargab3.py
[2024-11-06T00:04:58.626+0000] {logging_mixin.py:190} INFO - [2024-11-06T00:04:58.625+0000] {dag.py:3211} INFO - Sync 1 DAGs
[2024-11-06T00:04:58.660+0000] {logging_mixin.py:190} INFO - [2024-11-06T00:04:58.660+0000] {dag.py:4138} INFO - Setting next_dagrun for cotahist_etl to 2024-11-06 00:00:00+00:00, run_after=2024-11-07 00:00:00+00:00
[2024-11-06T00:04:58.682+0000] {processor.py:208} INFO - Processing /opt/airflow/dags/cargab3.py took 0.110 seconds
[2024-11-06T00:05:28.996+0000] {processor.py:186} INFO - Started process (PID=939) to work on /opt/airflow/dags/cargab3.py
[2024-11-06T00:05:28.997+0000] {processor.py:914} INFO - Processing file /opt/airflow/dags/cargab3.py for tasks to queue
[2024-11-06T00:05:29.000+0000] {logging_mixin.py:190} INFO - [2024-11-06T00:05:28.999+0000] {dagbag.py:587} INFO - Filling up the DagBag from /opt/airflow/dags/cargab3.py
[2024-11-06T00:05:29.037+0000] {processor.py:925} INFO - DAG(s) 'cotahist_etl' retrieved from /opt/airflow/dags/cargab3.py
[2024-11-06T00:05:29.056+0000] {logging_mixin.py:190} INFO - [2024-11-06T00:05:29.056+0000] {dag.py:3211} INFO - Sync 1 DAGs
[2024-11-06T00:05:29.078+0000] {logging_mixin.py:190} INFO - [2024-11-06T00:05:29.078+0000] {dag.py:4138} INFO - Setting next_dagrun for cotahist_etl to 2024-11-06 00:00:00+00:00, run_after=2024-11-07 00:00:00+00:00
[2024-11-06T00:05:29.096+0000] {processor.py:208} INFO - Processing /opt/airflow/dags/cargab3.py took 0.105 seconds
[2024-11-06T00:05:59.222+0000] {processor.py:186} INFO - Started process (PID=1003) to work on /opt/airflow/dags/cargab3.py
[2024-11-06T00:05:59.223+0000] {processor.py:914} INFO - Processing file /opt/airflow/dags/cargab3.py for tasks to queue
[2024-11-06T00:05:59.225+0000] {logging_mixin.py:190} INFO - [2024-11-06T00:05:59.225+0000] {dagbag.py:587} INFO - Filling up the DagBag from /opt/airflow/dags/cargab3.py
[2024-11-06T00:05:59.263+0000] {processor.py:925} INFO - DAG(s) 'cotahist_etl' retrieved from /opt/airflow/dags/cargab3.py
[2024-11-06T00:05:59.282+0000] {logging_mixin.py:190} INFO - [2024-11-06T00:05:59.282+0000] {dag.py:3211} INFO - Sync 1 DAGs
[2024-11-06T00:05:59.302+0000] {logging_mixin.py:190} INFO - [2024-11-06T00:05:59.301+0000] {dag.py:4138} INFO - Setting next_dagrun for cotahist_etl to 2024-11-06 00:00:00+00:00, run_after=2024-11-07 00:00:00+00:00
[2024-11-06T00:05:59.323+0000] {processor.py:208} INFO - Processing /opt/airflow/dags/cargab3.py took 0.107 seconds
[2024-11-06T00:06:29.977+0000] {processor.py:186} INFO - Started process (PID=1066) to work on /opt/airflow/dags/cargab3.py
[2024-11-06T00:06:29.978+0000] {processor.py:914} INFO - Processing file /opt/airflow/dags/cargab3.py for tasks to queue
[2024-11-06T00:06:29.980+0000] {logging_mixin.py:190} INFO - [2024-11-06T00:06:29.980+0000] {dagbag.py:587} INFO - Filling up the DagBag from /opt/airflow/dags/cargab3.py
[2024-11-06T00:06:30.018+0000] {processor.py:925} INFO - DAG(s) 'cotahist_etl' retrieved from /opt/airflow/dags/cargab3.py
[2024-11-06T00:06:30.035+0000] {logging_mixin.py:190} INFO - [2024-11-06T00:06:30.035+0000] {dag.py:3211} INFO - Sync 1 DAGs
[2024-11-06T00:06:30.057+0000] {logging_mixin.py:190} INFO - [2024-11-06T00:06:30.057+0000] {dag.py:4138} INFO - Setting next_dagrun for cotahist_etl to 2024-11-06 00:00:00+00:00, run_after=2024-11-07 00:00:00+00:00
[2024-11-06T00:06:30.074+0000] {processor.py:208} INFO - Processing /opt/airflow/dags/cargab3.py took 0.102 seconds
[2024-11-06T00:07:00.764+0000] {processor.py:186} INFO - Started process (PID=1130) to work on /opt/airflow/dags/cargab3.py
[2024-11-06T00:07:00.771+0000] {processor.py:914} INFO - Processing file /opt/airflow/dags/cargab3.py for tasks to queue
[2024-11-06T00:07:00.777+0000] {logging_mixin.py:190} INFO - [2024-11-06T00:07:00.776+0000] {dagbag.py:587} INFO - Filling up the DagBag from /opt/airflow/dags/cargab3.py
[2024-11-06T00:07:00.834+0000] {processor.py:925} INFO - DAG(s) 'cotahist_etl' retrieved from /opt/airflow/dags/cargab3.py
[2024-11-06T00:07:00.854+0000] {logging_mixin.py:190} INFO - [2024-11-06T00:07:00.854+0000] {dag.py:3211} INFO - Sync 1 DAGs
[2024-11-06T00:07:00.876+0000] {logging_mixin.py:190} INFO - [2024-11-06T00:07:00.876+0000] {dag.py:4138} INFO - Setting next_dagrun for cotahist_etl to 2024-11-06 00:00:00+00:00, run_after=2024-11-07 00:00:00+00:00
[2024-11-06T00:07:00.894+0000] {processor.py:208} INFO - Processing /opt/airflow/dags/cargab3.py took 0.148 seconds
[2024-11-06T00:07:31.479+0000] {processor.py:186} INFO - Started process (PID=1193) to work on /opt/airflow/dags/cargab3.py
[2024-11-06T00:07:31.480+0000] {processor.py:914} INFO - Processing file /opt/airflow/dags/cargab3.py for tasks to queue
[2024-11-06T00:07:31.483+0000] {logging_mixin.py:190} INFO - [2024-11-06T00:07:31.482+0000] {dagbag.py:587} INFO - Filling up the DagBag from /opt/airflow/dags/cargab3.py
[2024-11-06T00:07:31.523+0000] {processor.py:925} INFO - DAG(s) 'cotahist_etl' retrieved from /opt/airflow/dags/cargab3.py
[2024-11-06T00:07:31.540+0000] {logging_mixin.py:190} INFO - [2024-11-06T00:07:31.540+0000] {dag.py:3211} INFO - Sync 1 DAGs
[2024-11-06T00:07:31.563+0000] {logging_mixin.py:190} INFO - [2024-11-06T00:07:31.563+0000] {dag.py:4138} INFO - Setting next_dagrun for cotahist_etl to 2024-11-06 00:00:00+00:00, run_after=2024-11-07 00:00:00+00:00
[2024-11-06T00:07:31.582+0000] {processor.py:208} INFO - Processing /opt/airflow/dags/cargab3.py took 0.108 seconds
[2024-11-06T00:08:01.717+0000] {processor.py:186} INFO - Started process (PID=1256) to work on /opt/airflow/dags/cargab3.py
[2024-11-06T00:08:01.718+0000] {processor.py:914} INFO - Processing file /opt/airflow/dags/cargab3.py for tasks to queue
[2024-11-06T00:08:01.721+0000] {logging_mixin.py:190} INFO - [2024-11-06T00:08:01.720+0000] {dagbag.py:587} INFO - Filling up the DagBag from /opt/airflow/dags/cargab3.py
[2024-11-06T00:08:01.770+0000] {processor.py:925} INFO - DAG(s) 'cotahist_etl' retrieved from /opt/airflow/dags/cargab3.py
[2024-11-06T00:08:01.789+0000] {logging_mixin.py:190} INFO - [2024-11-06T00:08:01.788+0000] {dag.py:3211} INFO - Sync 1 DAGs
[2024-11-06T00:08:01.810+0000] {logging_mixin.py:190} INFO - [2024-11-06T00:08:01.810+0000] {dag.py:4138} INFO - Setting next_dagrun for cotahist_etl to 2024-11-06 00:00:00+00:00, run_after=2024-11-07 00:00:00+00:00
[2024-11-06T00:08:01.829+0000] {processor.py:208} INFO - Processing /opt/airflow/dags/cargab3.py took 0.116 seconds
[2024-11-06T00:08:31.993+0000] {processor.py:186} INFO - Started process (PID=1319) to work on /opt/airflow/dags/cargab3.py
[2024-11-06T00:08:31.994+0000] {processor.py:914} INFO - Processing file /opt/airflow/dags/cargab3.py for tasks to queue
[2024-11-06T00:08:31.997+0000] {logging_mixin.py:190} INFO - [2024-11-06T00:08:31.997+0000] {dagbag.py:587} INFO - Filling up the DagBag from /opt/airflow/dags/cargab3.py
[2024-11-06T00:08:32.028+0000] {processor.py:925} INFO - DAG(s) 'cotahist_etl' retrieved from /opt/airflow/dags/cargab3.py
[2024-11-06T00:08:32.045+0000] {logging_mixin.py:190} INFO - [2024-11-06T00:08:32.044+0000] {dag.py:3211} INFO - Sync 1 DAGs
[2024-11-06T00:08:32.064+0000] {logging_mixin.py:190} INFO - [2024-11-06T00:08:32.064+0000] {dag.py:4138} INFO - Setting next_dagrun for cotahist_etl to 2024-11-06 00:00:00+00:00, run_after=2024-11-07 00:00:00+00:00
[2024-11-06T00:08:32.086+0000] {processor.py:208} INFO - Processing /opt/airflow/dags/cargab3.py took 0.098 seconds
[2024-11-06T00:09:02.809+0000] {processor.py:186} INFO - Started process (PID=1382) to work on /opt/airflow/dags/cargab3.py
[2024-11-06T00:09:02.810+0000] {processor.py:914} INFO - Processing file /opt/airflow/dags/cargab3.py for tasks to queue
[2024-11-06T00:09:02.812+0000] {logging_mixin.py:190} INFO - [2024-11-06T00:09:02.812+0000] {dagbag.py:587} INFO - Filling up the DagBag from /opt/airflow/dags/cargab3.py
[2024-11-06T00:09:02.849+0000] {processor.py:925} INFO - DAG(s) 'cotahist_etl' retrieved from /opt/airflow/dags/cargab3.py
[2024-11-06T00:09:02.867+0000] {logging_mixin.py:190} INFO - [2024-11-06T00:09:02.866+0000] {dag.py:3211} INFO - Sync 1 DAGs
[2024-11-06T00:09:02.885+0000] {logging_mixin.py:190} INFO - [2024-11-06T00:09:02.885+0000] {dag.py:4138} INFO - Setting next_dagrun for cotahist_etl to 2024-11-06 00:00:00+00:00, run_after=2024-11-07 00:00:00+00:00
[2024-11-06T00:09:02.908+0000] {processor.py:208} INFO - Processing /opt/airflow/dags/cargab3.py took 0.104 seconds
[2024-11-06T00:09:33.495+0000] {processor.py:186} INFO - Started process (PID=1445) to work on /opt/airflow/dags/cargab3.py
[2024-11-06T00:09:33.496+0000] {processor.py:914} INFO - Processing file /opt/airflow/dags/cargab3.py for tasks to queue
[2024-11-06T00:09:33.498+0000] {logging_mixin.py:190} INFO - [2024-11-06T00:09:33.498+0000] {dagbag.py:587} INFO - Filling up the DagBag from /opt/airflow/dags/cargab3.py
[2024-11-06T00:09:33.527+0000] {processor.py:925} INFO - DAG(s) 'cotahist_etl' retrieved from /opt/airflow/dags/cargab3.py
[2024-11-06T00:09:33.543+0000] {logging_mixin.py:190} INFO - [2024-11-06T00:09:33.543+0000] {dag.py:3211} INFO - Sync 1 DAGs
[2024-11-06T00:09:33.561+0000] {logging_mixin.py:190} INFO - [2024-11-06T00:09:33.561+0000] {dag.py:4138} INFO - Setting next_dagrun for cotahist_etl to 2024-11-06 00:00:00+00:00, run_after=2024-11-07 00:00:00+00:00
[2024-11-06T00:09:33.582+0000] {processor.py:208} INFO - Processing /opt/airflow/dags/cargab3.py took 0.091 seconds
[2024-11-06T00:09:44.824+0000] {processor.py:186} INFO - Started process (PID=1454) to work on /opt/airflow/dags/cargab3.py
[2024-11-06T00:09:44.826+0000] {processor.py:914} INFO - Processing file /opt/airflow/dags/cargab3.py for tasks to queue
[2024-11-06T00:09:44.829+0000] {logging_mixin.py:190} INFO - [2024-11-06T00:09:44.829+0000] {dagbag.py:587} INFO - Filling up the DagBag from /opt/airflow/dags/cargab3.py
[2024-11-06T00:09:44.896+0000] {processor.py:925} INFO - DAG(s) 'cotahist_etl' retrieved from /opt/airflow/dags/cargab3.py
[2024-11-06T00:09:44.995+0000] {logging_mixin.py:190} INFO - [2024-11-06T00:09:44.994+0000] {dag.py:3211} INFO - Sync 1 DAGs
[2024-11-06T00:09:45.022+0000] {logging_mixin.py:190} INFO - [2024-11-06T00:09:45.021+0000] {dag.py:4138} INFO - Setting next_dagrun for cotahist_etl to 2024-11-06 00:00:00+00:00, run_after=2024-11-07 00:00:00+00:00
[2024-11-06T00:09:45.059+0000] {processor.py:208} INFO - Processing /opt/airflow/dags/cargab3.py took 0.242 seconds
[2024-11-06T00:10:15.553+0000] {processor.py:186} INFO - Started process (PID=1516) to work on /opt/airflow/dags/cargab3.py
[2024-11-06T00:10:15.554+0000] {processor.py:914} INFO - Processing file /opt/airflow/dags/cargab3.py for tasks to queue
[2024-11-06T00:10:15.557+0000] {logging_mixin.py:190} INFO - [2024-11-06T00:10:15.557+0000] {dagbag.py:587} INFO - Filling up the DagBag from /opt/airflow/dags/cargab3.py
[2024-11-06T00:10:15.597+0000] {processor.py:925} INFO - DAG(s) 'cotahist_etl' retrieved from /opt/airflow/dags/cargab3.py
[2024-11-06T00:10:15.617+0000] {logging_mixin.py:190} INFO - [2024-11-06T00:10:15.617+0000] {dag.py:3211} INFO - Sync 1 DAGs
[2024-11-06T00:10:15.639+0000] {logging_mixin.py:190} INFO - [2024-11-06T00:10:15.639+0000] {dag.py:4138} INFO - Setting next_dagrun for cotahist_etl to 2024-11-06 00:00:00+00:00, run_after=2024-11-07 00:00:00+00:00
[2024-11-06T00:10:15.661+0000] {processor.py:208} INFO - Processing /opt/airflow/dags/cargab3.py took 0.114 seconds
[2024-11-06T00:10:45.783+0000] {processor.py:186} INFO - Started process (PID=1579) to work on /opt/airflow/dags/cargab3.py
[2024-11-06T00:10:45.785+0000] {processor.py:914} INFO - Processing file /opt/airflow/dags/cargab3.py for tasks to queue
[2024-11-06T00:10:45.787+0000] {logging_mixin.py:190} INFO - [2024-11-06T00:10:45.787+0000] {dagbag.py:587} INFO - Filling up the DagBag from /opt/airflow/dags/cargab3.py
[2024-11-06T00:10:45.842+0000] {processor.py:925} INFO - DAG(s) 'cotahist_etl' retrieved from /opt/airflow/dags/cargab3.py
[2024-11-06T00:10:45.860+0000] {logging_mixin.py:190} INFO - [2024-11-06T00:10:45.859+0000] {dag.py:3211} INFO - Sync 1 DAGs
[2024-11-06T00:10:45.894+0000] {logging_mixin.py:190} INFO - [2024-11-06T00:10:45.894+0000] {dag.py:4138} INFO - Setting next_dagrun for cotahist_etl to 2024-11-06 00:00:00+00:00, run_after=2024-11-07 00:00:00+00:00
[2024-11-06T00:10:45.917+0000] {processor.py:208} INFO - Processing /opt/airflow/dags/cargab3.py took 0.138 seconds
[2024-11-06T00:11:16.466+0000] {processor.py:186} INFO - Started process (PID=1642) to work on /opt/airflow/dags/cargab3.py
[2024-11-06T00:11:16.467+0000] {processor.py:914} INFO - Processing file /opt/airflow/dags/cargab3.py for tasks to queue
[2024-11-06T00:11:16.472+0000] {logging_mixin.py:190} INFO - [2024-11-06T00:11:16.471+0000] {dagbag.py:587} INFO - Filling up the DagBag from /opt/airflow/dags/cargab3.py
[2024-11-06T00:11:16.502+0000] {processor.py:925} INFO - DAG(s) 'cotahist_etl' retrieved from /opt/airflow/dags/cargab3.py
[2024-11-06T00:11:16.519+0000] {logging_mixin.py:190} INFO - [2024-11-06T00:11:16.519+0000] {dag.py:3211} INFO - Sync 1 DAGs
[2024-11-06T00:11:16.542+0000] {logging_mixin.py:190} INFO - [2024-11-06T00:11:16.542+0000] {dag.py:4138} INFO - Setting next_dagrun for cotahist_etl to 2024-11-06 00:00:00+00:00, run_after=2024-11-07 00:00:00+00:00
[2024-11-06T00:11:16.561+0000] {processor.py:208} INFO - Processing /opt/airflow/dags/cargab3.py took 0.100 seconds
[2024-11-06T00:11:47.192+0000] {processor.py:186} INFO - Started process (PID=1705) to work on /opt/airflow/dags/cargab3.py
[2024-11-06T00:11:47.194+0000] {processor.py:914} INFO - Processing file /opt/airflow/dags/cargab3.py for tasks to queue
[2024-11-06T00:11:47.199+0000] {logging_mixin.py:190} INFO - [2024-11-06T00:11:47.198+0000] {dagbag.py:587} INFO - Filling up the DagBag from /opt/airflow/dags/cargab3.py
[2024-11-06T00:11:47.233+0000] {processor.py:925} INFO - DAG(s) 'cotahist_etl' retrieved from /opt/airflow/dags/cargab3.py
[2024-11-06T00:11:47.250+0000] {logging_mixin.py:190} INFO - [2024-11-06T00:11:47.250+0000] {dag.py:3211} INFO - Sync 1 DAGs
[2024-11-06T00:11:47.271+0000] {logging_mixin.py:190} INFO - [2024-11-06T00:11:47.270+0000] {dag.py:4138} INFO - Setting next_dagrun for cotahist_etl to 2024-11-06 00:00:00+00:00, run_after=2024-11-07 00:00:00+00:00
[2024-11-06T00:11:47.289+0000] {processor.py:208} INFO - Processing /opt/airflow/dags/cargab3.py took 0.106 seconds
[2024-11-06T00:12:17.416+0000] {processor.py:186} INFO - Started process (PID=1768) to work on /opt/airflow/dags/cargab3.py
[2024-11-06T00:12:17.417+0000] {processor.py:914} INFO - Processing file /opt/airflow/dags/cargab3.py for tasks to queue
[2024-11-06T00:12:17.419+0000] {logging_mixin.py:190} INFO - [2024-11-06T00:12:17.419+0000] {dagbag.py:587} INFO - Filling up the DagBag from /opt/airflow/dags/cargab3.py
[2024-11-06T00:12:17.460+0000] {processor.py:925} INFO - DAG(s) 'cotahist_etl' retrieved from /opt/airflow/dags/cargab3.py
[2024-11-06T00:12:17.481+0000] {logging_mixin.py:190} INFO - [2024-11-06T00:12:17.481+0000] {dag.py:3211} INFO - Sync 1 DAGs
[2024-11-06T00:12:17.507+0000] {logging_mixin.py:190} INFO - [2024-11-06T00:12:17.507+0000] {dag.py:4138} INFO - Setting next_dagrun for cotahist_etl to 2024-11-06 00:00:00+00:00, run_after=2024-11-07 00:00:00+00:00
[2024-11-06T00:12:17.527+0000] {processor.py:208} INFO - Processing /opt/airflow/dags/cargab3.py took 0.118 seconds
[2024-11-06T00:12:47.890+0000] {processor.py:186} INFO - Started process (PID=1831) to work on /opt/airflow/dags/cargab3.py
[2024-11-06T00:12:47.891+0000] {processor.py:914} INFO - Processing file /opt/airflow/dags/cargab3.py for tasks to queue
[2024-11-06T00:12:47.893+0000] {logging_mixin.py:190} INFO - [2024-11-06T00:12:47.892+0000] {dagbag.py:587} INFO - Filling up the DagBag from /opt/airflow/dags/cargab3.py
[2024-11-06T00:12:47.985+0000] {processor.py:925} INFO - DAG(s) 'cotahist_etl' retrieved from /opt/airflow/dags/cargab3.py
[2024-11-06T00:12:48.009+0000] {logging_mixin.py:190} INFO - [2024-11-06T00:12:48.009+0000] {dag.py:3211} INFO - Sync 1 DAGs
[2024-11-06T00:12:48.042+0000] {logging_mixin.py:190} INFO - [2024-11-06T00:12:48.041+0000] {dag.py:4138} INFO - Setting next_dagrun for cotahist_etl to 2024-11-06 00:00:00+00:00, run_after=2024-11-07 00:00:00+00:00
[2024-11-06T00:12:48.065+0000] {processor.py:208} INFO - Processing /opt/airflow/dags/cargab3.py took 0.180 seconds
[2024-11-06T00:12:48.271+0000] {processor.py:186} INFO - Started process (PID=1835) to work on /opt/airflow/dags/cargab3.py
[2024-11-06T00:12:48.272+0000] {processor.py:914} INFO - Processing file /opt/airflow/dags/cargab3.py for tasks to queue
[2024-11-06T00:12:48.274+0000] {logging_mixin.py:190} INFO - [2024-11-06T00:12:48.274+0000] {dagbag.py:587} INFO - Filling up the DagBag from /opt/airflow/dags/cargab3.py
[2024-11-06T00:12:48.333+0000] {processor.py:925} INFO - DAG(s) 'ETL_B3_Cotacao' retrieved from /opt/airflow/dags/cargab3.py
[2024-11-06T00:12:48.419+0000] {logging_mixin.py:190} INFO - [2024-11-06T00:12:48.419+0000] {override.py:1858} INFO - Created Permission View: can delete on DAG:ETL_B3_Cotacao
[2024-11-06T00:12:48.428+0000] {logging_mixin.py:190} INFO - [2024-11-06T00:12:48.428+0000] {override.py:1858} INFO - Created Permission View: can edit on DAG:ETL_B3_Cotacao
[2024-11-06T00:12:48.434+0000] {logging_mixin.py:190} INFO - [2024-11-06T00:12:48.433+0000] {override.py:1858} INFO - Created Permission View: can read on DAG:ETL_B3_Cotacao
[2024-11-06T00:12:48.435+0000] {logging_mixin.py:190} INFO - [2024-11-06T00:12:48.435+0000] {dag.py:3211} INFO - Sync 1 DAGs
[2024-11-06T00:12:48.447+0000] {logging_mixin.py:190} INFO - [2024-11-06T00:12:48.446+0000] {dag.py:3234} INFO - Creating ORM DAG for ETL_B3_Cotacao
[2024-11-06T00:12:48.456+0000] {logging_mixin.py:190} INFO - [2024-11-06T00:12:48.456+0000] {dag.py:4138} INFO - Setting next_dagrun for ETL_B3_Cotacao to 2024-11-05 00:00:00+00:00, run_after=2024-11-06 00:00:00+00:00
[2024-11-06T00:12:48.478+0000] {processor.py:208} INFO - Processing /opt/airflow/dags/cargab3.py took 0.212 seconds
[2024-11-06T00:13:18.734+0000] {processor.py:186} INFO - Started process (PID=1898) to work on /opt/airflow/dags/cargab3.py
[2024-11-06T00:13:18.735+0000] {processor.py:914} INFO - Processing file /opt/airflow/dags/cargab3.py for tasks to queue
[2024-11-06T00:13:18.738+0000] {logging_mixin.py:190} INFO - [2024-11-06T00:13:18.737+0000] {dagbag.py:587} INFO - Filling up the DagBag from /opt/airflow/dags/cargab3.py
[2024-11-06T00:13:18.774+0000] {processor.py:925} INFO - DAG(s) 'ETL_B3_Cotacao' retrieved from /opt/airflow/dags/cargab3.py
[2024-11-06T00:13:18.792+0000] {logging_mixin.py:190} INFO - [2024-11-06T00:13:18.791+0000] {dag.py:3211} INFO - Sync 1 DAGs
[2024-11-06T00:13:18.812+0000] {logging_mixin.py:190} INFO - [2024-11-06T00:13:18.812+0000] {dag.py:4138} INFO - Setting next_dagrun for ETL_B3_Cotacao to 2024-11-05 00:00:00+00:00, run_after=2024-11-06 00:00:00+00:00
[2024-11-06T00:13:18.831+0000] {processor.py:208} INFO - Processing /opt/airflow/dags/cargab3.py took 0.104 seconds
[2024-11-06T00:13:49.048+0000] {processor.py:186} INFO - Started process (PID=1958) to work on /opt/airflow/dags/cargab3.py
[2024-11-06T00:13:49.049+0000] {processor.py:914} INFO - Processing file /opt/airflow/dags/cargab3.py for tasks to queue
[2024-11-06T00:13:49.052+0000] {logging_mixin.py:190} INFO - [2024-11-06T00:13:49.052+0000] {dagbag.py:587} INFO - Filling up the DagBag from /opt/airflow/dags/cargab3.py
[2024-11-06T00:13:49.088+0000] {processor.py:925} INFO - DAG(s) 'ETL_B3_Cotacao' retrieved from /opt/airflow/dags/cargab3.py
[2024-11-06T00:13:49.105+0000] {logging_mixin.py:190} INFO - [2024-11-06T00:13:49.105+0000] {dag.py:3211} INFO - Sync 1 DAGs
[2024-11-06T00:13:49.126+0000] {logging_mixin.py:190} INFO - [2024-11-06T00:13:49.126+0000] {dag.py:4138} INFO - Setting next_dagrun for ETL_B3_Cotacao to 2024-11-05 00:00:00+00:00, run_after=2024-11-06 00:00:00+00:00
[2024-11-06T00:13:49.142+0000] {processor.py:208} INFO - Processing /opt/airflow/dags/cargab3.py took 0.100 seconds
[2024-11-06T00:14:04.026+0000] {processor.py:186} INFO - Started process (PID=2013) to work on /opt/airflow/dags/cargab3.py
[2024-11-06T00:14:04.028+0000] {processor.py:914} INFO - Processing file /opt/airflow/dags/cargab3.py for tasks to queue
[2024-11-06T00:14:04.030+0000] {logging_mixin.py:190} INFO - [2024-11-06T00:14:04.030+0000] {dagbag.py:587} INFO - Filling up the DagBag from /opt/airflow/dags/cargab3.py
[2024-11-06T00:14:04.087+0000] {processor.py:925} INFO - DAG(s) 'cotahist_etl' retrieved from /opt/airflow/dags/cargab3.py
[2024-11-06T00:14:04.106+0000] {logging_mixin.py:190} INFO - [2024-11-06T00:14:04.105+0000] {dag.py:3211} INFO - Sync 1 DAGs
[2024-11-06T00:14:04.129+0000] {logging_mixin.py:190} INFO - [2024-11-06T00:14:04.129+0000] {dag.py:4138} INFO - Setting next_dagrun for cotahist_etl to 2024-11-06 00:00:00+00:00, run_after=2024-11-07 00:00:00+00:00
[2024-11-06T00:14:04.161+0000] {processor.py:208} INFO - Processing /opt/airflow/dags/cargab3.py took 0.140 seconds
[2024-11-06T00:14:34.625+0000] {processor.py:186} INFO - Started process (PID=2076) to work on /opt/airflow/dags/cargab3.py
[2024-11-06T00:14:34.626+0000] {processor.py:914} INFO - Processing file /opt/airflow/dags/cargab3.py for tasks to queue
[2024-11-06T00:14:34.629+0000] {logging_mixin.py:190} INFO - [2024-11-06T00:14:34.628+0000] {dagbag.py:587} INFO - Filling up the DagBag from /opt/airflow/dags/cargab3.py
[2024-11-06T00:14:34.671+0000] {processor.py:925} INFO - DAG(s) 'cotahist_etl' retrieved from /opt/airflow/dags/cargab3.py
[2024-11-06T00:14:34.690+0000] {logging_mixin.py:190} INFO - [2024-11-06T00:14:34.690+0000] {dag.py:3211} INFO - Sync 1 DAGs
[2024-11-06T00:14:34.718+0000] {logging_mixin.py:190} INFO - [2024-11-06T00:14:34.717+0000] {dag.py:4138} INFO - Setting next_dagrun for cotahist_etl to 2024-11-06 00:00:00+00:00, run_after=2024-11-07 00:00:00+00:00
[2024-11-06T00:14:34.736+0000] {processor.py:208} INFO - Processing /opt/airflow/dags/cargab3.py took 0.121 seconds
[2024-11-06T00:15:04.949+0000] {processor.py:186} INFO - Started process (PID=2139) to work on /opt/airflow/dags/cargab3.py
[2024-11-06T00:15:04.951+0000] {processor.py:914} INFO - Processing file /opt/airflow/dags/cargab3.py for tasks to queue
[2024-11-06T00:15:04.953+0000] {logging_mixin.py:190} INFO - [2024-11-06T00:15:04.953+0000] {dagbag.py:587} INFO - Filling up the DagBag from /opt/airflow/dags/cargab3.py
[2024-11-06T00:15:04.991+0000] {processor.py:925} INFO - DAG(s) 'cotahist_etl' retrieved from /opt/airflow/dags/cargab3.py
[2024-11-06T00:15:05.010+0000] {logging_mixin.py:190} INFO - [2024-11-06T00:15:05.010+0000] {dag.py:3211} INFO - Sync 1 DAGs
[2024-11-06T00:15:05.029+0000] {logging_mixin.py:190} INFO - [2024-11-06T00:15:05.029+0000] {dag.py:4138} INFO - Setting next_dagrun for cotahist_etl to 2024-11-06 00:00:00+00:00, run_after=2024-11-07 00:00:00+00:00
[2024-11-06T00:15:05.045+0000] {processor.py:208} INFO - Processing /opt/airflow/dags/cargab3.py took 0.101 seconds
[2024-11-06T00:15:35.400+0000] {processor.py:186} INFO - Started process (PID=2202) to work on /opt/airflow/dags/cargab3.py
[2024-11-06T00:15:35.402+0000] {processor.py:914} INFO - Processing file /opt/airflow/dags/cargab3.py for tasks to queue
[2024-11-06T00:15:35.403+0000] {logging_mixin.py:190} INFO - [2024-11-06T00:15:35.403+0000] {dagbag.py:587} INFO - Filling up the DagBag from /opt/airflow/dags/cargab3.py
[2024-11-06T00:15:35.448+0000] {processor.py:925} INFO - DAG(s) 'cotahist_etl' retrieved from /opt/airflow/dags/cargab3.py
[2024-11-06T00:15:35.465+0000] {logging_mixin.py:190} INFO - [2024-11-06T00:15:35.465+0000] {dag.py:3211} INFO - Sync 1 DAGs
[2024-11-06T00:15:35.487+0000] {logging_mixin.py:190} INFO - [2024-11-06T00:15:35.486+0000] {dag.py:4138} INFO - Setting next_dagrun for cotahist_etl to 2024-11-06 00:00:00+00:00, run_after=2024-11-07 00:00:00+00:00
[2024-11-06T00:15:35.504+0000] {processor.py:208} INFO - Processing /opt/airflow/dags/cargab3.py took 0.109 seconds
[2024-11-06T00:16:06.278+0000] {processor.py:186} INFO - Started process (PID=2265) to work on /opt/airflow/dags/cargab3.py
[2024-11-06T00:16:06.279+0000] {processor.py:914} INFO - Processing file /opt/airflow/dags/cargab3.py for tasks to queue
[2024-11-06T00:16:06.280+0000] {logging_mixin.py:190} INFO - [2024-11-06T00:16:06.280+0000] {dagbag.py:587} INFO - Filling up the DagBag from /opt/airflow/dags/cargab3.py
[2024-11-06T00:16:06.328+0000] {processor.py:925} INFO - DAG(s) 'cotahist_etl' retrieved from /opt/airflow/dags/cargab3.py
[2024-11-06T00:16:06.347+0000] {logging_mixin.py:190} INFO - [2024-11-06T00:16:06.347+0000] {dag.py:3211} INFO - Sync 1 DAGs
[2024-11-06T00:16:06.368+0000] {logging_mixin.py:190} INFO - [2024-11-06T00:16:06.368+0000] {dag.py:4138} INFO - Setting next_dagrun for cotahist_etl to 2024-11-06 00:00:00+00:00, run_after=2024-11-07 00:00:00+00:00
[2024-11-06T00:16:06.398+0000] {processor.py:208} INFO - Processing /opt/airflow/dags/cargab3.py took 0.125 seconds
[2024-11-06T00:16:36.874+0000] {processor.py:186} INFO - Started process (PID=2335) to work on /opt/airflow/dags/cargab3.py
[2024-11-06T00:16:36.875+0000] {processor.py:914} INFO - Processing file /opt/airflow/dags/cargab3.py for tasks to queue
[2024-11-06T00:16:36.876+0000] {logging_mixin.py:190} INFO - [2024-11-06T00:16:36.876+0000] {dagbag.py:587} INFO - Filling up the DagBag from /opt/airflow/dags/cargab3.py
[2024-11-06T00:16:36.912+0000] {processor.py:925} INFO - DAG(s) 'cotahist_etl' retrieved from /opt/airflow/dags/cargab3.py
[2024-11-06T00:16:36.932+0000] {logging_mixin.py:190} INFO - [2024-11-06T00:16:36.931+0000] {dag.py:3211} INFO - Sync 1 DAGs
[2024-11-06T00:16:36.966+0000] {logging_mixin.py:190} INFO - [2024-11-06T00:16:36.965+0000] {dag.py:4138} INFO - Setting next_dagrun for cotahist_etl to 2024-11-06 00:00:00+00:00, run_after=2024-11-07 00:00:00+00:00
[2024-11-06T00:16:37.000+0000] {processor.py:208} INFO - Processing /opt/airflow/dags/cargab3.py took 0.132 seconds
[2024-11-06T00:17:07.218+0000] {processor.py:186} INFO - Started process (PID=2398) to work on /opt/airflow/dags/cargab3.py
[2024-11-06T00:17:07.220+0000] {processor.py:914} INFO - Processing file /opt/airflow/dags/cargab3.py for tasks to queue
[2024-11-06T00:17:07.221+0000] {logging_mixin.py:190} INFO - [2024-11-06T00:17:07.220+0000] {dagbag.py:587} INFO - Filling up the DagBag from /opt/airflow/dags/cargab3.py
[2024-11-06T00:17:07.261+0000] {processor.py:925} INFO - DAG(s) 'cotahist_etl' retrieved from /opt/airflow/dags/cargab3.py
[2024-11-06T00:17:07.279+0000] {logging_mixin.py:190} INFO - [2024-11-06T00:17:07.278+0000] {dag.py:3211} INFO - Sync 1 DAGs
[2024-11-06T00:17:07.298+0000] {logging_mixin.py:190} INFO - [2024-11-06T00:17:07.297+0000] {dag.py:4138} INFO - Setting next_dagrun for cotahist_etl to 2024-11-06 00:00:00+00:00, run_after=2024-11-07 00:00:00+00:00
[2024-11-06T00:17:07.315+0000] {processor.py:208} INFO - Processing /opt/airflow/dags/cargab3.py took 0.101 seconds
[2024-11-06T00:17:37.738+0000] {processor.py:186} INFO - Started process (PID=2461) to work on /opt/airflow/dags/cargab3.py
[2024-11-06T00:17:37.739+0000] {processor.py:914} INFO - Processing file /opt/airflow/dags/cargab3.py for tasks to queue
[2024-11-06T00:17:37.740+0000] {logging_mixin.py:190} INFO - [2024-11-06T00:17:37.739+0000] {dagbag.py:587} INFO - Filling up the DagBag from /opt/airflow/dags/cargab3.py
[2024-11-06T00:17:37.780+0000] {processor.py:925} INFO - DAG(s) 'cotahist_etl' retrieved from /opt/airflow/dags/cargab3.py
[2024-11-06T00:17:37.797+0000] {logging_mixin.py:190} INFO - [2024-11-06T00:17:37.797+0000] {dag.py:3211} INFO - Sync 1 DAGs
[2024-11-06T00:17:37.816+0000] {logging_mixin.py:190} INFO - [2024-11-06T00:17:37.816+0000] {dag.py:4138} INFO - Setting next_dagrun for cotahist_etl to 2024-11-06 00:00:00+00:00, run_after=2024-11-07 00:00:00+00:00
[2024-11-06T00:17:37.831+0000] {processor.py:208} INFO - Processing /opt/airflow/dags/cargab3.py took 0.099 seconds
[2024-11-06T00:18:08.599+0000] {processor.py:186} INFO - Started process (PID=2524) to work on /opt/airflow/dags/cargab3.py
[2024-11-06T00:18:08.601+0000] {processor.py:914} INFO - Processing file /opt/airflow/dags/cargab3.py for tasks to queue
[2024-11-06T00:18:08.602+0000] {logging_mixin.py:190} INFO - [2024-11-06T00:18:08.602+0000] {dagbag.py:587} INFO - Filling up the DagBag from /opt/airflow/dags/cargab3.py
[2024-11-06T00:18:08.641+0000] {processor.py:925} INFO - DAG(s) 'cotahist_etl' retrieved from /opt/airflow/dags/cargab3.py
[2024-11-06T00:18:08.657+0000] {logging_mixin.py:190} INFO - [2024-11-06T00:18:08.656+0000] {dag.py:3211} INFO - Sync 1 DAGs
[2024-11-06T00:18:08.675+0000] {logging_mixin.py:190} INFO - [2024-11-06T00:18:08.675+0000] {dag.py:4138} INFO - Setting next_dagrun for cotahist_etl to 2024-11-06 00:00:00+00:00, run_after=2024-11-07 00:00:00+00:00
[2024-11-06T00:18:08.695+0000] {processor.py:208} INFO - Processing /opt/airflow/dags/cargab3.py took 0.101 seconds
[2024-11-06T00:18:39.313+0000] {processor.py:186} INFO - Started process (PID=2587) to work on /opt/airflow/dags/cargab3.py
[2024-11-06T00:18:39.314+0000] {processor.py:914} INFO - Processing file /opt/airflow/dags/cargab3.py for tasks to queue
[2024-11-06T00:18:39.315+0000] {logging_mixin.py:190} INFO - [2024-11-06T00:18:39.315+0000] {dagbag.py:587} INFO - Filling up the DagBag from /opt/airflow/dags/cargab3.py
[2024-11-06T00:18:39.356+0000] {processor.py:925} INFO - DAG(s) 'cotahist_etl' retrieved from /opt/airflow/dags/cargab3.py
[2024-11-06T00:18:39.372+0000] {logging_mixin.py:190} INFO - [2024-11-06T00:18:39.371+0000] {dag.py:3211} INFO - Sync 1 DAGs
[2024-11-06T00:18:39.561+0000] {logging_mixin.py:190} INFO - [2024-11-06T00:18:39.560+0000] {dag.py:4138} INFO - Setting next_dagrun for cotahist_etl to 2024-11-06 00:00:00+00:00, run_after=2024-11-07 00:00:00+00:00
[2024-11-06T00:18:39.576+0000] {processor.py:208} INFO - Processing /opt/airflow/dags/cargab3.py took 0.268 seconds
[2024-11-06T00:19:09.750+0000] {processor.py:186} INFO - Started process (PID=2650) to work on /opt/airflow/dags/cargab3.py
[2024-11-06T00:19:09.752+0000] {processor.py:914} INFO - Processing file /opt/airflow/dags/cargab3.py for tasks to queue
[2024-11-06T00:19:09.753+0000] {logging_mixin.py:190} INFO - [2024-11-06T00:19:09.752+0000] {dagbag.py:587} INFO - Filling up the DagBag from /opt/airflow/dags/cargab3.py
[2024-11-06T00:19:09.806+0000] {processor.py:925} INFO - DAG(s) 'cotahist_etl' retrieved from /opt/airflow/dags/cargab3.py
[2024-11-06T00:19:09.823+0000] {logging_mixin.py:190} INFO - [2024-11-06T00:19:09.823+0000] {dag.py:3211} INFO - Sync 1 DAGs
[2024-11-06T00:19:09.844+0000] {logging_mixin.py:190} INFO - [2024-11-06T00:19:09.844+0000] {dag.py:4138} INFO - Setting next_dagrun for cotahist_etl to 2024-11-06 00:00:00+00:00, run_after=2024-11-07 00:00:00+00:00
[2024-11-06T00:19:10.007+0000] {processor.py:208} INFO - Processing /opt/airflow/dags/cargab3.py took 0.263 seconds
[2024-11-06T00:19:40.330+0000] {processor.py:186} INFO - Started process (PID=2713) to work on /opt/airflow/dags/cargab3.py
[2024-11-06T00:19:40.333+0000] {processor.py:914} INFO - Processing file /opt/airflow/dags/cargab3.py for tasks to queue
[2024-11-06T00:19:40.335+0000] {logging_mixin.py:190} INFO - [2024-11-06T00:19:40.335+0000] {dagbag.py:587} INFO - Filling up the DagBag from /opt/airflow/dags/cargab3.py
[2024-11-06T00:19:40.414+0000] {processor.py:925} INFO - DAG(s) 'cotahist_etl' retrieved from /opt/airflow/dags/cargab3.py
[2024-11-06T00:19:40.436+0000] {logging_mixin.py:190} INFO - [2024-11-06T00:19:40.436+0000] {dag.py:3211} INFO - Sync 1 DAGs
[2024-11-06T00:19:40.458+0000] {logging_mixin.py:190} INFO - [2024-11-06T00:19:40.458+0000] {dag.py:4138} INFO - Setting next_dagrun for cotahist_etl to 2024-11-06 00:00:00+00:00, run_after=2024-11-07 00:00:00+00:00
[2024-11-06T00:19:40.475+0000] {processor.py:208} INFO - Processing /opt/airflow/dags/cargab3.py took 0.151 seconds
[2024-11-06T00:20:10.986+0000] {processor.py:186} INFO - Started process (PID=2776) to work on /opt/airflow/dags/cargab3.py
[2024-11-06T00:20:10.989+0000] {processor.py:914} INFO - Processing file /opt/airflow/dags/cargab3.py for tasks to queue
[2024-11-06T00:20:10.990+0000] {logging_mixin.py:190} INFO - [2024-11-06T00:20:10.990+0000] {dagbag.py:587} INFO - Filling up the DagBag from /opt/airflow/dags/cargab3.py
[2024-11-06T00:20:11.036+0000] {processor.py:925} INFO - DAG(s) 'cotahist_etl' retrieved from /opt/airflow/dags/cargab3.py
[2024-11-06T00:20:11.066+0000] {logging_mixin.py:190} INFO - [2024-11-06T00:20:11.066+0000] {dag.py:3211} INFO - Sync 1 DAGs
[2024-11-06T00:20:11.090+0000] {logging_mixin.py:190} INFO - [2024-11-06T00:20:11.090+0000] {dag.py:4138} INFO - Setting next_dagrun for cotahist_etl to 2024-11-06 00:00:00+00:00, run_after=2024-11-07 00:00:00+00:00
[2024-11-06T00:20:11.109+0000] {processor.py:208} INFO - Processing /opt/airflow/dags/cargab3.py took 0.130 seconds
[2024-11-06T00:20:41.623+0000] {processor.py:186} INFO - Started process (PID=2839) to work on /opt/airflow/dags/cargab3.py
[2024-11-06T00:20:41.625+0000] {processor.py:914} INFO - Processing file /opt/airflow/dags/cargab3.py for tasks to queue
[2024-11-06T00:20:41.626+0000] {logging_mixin.py:190} INFO - [2024-11-06T00:20:41.626+0000] {dagbag.py:587} INFO - Filling up the DagBag from /opt/airflow/dags/cargab3.py
[2024-11-06T00:20:41.685+0000] {processor.py:925} INFO - DAG(s) 'cotahist_etl' retrieved from /opt/airflow/dags/cargab3.py
[2024-11-06T00:20:41.869+0000] {logging_mixin.py:190} INFO - [2024-11-06T00:20:41.869+0000] {dag.py:3211} INFO - Sync 1 DAGs
[2024-11-06T00:20:41.888+0000] {logging_mixin.py:190} INFO - [2024-11-06T00:20:41.888+0000] {dag.py:4138} INFO - Setting next_dagrun for cotahist_etl to 2024-11-06 00:00:00+00:00, run_after=2024-11-07 00:00:00+00:00
[2024-11-06T00:20:41.907+0000] {processor.py:208} INFO - Processing /opt/airflow/dags/cargab3.py took 0.289 seconds
[2024-11-06T00:21:12.559+0000] {processor.py:186} INFO - Started process (PID=2902) to work on /opt/airflow/dags/cargab3.py
[2024-11-06T00:21:12.560+0000] {processor.py:914} INFO - Processing file /opt/airflow/dags/cargab3.py for tasks to queue
[2024-11-06T00:21:12.563+0000] {logging_mixin.py:190} INFO - [2024-11-06T00:21:12.562+0000] {dagbag.py:587} INFO - Filling up the DagBag from /opt/airflow/dags/cargab3.py
[2024-11-06T00:21:12.606+0000] {processor.py:925} INFO - DAG(s) 'cotahist_etl' retrieved from /opt/airflow/dags/cargab3.py
[2024-11-06T00:21:12.624+0000] {logging_mixin.py:190} INFO - [2024-11-06T00:21:12.624+0000] {dag.py:3211} INFO - Sync 1 DAGs
[2024-11-06T00:21:12.799+0000] {logging_mixin.py:190} INFO - [2024-11-06T00:21:12.798+0000] {dag.py:4138} INFO - Setting next_dagrun for cotahist_etl to 2024-11-06 00:00:00+00:00, run_after=2024-11-07 00:00:00+00:00
[2024-11-06T00:21:12.817+0000] {processor.py:208} INFO - Processing /opt/airflow/dags/cargab3.py took 0.263 seconds
[2024-11-06T00:21:43.349+0000] {processor.py:186} INFO - Started process (PID=2965) to work on /opt/airflow/dags/cargab3.py
[2024-11-06T00:21:43.350+0000] {processor.py:914} INFO - Processing file /opt/airflow/dags/cargab3.py for tasks to queue
[2024-11-06T00:21:43.351+0000] {logging_mixin.py:190} INFO - [2024-11-06T00:21:43.351+0000] {dagbag.py:587} INFO - Filling up the DagBag from /opt/airflow/dags/cargab3.py
[2024-11-06T00:21:43.395+0000] {processor.py:925} INFO - DAG(s) 'cotahist_etl' retrieved from /opt/airflow/dags/cargab3.py
[2024-11-06T00:21:43.412+0000] {logging_mixin.py:190} INFO - [2024-11-06T00:21:43.412+0000] {dag.py:3211} INFO - Sync 1 DAGs
[2024-11-06T00:21:43.432+0000] {logging_mixin.py:190} INFO - [2024-11-06T00:21:43.431+0000] {dag.py:4138} INFO - Setting next_dagrun for cotahist_etl to 2024-11-06 00:00:00+00:00, run_after=2024-11-07 00:00:00+00:00
[2024-11-06T00:21:43.455+0000] {processor.py:208} INFO - Processing /opt/airflow/dags/cargab3.py took 0.111 seconds
[2024-11-06T00:22:14.218+0000] {processor.py:186} INFO - Started process (PID=3028) to work on /opt/airflow/dags/cargab3.py
[2024-11-06T00:22:14.220+0000] {processor.py:914} INFO - Processing file /opt/airflow/dags/cargab3.py for tasks to queue
[2024-11-06T00:22:14.221+0000] {logging_mixin.py:190} INFO - [2024-11-06T00:22:14.221+0000] {dagbag.py:587} INFO - Filling up the DagBag from /opt/airflow/dags/cargab3.py
[2024-11-06T00:22:14.262+0000] {processor.py:925} INFO - DAG(s) 'cotahist_etl' retrieved from /opt/airflow/dags/cargab3.py
[2024-11-06T00:22:14.279+0000] {logging_mixin.py:190} INFO - [2024-11-06T00:22:14.278+0000] {dag.py:3211} INFO - Sync 1 DAGs
[2024-11-06T00:22:14.299+0000] {logging_mixin.py:190} INFO - [2024-11-06T00:22:14.298+0000] {dag.py:4138} INFO - Setting next_dagrun for cotahist_etl to 2024-11-06 00:00:00+00:00, run_after=2024-11-07 00:00:00+00:00
[2024-11-06T00:22:14.314+0000] {processor.py:208} INFO - Processing /opt/airflow/dags/cargab3.py took 0.100 seconds
[2024-11-06T00:22:44.931+0000] {processor.py:186} INFO - Started process (PID=3091) to work on /opt/airflow/dags/cargab3.py
[2024-11-06T00:22:44.932+0000] {processor.py:914} INFO - Processing file /opt/airflow/dags/cargab3.py for tasks to queue
[2024-11-06T00:22:44.934+0000] {logging_mixin.py:190} INFO - [2024-11-06T00:22:44.933+0000] {dagbag.py:587} INFO - Filling up the DagBag from /opt/airflow/dags/cargab3.py
[2024-11-06T00:22:44.970+0000] {processor.py:925} INFO - DAG(s) 'cotahist_etl' retrieved from /opt/airflow/dags/cargab3.py
[2024-11-06T00:22:44.986+0000] {logging_mixin.py:190} INFO - [2024-11-06T00:22:44.986+0000] {dag.py:3211} INFO - Sync 1 DAGs
[2024-11-06T00:22:45.015+0000] {logging_mixin.py:190} INFO - [2024-11-06T00:22:45.014+0000] {dag.py:4138} INFO - Setting next_dagrun for cotahist_etl to 2024-11-06 00:00:00+00:00, run_after=2024-11-07 00:00:00+00:00
[2024-11-06T00:22:45.033+0000] {processor.py:208} INFO - Processing /opt/airflow/dags/cargab3.py took 0.108 seconds
[2024-11-06T00:23:15.958+0000] {processor.py:186} INFO - Started process (PID=3154) to work on /opt/airflow/dags/cargab3.py
[2024-11-06T00:23:15.959+0000] {processor.py:914} INFO - Processing file /opt/airflow/dags/cargab3.py for tasks to queue
[2024-11-06T00:23:15.960+0000] {logging_mixin.py:190} INFO - [2024-11-06T00:23:15.960+0000] {dagbag.py:587} INFO - Filling up the DagBag from /opt/airflow/dags/cargab3.py
[2024-11-06T00:23:15.998+0000] {processor.py:925} INFO - DAG(s) 'cotahist_etl' retrieved from /opt/airflow/dags/cargab3.py
[2024-11-06T00:23:16.014+0000] {logging_mixin.py:190} INFO - [2024-11-06T00:23:16.014+0000] {dag.py:3211} INFO - Sync 1 DAGs
[2024-11-06T00:23:16.035+0000] {logging_mixin.py:190} INFO - [2024-11-06T00:23:16.034+0000] {dag.py:4138} INFO - Setting next_dagrun for cotahist_etl to 2024-11-06 00:00:00+00:00, run_after=2024-11-07 00:00:00+00:00
[2024-11-06T00:23:16.050+0000] {processor.py:208} INFO - Processing /opt/airflow/dags/cargab3.py took 0.097 seconds
[2024-11-06T00:23:46.354+0000] {processor.py:186} INFO - Started process (PID=3217) to work on /opt/airflow/dags/cargab3.py
[2024-11-06T00:23:46.355+0000] {processor.py:914} INFO - Processing file /opt/airflow/dags/cargab3.py for tasks to queue
[2024-11-06T00:23:46.356+0000] {logging_mixin.py:190} INFO - [2024-11-06T00:23:46.356+0000] {dagbag.py:587} INFO - Filling up the DagBag from /opt/airflow/dags/cargab3.py
[2024-11-06T00:23:46.398+0000] {processor.py:925} INFO - DAG(s) 'cotahist_etl' retrieved from /opt/airflow/dags/cargab3.py
[2024-11-06T00:23:46.413+0000] {logging_mixin.py:190} INFO - [2024-11-06T00:23:46.413+0000] {dag.py:3211} INFO - Sync 1 DAGs
[2024-11-06T00:23:46.434+0000] {logging_mixin.py:190} INFO - [2024-11-06T00:23:46.434+0000] {dag.py:4138} INFO - Setting next_dagrun for cotahist_etl to 2024-11-06 00:00:00+00:00, run_after=2024-11-07 00:00:00+00:00
[2024-11-06T00:23:46.451+0000] {processor.py:208} INFO - Processing /opt/airflow/dags/cargab3.py took 0.102 seconds
[2024-11-06T00:24:16.670+0000] {processor.py:186} INFO - Started process (PID=3280) to work on /opt/airflow/dags/cargab3.py
[2024-11-06T00:24:16.672+0000] {processor.py:914} INFO - Processing file /opt/airflow/dags/cargab3.py for tasks to queue
[2024-11-06T00:24:16.675+0000] {logging_mixin.py:190} INFO - [2024-11-06T00:24:16.673+0000] {dagbag.py:587} INFO - Filling up the DagBag from /opt/airflow/dags/cargab3.py
[2024-11-06T00:24:16.745+0000] {processor.py:925} INFO - DAG(s) 'cotahist_etl' retrieved from /opt/airflow/dags/cargab3.py
[2024-11-06T00:24:16.869+0000] {logging_mixin.py:190} INFO - [2024-11-06T00:24:16.869+0000] {dag.py:3211} INFO - Sync 1 DAGs
[2024-11-06T00:24:16.901+0000] {logging_mixin.py:190} INFO - [2024-11-06T00:24:16.900+0000] {dag.py:4138} INFO - Setting next_dagrun for cotahist_etl to 2024-11-06 00:00:00+00:00, run_after=2024-11-07 00:00:00+00:00
[2024-11-06T00:24:16.939+0000] {processor.py:208} INFO - Processing /opt/airflow/dags/cargab3.py took 0.280 seconds
[2024-11-06T00:24:47.794+0000] {processor.py:186} INFO - Started process (PID=3343) to work on /opt/airflow/dags/cargab3.py
[2024-11-06T00:24:47.795+0000] {processor.py:914} INFO - Processing file /opt/airflow/dags/cargab3.py for tasks to queue
[2024-11-06T00:24:47.796+0000] {logging_mixin.py:190} INFO - [2024-11-06T00:24:47.796+0000] {dagbag.py:587} INFO - Filling up the DagBag from /opt/airflow/dags/cargab3.py
[2024-11-06T00:24:47.856+0000] {processor.py:925} INFO - DAG(s) 'cotahist_etl' retrieved from /opt/airflow/dags/cargab3.py
[2024-11-06T00:24:47.873+0000] {logging_mixin.py:190} INFO - [2024-11-06T00:24:47.873+0000] {dag.py:3211} INFO - Sync 1 DAGs
[2024-11-06T00:24:47.896+0000] {logging_mixin.py:190} INFO - [2024-11-06T00:24:47.896+0000] {dag.py:4138} INFO - Setting next_dagrun for cotahist_etl to 2024-11-06 00:00:00+00:00, run_after=2024-11-07 00:00:00+00:00
[2024-11-06T00:24:47.913+0000] {processor.py:208} INFO - Processing /opt/airflow/dags/cargab3.py took 0.126 seconds
[2024-11-06T00:25:53.791+0000] {processor.py:186} INFO - Started process (PID=3353) to work on /opt/airflow/dags/cargab3.py
[2024-11-06T00:25:53.792+0000] {processor.py:914} INFO - Processing file /opt/airflow/dags/cargab3.py for tasks to queue
[2024-11-06T00:25:53.794+0000] {logging_mixin.py:190} INFO - [2024-11-06T00:25:53.793+0000] {dagbag.py:587} INFO - Filling up the DagBag from /opt/airflow/dags/cargab3.py
[2024-11-06T00:25:53.884+0000] {processor.py:925} INFO - DAG(s) 'cotahist_etl' retrieved from /opt/airflow/dags/cargab3.py
[2024-11-06T00:25:53.919+0000] {logging_mixin.py:190} INFO - [2024-11-06T00:25:53.918+0000] {dag.py:3211} INFO - Sync 1 DAGs
[2024-11-06T00:25:53.963+0000] {logging_mixin.py:190} INFO - [2024-11-06T00:25:53.963+0000] {dag.py:4138} INFO - Setting next_dagrun for cotahist_etl to 2024-11-06 00:00:00+00:00, run_after=2024-11-07 00:00:00+00:00
[2024-11-06T00:25:54.010+0000] {processor.py:208} INFO - Processing /opt/airflow/dags/cargab3.py took 0.232 seconds
[2024-11-06T00:26:24.136+0000] {processor.py:186} INFO - Started process (PID=3414) to work on /opt/airflow/dags/cargab3.py
[2024-11-06T00:26:24.137+0000] {processor.py:914} INFO - Processing file /opt/airflow/dags/cargab3.py for tasks to queue
[2024-11-06T00:26:24.138+0000] {logging_mixin.py:190} INFO - [2024-11-06T00:26:24.138+0000] {dagbag.py:587} INFO - Filling up the DagBag from /opt/airflow/dags/cargab3.py
[2024-11-06T00:26:24.195+0000] {processor.py:925} INFO - DAG(s) 'cotahist_etl' retrieved from /opt/airflow/dags/cargab3.py
[2024-11-06T00:26:24.220+0000] {logging_mixin.py:190} INFO - [2024-11-06T00:26:24.220+0000] {dag.py:3211} INFO - Sync 1 DAGs
[2024-11-06T00:26:24.241+0000] {logging_mixin.py:190} INFO - [2024-11-06T00:26:24.241+0000] {dag.py:4138} INFO - Setting next_dagrun for cotahist_etl to 2024-11-06 00:00:00+00:00, run_after=2024-11-07 00:00:00+00:00
[2024-11-06T00:26:24.258+0000] {processor.py:208} INFO - Processing /opt/airflow/dags/cargab3.py took 0.129 seconds
[2024-11-06T00:26:54.661+0000] {processor.py:186} INFO - Started process (PID=3484) to work on /opt/airflow/dags/cargab3.py
[2024-11-06T00:26:54.662+0000] {processor.py:914} INFO - Processing file /opt/airflow/dags/cargab3.py for tasks to queue
[2024-11-06T00:26:54.663+0000] {logging_mixin.py:190} INFO - [2024-11-06T00:26:54.663+0000] {dagbag.py:587} INFO - Filling up the DagBag from /opt/airflow/dags/cargab3.py
[2024-11-06T00:26:54.689+0000] {processor.py:925} INFO - DAG(s) 'cotahist_etl' retrieved from /opt/airflow/dags/cargab3.py
[2024-11-06T00:26:54.710+0000] {logging_mixin.py:190} INFO - [2024-11-06T00:26:54.709+0000] {dag.py:3211} INFO - Sync 1 DAGs
[2024-11-06T00:26:54.728+0000] {logging_mixin.py:190} INFO - [2024-11-06T00:26:54.728+0000] {dag.py:4138} INFO - Setting next_dagrun for cotahist_etl to 2024-11-06 00:00:00+00:00, run_after=2024-11-07 00:00:00+00:00
[2024-11-06T00:26:54.747+0000] {processor.py:208} INFO - Processing /opt/airflow/dags/cargab3.py took 0.091 seconds
[2024-11-06T00:27:25.118+0000] {processor.py:186} INFO - Started process (PID=3547) to work on /opt/airflow/dags/cargab3.py
[2024-11-06T00:27:25.119+0000] {processor.py:914} INFO - Processing file /opt/airflow/dags/cargab3.py for tasks to queue
[2024-11-06T00:27:25.120+0000] {logging_mixin.py:190} INFO - [2024-11-06T00:27:25.120+0000] {dagbag.py:587} INFO - Filling up the DagBag from /opt/airflow/dags/cargab3.py
[2024-11-06T00:27:25.158+0000] {processor.py:925} INFO - DAG(s) 'cotahist_etl' retrieved from /opt/airflow/dags/cargab3.py
[2024-11-06T00:27:25.176+0000] {logging_mixin.py:190} INFO - [2024-11-06T00:27:25.175+0000] {dag.py:3211} INFO - Sync 1 DAGs
[2024-11-06T00:27:25.194+0000] {logging_mixin.py:190} INFO - [2024-11-06T00:27:25.194+0000] {dag.py:4138} INFO - Setting next_dagrun for cotahist_etl to 2024-11-06 00:00:00+00:00, run_after=2024-11-07 00:00:00+00:00
[2024-11-06T00:27:25.212+0000] {processor.py:208} INFO - Processing /opt/airflow/dags/cargab3.py took 0.101 seconds
[2024-11-06T00:27:55.836+0000] {processor.py:186} INFO - Started process (PID=3611) to work on /opt/airflow/dags/cargab3.py
[2024-11-06T00:27:55.837+0000] {processor.py:914} INFO - Processing file /opt/airflow/dags/cargab3.py for tasks to queue
[2024-11-06T00:27:55.838+0000] {logging_mixin.py:190} INFO - [2024-11-06T00:27:55.838+0000] {dagbag.py:587} INFO - Filling up the DagBag from /opt/airflow/dags/cargab3.py
[2024-11-06T00:27:55.884+0000] {processor.py:925} INFO - DAG(s) 'cotahist_etl' retrieved from /opt/airflow/dags/cargab3.py
[2024-11-06T00:27:55.904+0000] {logging_mixin.py:190} INFO - [2024-11-06T00:27:55.903+0000] {dag.py:3211} INFO - Sync 1 DAGs
[2024-11-06T00:27:55.922+0000] {logging_mixin.py:190} INFO - [2024-11-06T00:27:55.922+0000] {dag.py:4138} INFO - Setting next_dagrun for cotahist_etl to 2024-11-06 00:00:00+00:00, run_after=2024-11-07 00:00:00+00:00
[2024-11-06T00:27:55.938+0000] {processor.py:208} INFO - Processing /opt/airflow/dags/cargab3.py took 0.109 seconds
[2024-11-06T00:28:26.243+0000] {processor.py:186} INFO - Started process (PID=3674) to work on /opt/airflow/dags/cargab3.py
[2024-11-06T00:28:26.244+0000] {processor.py:914} INFO - Processing file /opt/airflow/dags/cargab3.py for tasks to queue
[2024-11-06T00:28:26.246+0000] {logging_mixin.py:190} INFO - [2024-11-06T00:28:26.246+0000] {dagbag.py:587} INFO - Filling up the DagBag from /opt/airflow/dags/cargab3.py
[2024-11-06T00:28:26.306+0000] {processor.py:925} INFO - DAG(s) 'cotahist_etl' retrieved from /opt/airflow/dags/cargab3.py
[2024-11-06T00:28:26.333+0000] {logging_mixin.py:190} INFO - [2024-11-06T00:28:26.333+0000] {dag.py:3211} INFO - Sync 1 DAGs
[2024-11-06T00:28:26.364+0000] {logging_mixin.py:190} INFO - [2024-11-06T00:28:26.364+0000] {dag.py:4138} INFO - Setting next_dagrun for cotahist_etl to 2024-11-06 00:00:00+00:00, run_after=2024-11-07 00:00:00+00:00
[2024-11-06T00:28:26.387+0000] {processor.py:208} INFO - Processing /opt/airflow/dags/cargab3.py took 0.153 seconds
[2024-11-06T00:53:46.747+0000] {processor.py:186} INFO - Started process (PID=3731) to work on /opt/airflow/dags/cargab3.py
[2024-11-06T00:53:46.754+0000] {processor.py:914} INFO - Processing file /opt/airflow/dags/cargab3.py for tasks to queue
[2024-11-06T00:53:46.764+0000] {logging_mixin.py:190} INFO - [2024-11-06T00:53:46.763+0000] {dagbag.py:587} INFO - Filling up the DagBag from /opt/airflow/dags/cargab3.py
[2024-11-06T00:53:46.988+0000] {processor.py:925} INFO - DAG(s) 'cotahist_etl' retrieved from /opt/airflow/dags/cargab3.py
[2024-11-06T00:53:47.177+0000] {logging_mixin.py:190} INFO - [2024-11-06T00:53:47.177+0000] {dag.py:3211} INFO - Sync 1 DAGs
[2024-11-06T00:53:47.371+0000] {logging_mixin.py:190} INFO - [2024-11-06T00:53:47.370+0000] {dag.py:4138} INFO - Setting next_dagrun for cotahist_etl to 2024-11-06 00:00:00+00:00, run_after=2024-11-07 00:00:00+00:00
[2024-11-06T00:53:47.833+0000] {processor.py:208} INFO - Processing /opt/airflow/dags/cargab3.py took 1.134 seconds
[2024-11-06T01:11:45.332+0000] {processor.py:186} INFO - Started process (PID=3788) to work on /opt/airflow/dags/cargab3.py
[2024-11-06T01:11:45.335+0000] {processor.py:914} INFO - Processing file /opt/airflow/dags/cargab3.py for tasks to queue
[2024-11-06T01:11:45.338+0000] {logging_mixin.py:190} INFO - [2024-11-06T01:11:45.337+0000] {dagbag.py:587} INFO - Filling up the DagBag from /opt/airflow/dags/cargab3.py
[2024-11-06T01:11:45.434+0000] {processor.py:925} INFO - DAG(s) 'cotahist_etl' retrieved from /opt/airflow/dags/cargab3.py
[2024-11-06T01:11:45.467+0000] {logging_mixin.py:190} INFO - [2024-11-06T01:11:45.467+0000] {dag.py:3211} INFO - Sync 1 DAGs
[2024-11-06T01:11:45.535+0000] {logging_mixin.py:190} INFO - [2024-11-06T01:11:45.534+0000] {dag.py:4138} INFO - Setting next_dagrun for cotahist_etl to 2024-11-06 00:00:00+00:00, run_after=2024-11-07 00:00:00+00:00
[2024-11-06T01:11:45.587+0000] {processor.py:208} INFO - Processing /opt/airflow/dags/cargab3.py took 0.269 seconds
[2024-11-06T01:12:16.597+0000] {processor.py:186} INFO - Started process (PID=3851) to work on /opt/airflow/dags/cargab3.py
[2024-11-06T01:12:16.599+0000] {processor.py:914} INFO - Processing file /opt/airflow/dags/cargab3.py for tasks to queue
[2024-11-06T01:12:16.602+0000] {logging_mixin.py:190} INFO - [2024-11-06T01:12:16.601+0000] {dagbag.py:587} INFO - Filling up the DagBag from /opt/airflow/dags/cargab3.py
[2024-11-06T01:12:16.681+0000] {processor.py:925} INFO - DAG(s) 'cotahist_etl' retrieved from /opt/airflow/dags/cargab3.py
[2024-11-06T01:12:16.712+0000] {logging_mixin.py:190} INFO - [2024-11-06T01:12:16.712+0000] {dag.py:3211} INFO - Sync 1 DAGs
[2024-11-06T01:12:16.745+0000] {logging_mixin.py:190} INFO - [2024-11-06T01:12:16.745+0000] {dag.py:4138} INFO - Setting next_dagrun for cotahist_etl to 2024-11-06 00:00:00+00:00, run_after=2024-11-07 00:00:00+00:00
[2024-11-06T01:12:16.804+0000] {processor.py:208} INFO - Processing /opt/airflow/dags/cargab3.py took 0.216 seconds
[2024-11-06T01:12:47.776+0000] {processor.py:186} INFO - Started process (PID=3914) to work on /opt/airflow/dags/cargab3.py
[2024-11-06T01:12:47.778+0000] {processor.py:914} INFO - Processing file /opt/airflow/dags/cargab3.py for tasks to queue
[2024-11-06T01:12:47.780+0000] {logging_mixin.py:190} INFO - [2024-11-06T01:12:47.780+0000] {dagbag.py:587} INFO - Filling up the DagBag from /opt/airflow/dags/cargab3.py
[2024-11-06T01:12:47.840+0000] {processor.py:925} INFO - DAG(s) 'cotahist_etl' retrieved from /opt/airflow/dags/cargab3.py
[2024-11-06T01:12:47.870+0000] {logging_mixin.py:190} INFO - [2024-11-06T01:12:47.869+0000] {dag.py:3211} INFO - Sync 1 DAGs
[2024-11-06T01:12:47.903+0000] {logging_mixin.py:190} INFO - [2024-11-06T01:12:47.903+0000] {dag.py:4138} INFO - Setting next_dagrun for cotahist_etl to 2024-11-06 00:00:00+00:00, run_after=2024-11-07 00:00:00+00:00
[2024-11-06T01:12:47.931+0000] {processor.py:208} INFO - Processing /opt/airflow/dags/cargab3.py took 0.163 seconds
[2024-11-06T11:34:24.264+0000] {processor.py:186} INFO - Started process (PID=3930) to work on /opt/airflow/dags/cargab3.py
[2024-11-06T11:34:24.374+0000] {processor.py:914} INFO - Processing file /opt/airflow/dags/cargab3.py for tasks to queue
[2024-11-06T11:34:24.406+0000] {logging_mixin.py:190} INFO - [2024-11-06T11:34:24.404+0000] {dagbag.py:587} INFO - Filling up the DagBag from /opt/airflow/dags/cargab3.py
[2024-11-06T11:34:24.793+0000] {processor.py:925} INFO - DAG(s) 'cotahist_etl' retrieved from /opt/airflow/dags/cargab3.py
[2024-11-06T11:34:24.873+0000] {logging_mixin.py:190} INFO - [2024-11-06T11:34:24.873+0000] {dag.py:3211} INFO - Sync 1 DAGs
[2024-11-06T11:34:24.961+0000] {logging_mixin.py:190} INFO - [2024-11-06T11:34:24.961+0000] {dag.py:4138} INFO - Setting next_dagrun for cotahist_etl to 2024-11-06 00:00:00+00:00, run_after=2024-11-07 00:00:00+00:00
[2024-11-06T11:34:25.039+0000] {processor.py:208} INFO - Processing /opt/airflow/dags/cargab3.py took 0.795 seconds
[2024-11-06T11:34:55.730+0000] {processor.py:186} INFO - Started process (PID=3993) to work on /opt/airflow/dags/cargab3.py
[2024-11-06T11:34:55.737+0000] {processor.py:914} INFO - Processing file /opt/airflow/dags/cargab3.py for tasks to queue
[2024-11-06T11:34:55.742+0000] {logging_mixin.py:190} INFO - [2024-11-06T11:34:55.740+0000] {dagbag.py:587} INFO - Filling up the DagBag from /opt/airflow/dags/cargab3.py
[2024-11-06T11:34:55.886+0000] {processor.py:925} INFO - DAG(s) 'cotahist_etl' retrieved from /opt/airflow/dags/cargab3.py
[2024-11-06T11:34:55.977+0000] {logging_mixin.py:190} INFO - [2024-11-06T11:34:55.976+0000] {dag.py:3211} INFO - Sync 1 DAGs
[2024-11-06T11:34:56.053+0000] {logging_mixin.py:190} INFO - [2024-11-06T11:34:56.053+0000] {dag.py:4138} INFO - Setting next_dagrun for cotahist_etl to 2024-11-06 00:00:00+00:00, run_after=2024-11-07 00:00:00+00:00
[2024-11-06T11:34:56.095+0000] {processor.py:208} INFO - Processing /opt/airflow/dags/cargab3.py took 0.390 seconds
[2024-11-06T11:35:26.262+0000] {processor.py:186} INFO - Started process (PID=4056) to work on /opt/airflow/dags/cargab3.py
[2024-11-06T11:35:26.267+0000] {processor.py:914} INFO - Processing file /opt/airflow/dags/cargab3.py for tasks to queue
[2024-11-06T11:35:26.273+0000] {logging_mixin.py:190} INFO - [2024-11-06T11:35:26.270+0000] {dagbag.py:587} INFO - Filling up the DagBag from /opt/airflow/dags/cargab3.py
[2024-11-06T11:35:26.414+0000] {processor.py:925} INFO - DAG(s) 'cotahist_etl' retrieved from /opt/airflow/dags/cargab3.py
[2024-11-06T11:35:26.551+0000] {logging_mixin.py:190} INFO - [2024-11-06T11:35:26.551+0000] {dag.py:3211} INFO - Sync 1 DAGs
[2024-11-06T11:35:26.619+0000] {logging_mixin.py:190} INFO - [2024-11-06T11:35:26.619+0000] {dag.py:4138} INFO - Setting next_dagrun for cotahist_etl to 2024-11-06 00:00:00+00:00, run_after=2024-11-07 00:00:00+00:00
[2024-11-06T11:35:26.667+0000] {processor.py:208} INFO - Processing /opt/airflow/dags/cargab3.py took 0.428 seconds
[2024-11-06T11:35:57.061+0000] {processor.py:186} INFO - Started process (PID=4119) to work on /opt/airflow/dags/cargab3.py
[2024-11-06T11:35:57.064+0000] {processor.py:914} INFO - Processing file /opt/airflow/dags/cargab3.py for tasks to queue
[2024-11-06T11:35:57.067+0000] {logging_mixin.py:190} INFO - [2024-11-06T11:35:57.066+0000] {dagbag.py:587} INFO - Filling up the DagBag from /opt/airflow/dags/cargab3.py
[2024-11-06T11:35:57.171+0000] {processor.py:925} INFO - DAG(s) 'cotahist_etl' retrieved from /opt/airflow/dags/cargab3.py
[2024-11-06T11:35:57.206+0000] {logging_mixin.py:190} INFO - [2024-11-06T11:35:57.205+0000] {dag.py:3211} INFO - Sync 1 DAGs
[2024-11-06T11:35:57.243+0000] {logging_mixin.py:190} INFO - [2024-11-06T11:35:57.243+0000] {dag.py:4138} INFO - Setting next_dagrun for cotahist_etl to 2024-11-06 00:00:00+00:00, run_after=2024-11-07 00:00:00+00:00
[2024-11-06T11:35:57.269+0000] {processor.py:208} INFO - Processing /opt/airflow/dags/cargab3.py took 0.221 seconds
[2024-11-06T11:36:39.878+0000] {processor.py:186} INFO - Started process (PID=4139) to work on /opt/airflow/dags/cargab3.py
[2024-11-06T11:36:39.887+0000] {processor.py:914} INFO - Processing file /opt/airflow/dags/cargab3.py for tasks to queue
[2024-11-06T11:36:39.898+0000] {logging_mixin.py:190} INFO - [2024-11-06T11:36:39.894+0000] {dagbag.py:587} INFO - Filling up the DagBag from /opt/airflow/dags/cargab3.py
[2024-11-06T11:36:40.495+0000] {processor.py:925} INFO - DAG(s) 'cotahist_etl' retrieved from /opt/airflow/dags/cargab3.py
[2024-11-06T11:36:40.560+0000] {logging_mixin.py:190} INFO - [2024-11-06T11:36:40.559+0000] {dag.py:3211} INFO - Sync 1 DAGs
[2024-11-06T11:36:40.610+0000] {logging_mixin.py:190} INFO - [2024-11-06T11:36:40.609+0000] {dag.py:4138} INFO - Setting next_dagrun for cotahist_etl to 2024-11-06 00:00:00+00:00, run_after=2024-11-07 00:00:00+00:00
[2024-11-06T11:36:40.658+0000] {processor.py:208} INFO - Processing /opt/airflow/dags/cargab3.py took 0.836 seconds
[2024-11-06T11:37:11.004+0000] {processor.py:186} INFO - Started process (PID=4202) to work on /opt/airflow/dags/cargab3.py
[2024-11-06T11:37:11.007+0000] {processor.py:914} INFO - Processing file /opt/airflow/dags/cargab3.py for tasks to queue
[2024-11-06T11:37:11.018+0000] {logging_mixin.py:190} INFO - [2024-11-06T11:37:11.017+0000] {dagbag.py:587} INFO - Filling up the DagBag from /opt/airflow/dags/cargab3.py
[2024-11-06T11:37:11.118+0000] {processor.py:925} INFO - DAG(s) 'cotahist_etl' retrieved from /opt/airflow/dags/cargab3.py
[2024-11-06T11:37:11.154+0000] {logging_mixin.py:190} INFO - [2024-11-06T11:37:11.154+0000] {dag.py:3211} INFO - Sync 1 DAGs
[2024-11-06T11:37:11.200+0000] {logging_mixin.py:190} INFO - [2024-11-06T11:37:11.200+0000] {dag.py:4138} INFO - Setting next_dagrun for cotahist_etl to 2024-11-06 00:00:00+00:00, run_after=2024-11-07 00:00:00+00:00
[2024-11-06T11:37:11.232+0000] {processor.py:208} INFO - Processing /opt/airflow/dags/cargab3.py took 0.254 seconds
[2024-11-06T11:37:41.339+0000] {processor.py:186} INFO - Started process (PID=4271) to work on /opt/airflow/dags/cargab3.py
[2024-11-06T11:37:41.342+0000] {processor.py:914} INFO - Processing file /opt/airflow/dags/cargab3.py for tasks to queue
[2024-11-06T11:37:41.344+0000] {logging_mixin.py:190} INFO - [2024-11-06T11:37:41.344+0000] {dagbag.py:587} INFO - Filling up the DagBag from /opt/airflow/dags/cargab3.py
[2024-11-06T11:37:41.395+0000] {processor.py:925} INFO - DAG(s) 'cotahist_etl' retrieved from /opt/airflow/dags/cargab3.py
[2024-11-06T11:37:41.420+0000] {logging_mixin.py:190} INFO - [2024-11-06T11:37:41.420+0000] {dag.py:3211} INFO - Sync 1 DAGs
[2024-11-06T11:37:41.456+0000] {logging_mixin.py:190} INFO - [2024-11-06T11:37:41.455+0000] {dag.py:4138} INFO - Setting next_dagrun for cotahist_etl to 2024-11-06 00:00:00+00:00, run_after=2024-11-07 00:00:00+00:00
[2024-11-06T11:37:41.484+0000] {processor.py:208} INFO - Processing /opt/airflow/dags/cargab3.py took 0.158 seconds
[2024-11-06T11:37:47.030+0000] {processor.py:186} INFO - Started process (PID=4302) to work on /opt/airflow/dags/cargab3.py
[2024-11-06T11:37:47.031+0000] {processor.py:914} INFO - Processing file /opt/airflow/dags/cargab3.py for tasks to queue
[2024-11-06T11:37:47.033+0000] {logging_mixin.py:190} INFO - [2024-11-06T11:37:47.033+0000] {dagbag.py:587} INFO - Filling up the DagBag from /opt/airflow/dags/cargab3.py
[2024-11-06T11:37:47.123+0000] {processor.py:925} INFO - DAG(s) 'cotahist_etl' retrieved from /opt/airflow/dags/cargab3.py
[2024-11-06T11:37:47.149+0000] {logging_mixin.py:190} INFO - [2024-11-06T11:37:47.149+0000] {dag.py:3211} INFO - Sync 1 DAGs
[2024-11-06T11:37:47.188+0000] {logging_mixin.py:190} INFO - [2024-11-06T11:37:47.188+0000] {dag.py:4138} INFO - Setting next_dagrun for cotahist_etl to 2024-11-06 00:00:00+00:00, run_after=2024-11-07 00:00:00+00:00
[2024-11-06T11:37:47.255+0000] {processor.py:208} INFO - Processing /opt/airflow/dags/cargab3.py took 0.233 seconds
[2024-11-06T11:38:17.385+0000] {processor.py:186} INFO - Started process (PID=4363) to work on /opt/airflow/dags/cargab3.py
[2024-11-06T11:38:17.388+0000] {processor.py:914} INFO - Processing file /opt/airflow/dags/cargab3.py for tasks to queue
[2024-11-06T11:38:17.390+0000] {logging_mixin.py:190} INFO - [2024-11-06T11:38:17.390+0000] {dagbag.py:587} INFO - Filling up the DagBag from /opt/airflow/dags/cargab3.py
[2024-11-06T11:38:17.468+0000] {processor.py:925} INFO - DAG(s) 'cotahist_etl' retrieved from /opt/airflow/dags/cargab3.py
[2024-11-06T11:38:17.495+0000] {logging_mixin.py:190} INFO - [2024-11-06T11:38:17.494+0000] {dag.py:3211} INFO - Sync 1 DAGs
[2024-11-06T11:38:17.537+0000] {logging_mixin.py:190} INFO - [2024-11-06T11:38:17.536+0000] {dag.py:4138} INFO - Setting next_dagrun for cotahist_etl to 2024-11-06 00:00:00+00:00, run_after=2024-11-07 00:00:00+00:00
[2024-11-06T11:38:17.574+0000] {processor.py:208} INFO - Processing /opt/airflow/dags/cargab3.py took 0.200 seconds
[2024-11-06T15:45:48.416+0000] {processor.py:186} INFO - Started process (PID=4388) to work on /opt/airflow/dags/cargab3.py
[2024-11-06T15:45:48.420+0000] {processor.py:914} INFO - Processing file /opt/airflow/dags/cargab3.py for tasks to queue
[2024-11-06T15:45:48.424+0000] {logging_mixin.py:190} INFO - [2024-11-06T15:45:48.423+0000] {dagbag.py:587} INFO - Filling up the DagBag from /opt/airflow/dags/cargab3.py
[2024-11-06T15:45:48.669+0000] {processor.py:925} INFO - DAG(s) 'cotahist_etl' retrieved from /opt/airflow/dags/cargab3.py
[2024-11-06T15:45:48.770+0000] {logging_mixin.py:190} INFO - [2024-11-06T15:45:48.770+0000] {dag.py:3211} INFO - Sync 1 DAGs
[2024-11-06T15:45:48.830+0000] {logging_mixin.py:190} INFO - [2024-11-06T15:45:48.830+0000] {dag.py:4138} INFO - Setting next_dagrun for cotahist_etl to 2024-11-06 00:00:00+00:00, run_after=2024-11-07 00:00:00+00:00
[2024-11-06T15:45:48.875+0000] {processor.py:208} INFO - Processing /opt/airflow/dags/cargab3.py took 0.475 seconds
[2024-11-06T15:46:19.055+0000] {processor.py:186} INFO - Started process (PID=4451) to work on /opt/airflow/dags/cargab3.py
[2024-11-06T15:46:19.057+0000] {processor.py:914} INFO - Processing file /opt/airflow/dags/cargab3.py for tasks to queue
[2024-11-06T15:46:19.059+0000] {logging_mixin.py:190} INFO - [2024-11-06T15:46:19.058+0000] {dagbag.py:587} INFO - Filling up the DagBag from /opt/airflow/dags/cargab3.py
[2024-11-06T15:46:19.137+0000] {processor.py:925} INFO - DAG(s) 'cotahist_etl' retrieved from /opt/airflow/dags/cargab3.py
[2024-11-06T15:46:19.175+0000] {logging_mixin.py:190} INFO - [2024-11-06T15:46:19.175+0000] {dag.py:3211} INFO - Sync 1 DAGs
[2024-11-06T15:46:19.225+0000] {logging_mixin.py:190} INFO - [2024-11-06T15:46:19.224+0000] {dag.py:4138} INFO - Setting next_dagrun for cotahist_etl to 2024-11-06 00:00:00+00:00, run_after=2024-11-07 00:00:00+00:00
[2024-11-06T15:46:19.269+0000] {processor.py:208} INFO - Processing /opt/airflow/dags/cargab3.py took 0.222 seconds
[2024-11-06T15:46:49.907+0000] {processor.py:186} INFO - Started process (PID=4514) to work on /opt/airflow/dags/cargab3.py
[2024-11-06T15:46:49.909+0000] {processor.py:914} INFO - Processing file /opt/airflow/dags/cargab3.py for tasks to queue
[2024-11-06T15:46:49.911+0000] {logging_mixin.py:190} INFO - [2024-11-06T15:46:49.911+0000] {dagbag.py:587} INFO - Filling up the DagBag from /opt/airflow/dags/cargab3.py
[2024-11-06T15:46:49.981+0000] {processor.py:925} INFO - DAG(s) 'cotahist_etl' retrieved from /opt/airflow/dags/cargab3.py
[2024-11-06T15:46:50.006+0000] {logging_mixin.py:190} INFO - [2024-11-06T15:46:50.005+0000] {dag.py:3211} INFO - Sync 1 DAGs
[2024-11-06T15:46:50.035+0000] {logging_mixin.py:190} INFO - [2024-11-06T15:46:50.035+0000] {dag.py:4138} INFO - Setting next_dagrun for cotahist_etl to 2024-11-06 00:00:00+00:00, run_after=2024-11-07 00:00:00+00:00
[2024-11-06T15:46:50.061+0000] {processor.py:208} INFO - Processing /opt/airflow/dags/cargab3.py took 0.161 seconds
[2024-11-06T15:47:20.479+0000] {processor.py:186} INFO - Started process (PID=4577) to work on /opt/airflow/dags/cargab3.py
[2024-11-06T15:47:20.489+0000] {processor.py:914} INFO - Processing file /opt/airflow/dags/cargab3.py for tasks to queue
[2024-11-06T15:47:20.498+0000] {logging_mixin.py:190} INFO - [2024-11-06T15:47:20.494+0000] {dagbag.py:587} INFO - Filling up the DagBag from /opt/airflow/dags/cargab3.py
[2024-11-06T15:47:20.701+0000] {processor.py:925} INFO - DAG(s) 'cotahist_etl' retrieved from /opt/airflow/dags/cargab3.py
[2024-11-06T15:47:55.753+0000] {processor.py:211} ERROR - Got an exception! Propagating...
Traceback (most recent call last):
  File "/home/airflow/.local/lib/python3.12/site-packages/sqlalchemy/engine/base.py", line 3371, in _wrap_pool_connect
    return fn()
           ^^^^
  File "/home/airflow/.local/lib/python3.12/site-packages/sqlalchemy/pool/base.py", line 327, in connect
    return _ConnectionFairy._checkout(self)
           ^^^^^^^^^^^^^^^^^^^^^^^^^^^^^^^^
  File "/home/airflow/.local/lib/python3.12/site-packages/sqlalchemy/pool/base.py", line 894, in _checkout
    fairy = _ConnectionRecord.checkout(pool)
            ^^^^^^^^^^^^^^^^^^^^^^^^^^^^^^^^
  File "/home/airflow/.local/lib/python3.12/site-packages/sqlalchemy/pool/base.py", line 493, in checkout
    rec = pool._do_get()
          ^^^^^^^^^^^^^^
  File "/home/airflow/.local/lib/python3.12/site-packages/sqlalchemy/pool/impl.py", line 145, in _do_get
    with util.safe_reraise():
  File "/home/airflow/.local/lib/python3.12/site-packages/sqlalchemy/util/langhelpers.py", line 70, in __exit__
    compat.raise_(
  File "/home/airflow/.local/lib/python3.12/site-packages/sqlalchemy/util/compat.py", line 211, in raise_
    raise exception
  File "/home/airflow/.local/lib/python3.12/site-packages/sqlalchemy/pool/impl.py", line 143, in _do_get
    return self._create_connection()
           ^^^^^^^^^^^^^^^^^^^^^^^^^
  File "/home/airflow/.local/lib/python3.12/site-packages/sqlalchemy/pool/base.py", line 273, in _create_connection
    return _ConnectionRecord(self)
           ^^^^^^^^^^^^^^^^^^^^^^^
  File "/home/airflow/.local/lib/python3.12/site-packages/sqlalchemy/pool/base.py", line 388, in __init__
    self.__connect()
  File "/home/airflow/.local/lib/python3.12/site-packages/sqlalchemy/pool/base.py", line 690, in __connect
    with util.safe_reraise():
  File "/home/airflow/.local/lib/python3.12/site-packages/sqlalchemy/util/langhelpers.py", line 70, in __exit__
    compat.raise_(
  File "/home/airflow/.local/lib/python3.12/site-packages/sqlalchemy/util/compat.py", line 211, in raise_
    raise exception
  File "/home/airflow/.local/lib/python3.12/site-packages/sqlalchemy/pool/base.py", line 686, in __connect
    self.dbapi_connection = connection = pool._invoke_creator(self)
                                         ^^^^^^^^^^^^^^^^^^^^^^^^^^
  File "/home/airflow/.local/lib/python3.12/site-packages/sqlalchemy/engine/create.py", line 574, in connect
    return dialect.connect(*cargs, **cparams)
           ^^^^^^^^^^^^^^^^^^^^^^^^^^^^^^^^^^
  File "/home/airflow/.local/lib/python3.12/site-packages/sqlalchemy/engine/default.py", line 598, in connect
    return self.dbapi.connect(*cargs, **cparams)
           ^^^^^^^^^^^^^^^^^^^^^^^^^^^^^^^^^^^^^
  File "/home/airflow/.local/lib/python3.12/site-packages/psycopg2/__init__.py", line 122, in connect
    conn = _connect(dsn, connection_factory=connection_factory, **kwasync)
           ^^^^^^^^^^^^^^^^^^^^^^^^^^^^^^^^^^^^^^^^^^^^^^^^^^^^^^^^^^^^^^^
psycopg2.OperationalError: could not translate host name "postgres" to address: Temporary failure in name resolution


The above exception was the direct cause of the following exception:

Traceback (most recent call last):
  File "/home/airflow/.local/lib/python3.12/site-packages/airflow/dag_processing/processor.py", line 207, in _run_file_processor
    _handle_dag_file_processing()
  File "/home/airflow/.local/lib/python3.12/site-packages/airflow/dag_processing/processor.py", line 188, in _handle_dag_file_processing
    result: tuple[int, int, int] = dag_file_processor.process_file(
                                   ^^^^^^^^^^^^^^^^^^^^^^^^^^^^^^^^
  File "/home/airflow/.local/lib/python3.12/site-packages/airflow/utils/session.py", line 97, in wrapper
    return func(*args, session=session, **kwargs)
           ^^^^^^^^^^^^^^^^^^^^^^^^^^^^^^^^^^^^^^
  File "/home/airflow/.local/lib/python3.12/site-packages/airflow/dag_processing/processor.py", line 942, in process_file
    serialize_errors = DagFileProcessor.save_dag_to_db(
                       ^^^^^^^^^^^^^^^^^^^^^^^^^^^^^^^^
  File "/home/airflow/.local/lib/python3.12/site-packages/airflow/api_internal/internal_api_call.py", line 139, in wrapper
    return func(*args, **kwargs)
           ^^^^^^^^^^^^^^^^^^^^^
  File "/home/airflow/.local/lib/python3.12/site-packages/airflow/utils/session.py", line 97, in wrapper
    return func(*args, session=session, **kwargs)
           ^^^^^^^^^^^^^^^^^^^^^^^^^^^^^^^^^^^^^^
  File "/home/airflow/.local/lib/python3.12/site-packages/airflow/dag_processing/processor.py", line 982, in save_dag_to_db
    import_errors = DagBag._sync_to_db(dags=dags, processor_subdir=dag_directory, session=session)
                    ^^^^^^^^^^^^^^^^^^^^^^^^^^^^^^^^^^^^^^^^^^^^^^^^^^^^^^^^^^^^^^^^^^^^^^^^^^^^^^
  File "/home/airflow/.local/lib/python3.12/site-packages/airflow/utils/session.py", line 94, in wrapper
    return func(*args, **kwargs)
           ^^^^^^^^^^^^^^^^^^^^^
  File "/home/airflow/.local/lib/python3.12/site-packages/airflow/models/dagbag.py", line 707, in _sync_to_db
    for attempt in run_with_db_retries(logger=log):
                   ^^^^^^^^^^^^^^^^^^^^^^^^^^^^^^^
  File "/home/airflow/.local/lib/python3.12/site-packages/tenacity/__init__.py", line 443, in __iter__
    do = self.iter(retry_state=retry_state)
         ^^^^^^^^^^^^^^^^^^^^^^^^^^^^^^^^^^
  File "/home/airflow/.local/lib/python3.12/site-packages/tenacity/__init__.py", line 376, in iter
    result = action(retry_state)
             ^^^^^^^^^^^^^^^^^^^
  File "/home/airflow/.local/lib/python3.12/site-packages/tenacity/__init__.py", line 418, in exc_check
    raise retry_exc.reraise()
          ^^^^^^^^^^^^^^^^^^^
  File "/home/airflow/.local/lib/python3.12/site-packages/tenacity/__init__.py", line 185, in reraise
    raise self.last_attempt.result()
          ^^^^^^^^^^^^^^^^^^^^^^^^^^
  File "/usr/local/lib/python3.12/concurrent/futures/_base.py", line 449, in result
    return self.__get_result()
           ^^^^^^^^^^^^^^^^^^^
  File "/usr/local/lib/python3.12/concurrent/futures/_base.py", line 401, in __get_result
    raise self._exception
  File "/home/airflow/.local/lib/python3.12/site-packages/airflow/models/dagbag.py", line 720, in _sync_to_db
    _serialize_dag_capturing_errors(dag, session, processor_subdir)
  File "/home/airflow/.local/lib/python3.12/site-packages/airflow/models/dagbag.py", line 685, in _serialize_dag_capturing_errors
    dag_was_updated = SerializedDagModel.write_dag(
                      ^^^^^^^^^^^^^^^^^^^^^^^^^^^^^
  File "/home/airflow/.local/lib/python3.12/site-packages/airflow/utils/session.py", line 94, in wrapper
    return func(*args, **kwargs)
           ^^^^^^^^^^^^^^^^^^^^^
  File "/home/airflow/.local/lib/python3.12/site-packages/airflow/models/serialized_dag.py", line 160, in write_dag
    if session.scalar(
       ^^^^^^^^^^^^^^^
  File "/home/airflow/.local/lib/python3.12/site-packages/sqlalchemy/orm/session.py", line 1747, in scalar
    return self.execute(
           ^^^^^^^^^^^^^
  File "/home/airflow/.local/lib/python3.12/site-packages/sqlalchemy/orm/session.py", line 1716, in execute
    conn = self._connection_for_bind(bind)
           ^^^^^^^^^^^^^^^^^^^^^^^^^^^^^^^
  File "/home/airflow/.local/lib/python3.12/site-packages/sqlalchemy/orm/session.py", line 1555, in _connection_for_bind
    return self._transaction._connection_for_bind(
           ^^^^^^^^^^^^^^^^^^^^^^^^^^^^^^^^^^^^^^^
  File "/home/airflow/.local/lib/python3.12/site-packages/sqlalchemy/orm/session.py", line 750, in _connection_for_bind
    conn = bind.connect()
           ^^^^^^^^^^^^^^
  File "/home/airflow/.local/lib/python3.12/site-packages/sqlalchemy/future/engine.py", line 412, in connect
    return super(Engine, self).connect()
           ^^^^^^^^^^^^^^^^^^^^^^^^^^^^^
  File "/home/airflow/.local/lib/python3.12/site-packages/sqlalchemy/engine/base.py", line 3325, in connect
    return self._connection_cls(self, close_with_result=close_with_result)
           ^^^^^^^^^^^^^^^^^^^^^^^^^^^^^^^^^^^^^^^^^^^^^^^^^^^^^^^^^^^^^^^
  File "/home/airflow/.local/lib/python3.12/site-packages/sqlalchemy/engine/base.py", line 96, in __init__
    else engine.raw_connection()
         ^^^^^^^^^^^^^^^^^^^^^^^
  File "/home/airflow/.local/lib/python3.12/site-packages/sqlalchemy/engine/base.py", line 3404, in raw_connection
    return self._wrap_pool_connect(self.pool.connect, _connection)
           ^^^^^^^^^^^^^^^^^^^^^^^^^^^^^^^^^^^^^^^^^^^^^^^^^^^^^^^
  File "/home/airflow/.local/lib/python3.12/site-packages/sqlalchemy/engine/base.py", line 3374, in _wrap_pool_connect
    Connection._handle_dbapi_exception_noconnection(
  File "/home/airflow/.local/lib/python3.12/site-packages/sqlalchemy/engine/base.py", line 2208, in _handle_dbapi_exception_noconnection
    util.raise_(
  File "/home/airflow/.local/lib/python3.12/site-packages/sqlalchemy/util/compat.py", line 211, in raise_
    raise exception
  File "/home/airflow/.local/lib/python3.12/site-packages/sqlalchemy/engine/base.py", line 3371, in _wrap_pool_connect
    return fn()
           ^^^^
  File "/home/airflow/.local/lib/python3.12/site-packages/sqlalchemy/pool/base.py", line 327, in connect
    return _ConnectionFairy._checkout(self)
           ^^^^^^^^^^^^^^^^^^^^^^^^^^^^^^^^
  File "/home/airflow/.local/lib/python3.12/site-packages/sqlalchemy/pool/base.py", line 894, in _checkout
    fairy = _ConnectionRecord.checkout(pool)
            ^^^^^^^^^^^^^^^^^^^^^^^^^^^^^^^^
  File "/home/airflow/.local/lib/python3.12/site-packages/sqlalchemy/pool/base.py", line 493, in checkout
    rec = pool._do_get()
          ^^^^^^^^^^^^^^
  File "/home/airflow/.local/lib/python3.12/site-packages/sqlalchemy/pool/impl.py", line 145, in _do_get
    with util.safe_reraise():
  File "/home/airflow/.local/lib/python3.12/site-packages/sqlalchemy/util/langhelpers.py", line 70, in __exit__
    compat.raise_(
  File "/home/airflow/.local/lib/python3.12/site-packages/sqlalchemy/util/compat.py", line 211, in raise_
    raise exception
  File "/home/airflow/.local/lib/python3.12/site-packages/sqlalchemy/pool/impl.py", line 143, in _do_get
    return self._create_connection()
           ^^^^^^^^^^^^^^^^^^^^^^^^^
  File "/home/airflow/.local/lib/python3.12/site-packages/sqlalchemy/pool/base.py", line 273, in _create_connection
    return _ConnectionRecord(self)
           ^^^^^^^^^^^^^^^^^^^^^^^
  File "/home/airflow/.local/lib/python3.12/site-packages/sqlalchemy/pool/base.py", line 388, in __init__
    self.__connect()
  File "/home/airflow/.local/lib/python3.12/site-packages/sqlalchemy/pool/base.py", line 690, in __connect
    with util.safe_reraise():
  File "/home/airflow/.local/lib/python3.12/site-packages/sqlalchemy/util/langhelpers.py", line 70, in __exit__
    compat.raise_(
  File "/home/airflow/.local/lib/python3.12/site-packages/sqlalchemy/util/compat.py", line 211, in raise_
    raise exception
  File "/home/airflow/.local/lib/python3.12/site-packages/sqlalchemy/pool/base.py", line 686, in __connect
    self.dbapi_connection = connection = pool._invoke_creator(self)
                                         ^^^^^^^^^^^^^^^^^^^^^^^^^^
  File "/home/airflow/.local/lib/python3.12/site-packages/sqlalchemy/engine/create.py", line 574, in connect
    return dialect.connect(*cargs, **cparams)
           ^^^^^^^^^^^^^^^^^^^^^^^^^^^^^^^^^^
  File "/home/airflow/.local/lib/python3.12/site-packages/sqlalchemy/engine/default.py", line 598, in connect
    return self.dbapi.connect(*cargs, **cparams)
           ^^^^^^^^^^^^^^^^^^^^^^^^^^^^^^^^^^^^^
  File "/home/airflow/.local/lib/python3.12/site-packages/psycopg2/__init__.py", line 122, in connect
    conn = _connect(dsn, connection_factory=connection_factory, **kwasync)
           ^^^^^^^^^^^^^^^^^^^^^^^^^^^^^^^^^^^^^^^^^^^^^^^^^^^^^^^^^^^^^^^
sqlalchemy.exc.OperationalError: (psycopg2.OperationalError) could not translate host name "postgres" to address: Temporary failure in name resolution

(Background on this error at: https://sqlalche.me/e/14/e3q8)
[2024-11-06T15:48:50.617+0000] {processor.py:186} INFO - Started process (PID=66) to work on /opt/airflow/dags/cargab3.py
[2024-11-06T15:48:50.623+0000] {processor.py:914} INFO - Processing file /opt/airflow/dags/cargab3.py for tasks to queue
[2024-11-06T15:48:50.629+0000] {logging_mixin.py:190} INFO - [2024-11-06T15:48:50.629+0000] {dagbag.py:587} INFO - Filling up the DagBag from /opt/airflow/dags/cargab3.py
[2024-11-06T15:48:50.762+0000] {processor.py:925} INFO - DAG(s) 'cotahist_etl' retrieved from /opt/airflow/dags/cargab3.py
[2024-11-06T15:48:50.805+0000] {logging_mixin.py:190} INFO - [2024-11-06T15:48:50.804+0000] {dag.py:3211} INFO - Sync 1 DAGs
[2024-11-06T15:48:50.863+0000] {logging_mixin.py:190} INFO - [2024-11-06T15:48:50.862+0000] {dag.py:4138} INFO - Setting next_dagrun for cotahist_etl to 2024-11-06 00:00:00+00:00, run_after=2024-11-07 00:00:00+00:00
[2024-11-06T15:48:50.906+0000] {processor.py:208} INFO - Processing /opt/airflow/dags/cargab3.py took 0.296 seconds
[2024-11-06T15:53:51.079+0000] {processor.py:186} INFO - Started process (PID=688) to work on /opt/airflow/dags/cargab3.py
[2024-11-06T15:53:51.082+0000] {processor.py:914} INFO - Processing file /opt/airflow/dags/cargab3.py for tasks to queue
[2024-11-06T15:53:51.085+0000] {logging_mixin.py:190} INFO - [2024-11-06T15:53:51.084+0000] {dagbag.py:587} INFO - Filling up the DagBag from /opt/airflow/dags/cargab3.py
[2024-11-06T15:53:51.294+0000] {processor.py:925} INFO - DAG(s) 'cotahist_etl' retrieved from /opt/airflow/dags/cargab3.py
[2024-11-06T15:53:51.435+0000] {logging_mixin.py:190} INFO - [2024-11-06T15:53:51.434+0000] {dag.py:3211} INFO - Sync 1 DAGs
[2024-11-06T15:53:51.465+0000] {logging_mixin.py:190} INFO - [2024-11-06T15:53:51.465+0000] {dag.py:4138} INFO - Setting next_dagrun for cotahist_etl to 2024-11-06 00:00:00+00:00, run_after=2024-11-07 00:00:00+00:00
[2024-11-06T15:53:51.510+0000] {processor.py:208} INFO - Processing /opt/airflow/dags/cargab3.py took 0.443 seconds
[2024-11-06T15:53:55.169+0000] {processor.py:186} INFO - Started process (PID=689) to work on /opt/airflow/dags/cargab3.py
[2024-11-06T15:53:55.171+0000] {processor.py:914} INFO - Processing file /opt/airflow/dags/cargab3.py for tasks to queue
[2024-11-06T15:53:55.173+0000] {logging_mixin.py:190} INFO - [2024-11-06T15:53:55.173+0000] {dagbag.py:587} INFO - Filling up the DagBag from /opt/airflow/dags/cargab3.py
[2024-11-06T15:53:55.298+0000] {processor.py:925} INFO - DAG(s) 'cotahist_etl' retrieved from /opt/airflow/dags/cargab3.py
[2024-11-06T15:53:55.323+0000] {logging_mixin.py:190} INFO - [2024-11-06T15:53:55.323+0000] {dag.py:3211} INFO - Sync 1 DAGs
[2024-11-06T15:53:55.365+0000] {logging_mixin.py:190} INFO - [2024-11-06T15:53:55.364+0000] {dag.py:4138} INFO - Setting next_dagrun for cotahist_etl to 2024-11-06 00:00:00+00:00, run_after=2024-11-07 00:00:00+00:00
[2024-11-06T15:53:55.409+0000] {processor.py:208} INFO - Processing /opt/airflow/dags/cargab3.py took 0.248 seconds
[2024-11-06T15:54:26.316+0000] {processor.py:186} INFO - Started process (PID=752) to work on /opt/airflow/dags/cargab3.py
[2024-11-06T15:54:26.318+0000] {processor.py:914} INFO - Processing file /opt/airflow/dags/cargab3.py for tasks to queue
[2024-11-06T15:54:26.319+0000] {logging_mixin.py:190} INFO - [2024-11-06T15:54:26.319+0000] {dagbag.py:587} INFO - Filling up the DagBag from /opt/airflow/dags/cargab3.py
[2024-11-06T15:54:26.382+0000] {processor.py:925} INFO - DAG(s) 'cotahist_etl' retrieved from /opt/airflow/dags/cargab3.py
[2024-11-06T15:54:26.418+0000] {logging_mixin.py:190} INFO - [2024-11-06T15:54:26.418+0000] {dag.py:3211} INFO - Sync 1 DAGs
[2024-11-06T15:54:26.459+0000] {logging_mixin.py:190} INFO - [2024-11-06T15:54:26.458+0000] {dag.py:4138} INFO - Setting next_dagrun for cotahist_etl to 2024-11-06 00:00:00+00:00, run_after=2024-11-07 00:00:00+00:00
[2024-11-06T15:54:26.489+0000] {processor.py:208} INFO - Processing /opt/airflow/dags/cargab3.py took 0.180 seconds
[2024-11-06T15:54:57.064+0000] {processor.py:186} INFO - Started process (PID=815) to work on /opt/airflow/dags/cargab3.py
[2024-11-06T15:54:57.066+0000] {processor.py:914} INFO - Processing file /opt/airflow/dags/cargab3.py for tasks to queue
[2024-11-06T15:54:57.069+0000] {logging_mixin.py:190} INFO - [2024-11-06T15:54:57.069+0000] {dagbag.py:587} INFO - Filling up the DagBag from /opt/airflow/dags/cargab3.py
[2024-11-06T15:54:57.133+0000] {processor.py:925} INFO - DAG(s) 'cotahist_etl' retrieved from /opt/airflow/dags/cargab3.py
[2024-11-06T15:54:57.157+0000] {logging_mixin.py:190} INFO - [2024-11-06T15:54:57.157+0000] {dag.py:3211} INFO - Sync 1 DAGs
[2024-11-06T15:54:57.186+0000] {logging_mixin.py:190} INFO - [2024-11-06T15:54:57.186+0000] {dag.py:4138} INFO - Setting next_dagrun for cotahist_etl to 2024-11-06 00:00:00+00:00, run_after=2024-11-07 00:00:00+00:00
[2024-11-06T15:54:57.210+0000] {processor.py:208} INFO - Processing /opt/airflow/dags/cargab3.py took 0.156 seconds
[2024-11-06T15:55:27.477+0000] {processor.py:186} INFO - Started process (PID=878) to work on /opt/airflow/dags/cargab3.py
[2024-11-06T15:55:27.479+0000] {processor.py:914} INFO - Processing file /opt/airflow/dags/cargab3.py for tasks to queue
[2024-11-06T15:55:27.481+0000] {logging_mixin.py:190} INFO - [2024-11-06T15:55:27.481+0000] {dagbag.py:587} INFO - Filling up the DagBag from /opt/airflow/dags/cargab3.py
[2024-11-06T15:55:27.552+0000] {processor.py:925} INFO - DAG(s) 'cotahist_etl' retrieved from /opt/airflow/dags/cargab3.py
[2024-11-06T15:55:27.583+0000] {logging_mixin.py:190} INFO - [2024-11-06T15:55:27.582+0000] {dag.py:3211} INFO - Sync 1 DAGs
[2024-11-06T15:55:27.624+0000] {logging_mixin.py:190} INFO - [2024-11-06T15:55:27.623+0000] {dag.py:4138} INFO - Setting next_dagrun for cotahist_etl to 2024-11-06 00:00:00+00:00, run_after=2024-11-07 00:00:00+00:00
[2024-11-06T15:55:27.654+0000] {processor.py:208} INFO - Processing /opt/airflow/dags/cargab3.py took 0.187 seconds
[2024-11-06T15:55:58.541+0000] {processor.py:186} INFO - Started process (PID=941) to work on /opt/airflow/dags/cargab3.py
[2024-11-06T15:55:58.543+0000] {processor.py:914} INFO - Processing file /opt/airflow/dags/cargab3.py for tasks to queue
[2024-11-06T15:55:58.545+0000] {logging_mixin.py:190} INFO - [2024-11-06T15:55:58.545+0000] {dagbag.py:587} INFO - Filling up the DagBag from /opt/airflow/dags/cargab3.py
[2024-11-06T15:55:58.600+0000] {processor.py:925} INFO - DAG(s) 'cotahist_etl' retrieved from /opt/airflow/dags/cargab3.py
[2024-11-06T15:55:58.631+0000] {logging_mixin.py:190} INFO - [2024-11-06T15:55:58.630+0000] {dag.py:3211} INFO - Sync 1 DAGs
[2024-11-06T15:55:58.668+0000] {logging_mixin.py:190} INFO - [2024-11-06T15:55:58.668+0000] {dag.py:4138} INFO - Setting next_dagrun for cotahist_etl to 2024-11-06 00:00:00+00:00, run_after=2024-11-07 00:00:00+00:00
[2024-11-06T15:55:58.701+0000] {processor.py:208} INFO - Processing /opt/airflow/dags/cargab3.py took 0.169 seconds
