[2024-11-05T23:45:56.379+0000] {local_task_job_runner.py:123} INFO - ::group::Pre task execution logs
[2024-11-05T23:45:56.393+0000] {taskinstance.py:2603} INFO - Dependencies all met for dep_context=non-requeueable deps ti=<TaskInstance: cotahist_etl.load_stage manual__2024-11-05T23:39:30.168343+00:00 [queued]>
[2024-11-05T23:45:56.402+0000] {taskinstance.py:2603} INFO - Dependencies all met for dep_context=requeueable deps ti=<TaskInstance: cotahist_etl.load_stage manual__2024-11-05T23:39:30.168343+00:00 [queued]>
[2024-11-05T23:45:56.403+0000] {taskinstance.py:2856} INFO - Starting attempt 1 of 1
[2024-11-05T23:45:56.414+0000] {taskinstance.py:2879} INFO - Executing <Task(PythonOperator): load_stage> on 2024-11-05 23:39:30.168343+00:00
[2024-11-05T23:45:56.424+0000] {warnings.py:112} WARNING - /home/***/.local/lib/python3.12/site-packages/***/task/task_runner/standard_task_runner.py:70: DeprecationWarning: This process (pid=729) is multi-threaded, use of fork() may lead to deadlocks in the child.
  pid = os.fork()

[2024-11-05T23:45:56.425+0000] {standard_task_runner.py:72} INFO - Started process 731 to run task
[2024-11-05T23:45:56.425+0000] {standard_task_runner.py:104} INFO - Running: ['***', 'tasks', 'run', 'cotahist_etl', 'load_stage', 'manual__2024-11-05T23:39:30.168343+00:00', '--job-id', '26', '--raw', '--subdir', 'DAGS_FOLDER/cargab3.py', '--cfg-path', '/tmp/tmpei9yjctd']
[2024-11-05T23:45:56.427+0000] {standard_task_runner.py:105} INFO - Job 26: Subtask load_stage
[2024-11-05T23:45:56.466+0000] {task_command.py:467} INFO - Running <TaskInstance: cotahist_etl.load_stage manual__2024-11-05T23:39:30.168343+00:00 [running]> on host 0e811c25cd9f
[2024-11-05T23:45:56.542+0000] {taskinstance.py:3122} INFO - Exporting env vars: AIRFLOW_CTX_DAG_OWNER='***' AIRFLOW_CTX_DAG_ID='cotahist_etl' AIRFLOW_CTX_TASK_ID='load_stage' AIRFLOW_CTX_EXECUTION_DATE='2024-11-05T23:39:30.168343+00:00' AIRFLOW_CTX_TRY_NUMBER='1' AIRFLOW_CTX_DAG_RUN_ID='manual__2024-11-05T23:39:30.168343+00:00'
[2024-11-05T23:45:56.543+0000] {logging_mixin.py:190} INFO - Task instance is in running state
[2024-11-05T23:45:56.544+0000] {logging_mixin.py:190} INFO -  Previous state of the Task instance: queued
[2024-11-05T23:45:56.545+0000] {logging_mixin.py:190} INFO - Current task name:load_stage state:running start_date:2024-11-05 23:45:56.394438+00:00
[2024-11-05T23:45:56.545+0000] {logging_mixin.py:190} INFO - Dag name:cotahist_etl and current dag run status:running
[2024-11-05T23:45:56.546+0000] {taskinstance.py:731} INFO - ::endgroup::
[2024-11-05T23:45:56.555+0000] {base.py:84} INFO - Retrieving connection 'postgres_default'
[2024-11-05T23:45:56.558+0000] {cargab3.py:71} INFO - Inserindo dados na tabela stage...
[2024-11-05T23:45:56.559+0000] {cargab3.py:129} WARNING - Nenhum dado para inserir na tabela stage.
[2024-11-05T23:45:56.560+0000] {python.py:240} INFO - Done. Returned value was: None
[2024-11-05T23:45:56.569+0000] {taskinstance.py:340} INFO - ::group::Post task execution logs
[2024-11-05T23:45:56.569+0000] {taskinstance.py:352} INFO - Marking task as SUCCESS. dag_id=cotahist_etl, task_id=load_stage, run_id=manual__2024-11-05T23:39:30.168343+00:00, execution_date=20241105T233930, start_date=20241105T234556, end_date=20241105T234556
[2024-11-05T23:45:56.577+0000] {logging_mixin.py:190} INFO - Task instance in success state
[2024-11-05T23:45:56.578+0000] {logging_mixin.py:190} INFO -  Previous state of the Task instance: running
[2024-11-05T23:45:56.579+0000] {logging_mixin.py:190} INFO - Dag name:cotahist_etl queued_at:2024-11-05 23:39:30.206157+00:00
[2024-11-05T23:45:56.579+0000] {logging_mixin.py:190} INFO - Task hostname:0e811c25cd9f operator:PythonOperator
[2024-11-05T23:45:56.601+0000] {local_task_job_runner.py:261} INFO - Task exited with return code 0
[2024-11-05T23:45:56.614+0000] {taskinstance.py:3891} INFO - 0 downstream tasks scheduled from follow-on schedule check
[2024-11-05T23:45:56.617+0000] {local_task_job_runner.py:240} INFO - ::endgroup::
